<?xml version="1.0" encoding="UTF-8"?>
<testsuite xmlns:xsi="http://www.w3.org/2001/XMLSchema-instance" xsi:noNamespaceSchemaLocation="https://maven.apache.org/surefire/maven-surefire-plugin/xsd/surefire-test-report-3.0.xsd" version="3.0" name="com.scoring.backend.controller.MatchLineupConfigIntegrationTest" time="1.167" tests="4" errors="0" skipped="0" failures="0">
  <properties>
[...]
</properties>
  <testcase name="saveLineupConfig_shouldRejectLiberoInsideStartingSix" classname="com.scoring.backend.controller.MatchLineupConfigIntegrationTest" time="0.095">
    <system-out><![CDATA[
  .   ____          _            __ _ _
 /\\ / ___'_ __ _ _(_)_ __  __ _ \ \ \ \
( ( )\___ | '_ | '_| | '_ \/ _` | \ \ \ \
 \\/  ___)| |_)| | | | | || (_| |  ) ) ) )
  '  |____| .__|_| |_|_| |_\__, | / / / /
 =========|_|==============|___/=/_/_/_/

 :: Spring Boot ::                (v3.3.5)

2026-06-10 20:57:07.756 INFO  [main] com.scoring.backend.controller.MatchLineupConfigIntegrationTest - Starting MatchLineupConfigIntegrationTest using Java 23.0.2 with PID 13700 (started by lijin in D:\LJY\grade2\Scoring\backend)
2026-06-10 20:57:07.757 INFO  [main] com.scoring.backend.controller.MatchLineupConfigIntegrationTest - No active profile set, falling back to 1 default profile: "default"
Logging initialized using 'class org.apache.ibatis.logging.stdout.StdOutImpl' adapter.
Get /10.4.117.181 network interface 
Get network interface info: name:wireless_32768 (Intel(R) Wi-Fi 6E AX211 160MHz)
Initialization Sequence datacenterId:27 workerId:16
 _ _   |_  _ _|_. ___ _ |    _ 
| | |\/|_)(_| | |_\  |_)||_|_\ 
     /               |         
                        3.5.7 
2026-06-10 20:57:08.210 INFO  [main] com.zaxxer.hikari.HikariDataSource - HikariPool-2 - Starting...
2026-06-10 20:57:08.214 INFO  [main] com.zaxxer.hikari.pool.HikariPool - HikariPool-2 - Added connection conn10: url=jdbc:h2:mem:volleyball_lineup_config_test user=SA
2026-06-10 20:57:08.215 INFO  [main] com.zaxxer.hikari.HikariDataSource - HikariPool-2 - Start completed.
2026-06-10 20:57:08.571 INFO  [main] org.springframework.boot.test.mock.web.SpringBootMockServletContext - Initializing Spring TestDispatcherServlet ''
2026-06-10 20:57:08.571 INFO  [main] org.springframework.test.web.servlet.TestDispatcherServlet - Initializing Servlet ''
2026-06-10 20:57:08.572 INFO  [main] org.springframework.test.web.servlet.TestDispatcherServlet - Completed initialization in 0 ms
2026-06-10 20:57:08.581 INFO  [main] com.scoring.backend.controller.MatchLineupConfigIntegrationTest - Started MatchLineupConfigIntegrationTest in 0.86 seconds (process running for 8.151)
Creating a new SqlSession
SqlSession [org.apache.ibatis.session.defaults.DefaultSqlSession@39179470] was not registered for synchronization because synchronization is not active
JDBC Connection [HikariProxyConnection@1055932985 wrapping conn10: url=jdbc:h2:mem:volleyball_lineup_config_test user=SA] will not be managed by Spring
==>  Preparing: DELETE FROM match_lineup_config
==> Parameters: 
<==    Updates: 0
Closing non transactional SqlSession [org.apache.ibatis.session.defaults.DefaultSqlSession@39179470]
Creating a new SqlSession
SqlSession [org.apache.ibatis.session.defaults.DefaultSqlSession@2468c0e4] was not registered for synchronization because synchronization is not active
JDBC Connection [HikariProxyConnection@77173924 wrapping conn10: url=jdbc:h2:mem:volleyball_lineup_config_test user=SA] will not be managed by Spring
==>  Preparing: DELETE FROM match_record
==> Parameters: 
<==    Updates: 0
Closing non transactional SqlSession [org.apache.ibatis.session.defaults.DefaultSqlSession@2468c0e4]
Creating a new SqlSession
SqlSession [org.apache.ibatis.session.defaults.DefaultSqlSession@1a82453] was not registered for synchronization because synchronization is not active
JDBC Connection [HikariProxyConnection@1039486933 wrapping conn10: url=jdbc:h2:mem:volleyball_lineup_config_test user=SA] will not be managed by Spring
==>  Preparing: DELETE FROM tournament_team_member
==> Parameters: 
<==    Updates: 0
Closing non transactional SqlSession [org.apache.ibatis.session.defaults.DefaultSqlSession@1a82453]
Creating a new SqlSession
SqlSession [org.apache.ibatis.session.defaults.DefaultSqlSession@5ff8d76f] was not registered for synchronization because synchronization is not active
JDBC Connection [HikariProxyConnection@395068544 wrapping conn10: url=jdbc:h2:mem:volleyball_lineup_config_test user=SA] will not be managed by Spring
==>  Preparing: DELETE FROM player
==> Parameters: 
<==    Updates: 0
Closing non transactional SqlSession [org.apache.ibatis.session.defaults.DefaultSqlSession@5ff8d76f]
Creating a new SqlSession
SqlSession [org.apache.ibatis.session.defaults.DefaultSqlSession@5746609e] was not registered for synchronization because synchronization is not active
JDBC Connection [HikariProxyConnection@1088034372 wrapping conn10: url=jdbc:h2:mem:volleyball_lineup_config_test user=SA] will not be managed by Spring
==>  Preparing: DELETE FROM tournament
==> Parameters: 
<==    Updates: 0
Closing non transactional SqlSession [org.apache.ibatis.session.defaults.DefaultSqlSession@5746609e]
Creating a new SqlSession
SqlSession [org.apache.ibatis.session.defaults.DefaultSqlSession@5980e29f] was not registered for synchronization because synchronization is not active
JDBC Connection [HikariProxyConnection@752686443 wrapping conn10: url=jdbc:h2:mem:volleyball_lineup_config_test user=SA] will not be managed by Spring
==>  Preparing: INSERT INTO tournament ( id, name, location, status, sport_type, tournament_type, current_stage, knockout_generated, best_of, games_to_win, points_to_win, enable_deuce, cap_point, creator_user_id, favorite_count, create_time, update_time ) VALUES ( ?, ?, ?, ?, ?, ?, ?, ?, ?, ?, ?, ?, ?, ?, ?, ?, ? )
==> Parameters: t-1(String), test(String), court(String), 1(Integer), 1(Integer), 0(Integer), 1(Integer), true(Boolean), 3(Integer), 2(Integer), 25(Integer), true(Boolean), 99(Integer), user-1(String), 0(Integer), 2026-06-10T20:57:08.594920200(LocalDateTime), 2026-06-10T20:57:08.594920200(LocalDateTime)
<==    Updates: 1
Closing non transactional SqlSession [org.apache.ibatis.session.defaults.DefaultSqlSession@5980e29f]
Creating a new SqlSession
SqlSession [org.apache.ibatis.session.defaults.DefaultSqlSession@487bc2fe] was not registered for synchronization because synchronization is not active
JDBC Connection [HikariProxyConnection@1476625795 wrapping conn10: url=jdbc:h2:mem:volleyball_lineup_config_test user=SA] will not be managed by Spring
==>  Preparing: INSERT INTO player ( id, tournament_id, name, create_time ) VALUES ( ?, ?, ?, ? )
==> Parameters: p-left(String), t-1(String), Left Team(String), 2026-06-10T20:57:08.596920600(LocalDateTime)
<==    Updates: 1
Closing non transactional SqlSession [org.apache.ibatis.session.defaults.DefaultSqlSession@487bc2fe]
Creating a new SqlSession
SqlSession [org.apache.ibatis.session.defaults.DefaultSqlSession@6491006] was not registered for synchronization because synchronization is not active
JDBC Connection [HikariProxyConnection@1123757033 wrapping conn10: url=jdbc:h2:mem:volleyball_lineup_config_test user=SA] will not be managed by Spring
==>  Preparing: INSERT INTO player ( id, tournament_id, name, create_time ) VALUES ( ?, ?, ?, ? )
==> Parameters: p-right(String), t-1(String), Right Team(String), 2026-06-10T20:57:08.597922(LocalDateTime)
<==    Updates: 1
Closing non transactional SqlSession [org.apache.ibatis.session.defaults.DefaultSqlSession@6491006]
Creating a new SqlSession
SqlSession [org.apache.ibatis.session.defaults.DefaultSqlSession@54816d7a] was not registered for synchronization because synchronization is not active
JDBC Connection [HikariProxyConnection@275432948 wrapping conn10: url=jdbc:h2:mem:volleyball_lineup_config_test user=SA] will not be managed by Spring
==>  Preparing: INSERT INTO tournament_team_member ( id, tournament_id, participant_id, name, jersey_number, is_libero, is_captain, display_order, create_time ) VALUES ( ?, ?, ?, ?, ?, ?, ?, ?, ? )
==> Parameters: l1(String), t-1(String), p-left(String), L1(String), 1(Integer), false(Boolean), true(Boolean), 1(Integer), 2026-06-10T20:57:08.602924900(LocalDateTime)
<==    Updates: 1
Closing non transactional SqlSession [org.apache.ibatis.session.defaults.DefaultSqlSession@54816d7a]
Creating a new SqlSession
SqlSession [org.apache.ibatis.session.defaults.DefaultSqlSession@5eed2edf] was not registered for synchronization because synchronization is not active
JDBC Connection [HikariProxyConnection@1163059848 wrapping conn10: url=jdbc:h2:mem:volleyball_lineup_config_test user=SA] will not be managed by Spring
==>  Preparing: INSERT INTO tournament_team_member ( id, tournament_id, participant_id, name, jersey_number, is_libero, is_captain, display_order, create_time ) VALUES ( ?, ?, ?, ?, ?, ?, ?, ?, ? )
==> Parameters: r1(String), t-1(String), p-right(String), R1(String), 1(Integer), false(Boolean), true(Boolean), 1(Integer), 2026-06-10T20:57:08.605923900(LocalDateTime)
<==    Updates: 1
Closing non transactional SqlSession [org.apache.ibatis.session.defaults.DefaultSqlSession@5eed2edf]
Creating a new SqlSession
SqlSession [org.apache.ibatis.session.defaults.DefaultSqlSession@1a67bde5] was not registered for synchronization because synchronization is not active
JDBC Connection [HikariProxyConnection@1550093880 wrapping conn10: url=jdbc:h2:mem:volleyball_lineup_config_test user=SA] will not be managed by Spring
==>  Preparing: INSERT INTO tournament_team_member ( id, tournament_id, participant_id, name, jersey_number, is_libero, is_captain, display_order, create_time ) VALUES ( ?, ?, ?, ?, ?, ?, ?, ?, ? )
==> Parameters: l2(String), t-1(String), p-left(String), L2(String), 2(Integer), false(Boolean), false(Boolean), 2(Integer), 2026-06-10T20:57:08.606920500(LocalDateTime)
<==    Updates: 1
Closing non transactional SqlSession [org.apache.ibatis.session.defaults.DefaultSqlSession@1a67bde5]
Creating a new SqlSession
SqlSession [org.apache.ibatis.session.defaults.DefaultSqlSession@6bc8d8bd] was not registered for synchronization because synchronization is not active
JDBC Connection [HikariProxyConnection@962339310 wrapping conn10: url=jdbc:h2:mem:volleyball_lineup_config_test user=SA] will not be managed by Spring
==>  Preparing: INSERT INTO tournament_team_member ( id, tournament_id, participant_id, name, jersey_number, is_libero, is_captain, display_order, create_time ) VALUES ( ?, ?, ?, ?, ?, ?, ?, ?, ? )
==> Parameters: r2(String), t-1(String), p-right(String), R2(String), 2(Integer), false(Boolean), false(Boolean), 2(Integer), 2026-06-10T20:57:08.608922600(LocalDateTime)
<==    Updates: 1
Closing non transactional SqlSession [org.apache.ibatis.session.defaults.DefaultSqlSession@6bc8d8bd]
Creating a new SqlSession
SqlSession [org.apache.ibatis.session.defaults.DefaultSqlSession@1e733bb5] was not registered for synchronization because synchronization is not active
JDBC Connection [HikariProxyConnection@1721660173 wrapping conn10: url=jdbc:h2:mem:volleyball_lineup_config_test user=SA] will not be managed by Spring
==>  Preparing: INSERT INTO tournament_team_member ( id, tournament_id, participant_id, name, jersey_number, is_libero, is_captain, display_order, create_time ) VALUES ( ?, ?, ?, ?, ?, ?, ?, ?, ? )
==> Parameters: l3(String), t-1(String), p-left(String), L3(String), 3(Integer), false(Boolean), false(Boolean), 3(Integer), 2026-06-10T20:57:08.609888300(LocalDateTime)
<==    Updates: 1
Closing non transactional SqlSession [org.apache.ibatis.session.defaults.DefaultSqlSession@1e733bb5]
Creating a new SqlSession
SqlSession [org.apache.ibatis.session.defaults.DefaultSqlSession@4b3e4253] was not registered for synchronization because synchronization is not active
JDBC Connection [HikariProxyConnection@330652043 wrapping conn10: url=jdbc:h2:mem:volleyball_lineup_config_test user=SA] will not be managed by Spring
==>  Preparing: INSERT INTO tournament_team_member ( id, tournament_id, participant_id, name, jersey_number, is_libero, is_captain, display_order, create_time ) VALUES ( ?, ?, ?, ?, ?, ?, ?, ?, ? )
==> Parameters: r3(String), t-1(String), p-right(String), R3(String), 3(Integer), false(Boolean), false(Boolean), 3(Integer), 2026-06-10T20:57:08.610895(LocalDateTime)
<==    Updates: 1
Closing non transactional SqlSession [org.apache.ibatis.session.defaults.DefaultSqlSession@4b3e4253]
Creating a new SqlSession
SqlSession [org.apache.ibatis.session.defaults.DefaultSqlSession@141c66db] was not registered for synchronization because synchronization is not active
JDBC Connection [HikariProxyConnection@26179918 wrapping conn10: url=jdbc:h2:mem:volleyball_lineup_config_test user=SA] will not be managed by Spring
==>  Preparing: INSERT INTO tournament_team_member ( id, tournament_id, participant_id, name, jersey_number, is_libero, is_captain, display_order, create_time ) VALUES ( ?, ?, ?, ?, ?, ?, ?, ?, ? )
==> Parameters: l4(String), t-1(String), p-left(String), L4(String), 4(Integer), false(Boolean), false(Boolean), 4(Integer), 2026-06-10T20:57:08.611898200(LocalDateTime)
<==    Updates: 1
Closing non transactional SqlSession [org.apache.ibatis.session.defaults.DefaultSqlSession@141c66db]
Creating a new SqlSession
SqlSession [org.apache.ibatis.session.defaults.DefaultSqlSession@389a9ff6] was not registered for synchronization because synchronization is not active
JDBC Connection [HikariProxyConnection@22737007 wrapping conn10: url=jdbc:h2:mem:volleyball_lineup_config_test user=SA] will not be managed by Spring
==>  Preparing: INSERT INTO tournament_team_member ( id, tournament_id, participant_id, name, jersey_number, is_libero, is_captain, display_order, create_time ) VALUES ( ?, ?, ?, ?, ?, ?, ?, ?, ? )
==> Parameters: r4(String), t-1(String), p-right(String), R4(String), 4(Integer), false(Boolean), false(Boolean), 4(Integer), 2026-06-10T20:57:08.612898400(LocalDateTime)
<==    Updates: 1
Closing non transactional SqlSession [org.apache.ibatis.session.defaults.DefaultSqlSession@389a9ff6]
Creating a new SqlSession
SqlSession [org.apache.ibatis.session.defaults.DefaultSqlSession@76876421] was not registered for synchronization because synchronization is not active
JDBC Connection [HikariProxyConnection@205010614 wrapping conn10: url=jdbc:h2:mem:volleyball_lineup_config_test user=SA] will not be managed by Spring
==>  Preparing: INSERT INTO tournament_team_member ( id, tournament_id, participant_id, name, jersey_number, is_libero, is_captain, display_order, create_time ) VALUES ( ?, ?, ?, ?, ?, ?, ?, ?, ? )
==> Parameters: l5(String), t-1(String), p-left(String), L5(String), 5(Integer), false(Boolean), false(Boolean), 5(Integer), 2026-06-10T20:57:08.613899300(LocalDateTime)
<==    Updates: 1
Closing non transactional SqlSession [org.apache.ibatis.session.defaults.DefaultSqlSession@76876421]
Creating a new SqlSession
SqlSession [org.apache.ibatis.session.defaults.DefaultSqlSession@60317de8] was not registered for synchronization because synchronization is not active
JDBC Connection [HikariProxyConnection@910041097 wrapping conn10: url=jdbc:h2:mem:volleyball_lineup_config_test user=SA] will not be managed by Spring
==>  Preparing: INSERT INTO tournament_team_member ( id, tournament_id, participant_id, name, jersey_number, is_libero, is_captain, display_order, create_time ) VALUES ( ?, ?, ?, ?, ?, ?, ?, ?, ? )
==> Parameters: r5(String), t-1(String), p-right(String), R5(String), 5(Integer), false(Boolean), false(Boolean), 5(Integer), 2026-06-10T20:57:08.614896700(LocalDateTime)
<==    Updates: 1
Closing non transactional SqlSession [org.apache.ibatis.session.defaults.DefaultSqlSession@60317de8]
Creating a new SqlSession
SqlSession [org.apache.ibatis.session.defaults.DefaultSqlSession@7b55fc83] was not registered for synchronization because synchronization is not active
JDBC Connection [HikariProxyConnection@907409625 wrapping conn10: url=jdbc:h2:mem:volleyball_lineup_config_test user=SA] will not be managed by Spring
==>  Preparing: INSERT INTO tournament_team_member ( id, tournament_id, participant_id, name, jersey_number, is_libero, is_captain, display_order, create_time ) VALUES ( ?, ?, ?, ?, ?, ?, ?, ?, ? )
==> Parameters: l6(String), t-1(String), p-left(String), L6(String), 6(Integer), false(Boolean), false(Boolean), 6(Integer), 2026-06-10T20:57:08.615898900(LocalDateTime)
<==    Updates: 1
Closing non transactional SqlSession [org.apache.ibatis.session.defaults.DefaultSqlSession@7b55fc83]
Creating a new SqlSession
SqlSession [org.apache.ibatis.session.defaults.DefaultSqlSession@5d200dce] was not registered for synchronization because synchronization is not active
JDBC Connection [HikariProxyConnection@442060811 wrapping conn10: url=jdbc:h2:mem:volleyball_lineup_config_test user=SA] will not be managed by Spring
==>  Preparing: INSERT INTO tournament_team_member ( id, tournament_id, participant_id, name, jersey_number, is_libero, is_captain, display_order, create_time ) VALUES ( ?, ?, ?, ?, ?, ?, ?, ?, ? )
==> Parameters: r6(String), t-1(String), p-right(String), R6(String), 6(Integer), false(Boolean), false(Boolean), 6(Integer), 2026-06-10T20:57:08.617405100(LocalDateTime)
<==    Updates: 1
Closing non transactional SqlSession [org.apache.ibatis.session.defaults.DefaultSqlSession@5d200dce]
Creating a new SqlSession
SqlSession [org.apache.ibatis.session.defaults.DefaultSqlSession@57f6fc09] was not registered for synchronization because synchronization is not active
JDBC Connection [HikariProxyConnection@182834500 wrapping conn10: url=jdbc:h2:mem:volleyball_lineup_config_test user=SA] will not be managed by Spring
==>  Preparing: INSERT INTO tournament_team_member ( id, tournament_id, participant_id, name, jersey_number, is_libero, is_captain, display_order, create_time ) VALUES ( ?, ?, ?, ?, ?, ?, ?, ?, ? )
==> Parameters: l7(String), t-1(String), p-left(String), L7(String), 7(Integer), false(Boolean), false(Boolean), 7(Integer), 2026-06-10T20:57:08.619416100(LocalDateTime)
<==    Updates: 1
Closing non transactional SqlSession [org.apache.ibatis.session.defaults.DefaultSqlSession@57f6fc09]
Creating a new SqlSession
SqlSession [org.apache.ibatis.session.defaults.DefaultSqlSession@5aec151b] was not registered for synchronization because synchronization is not active
JDBC Connection [HikariProxyConnection@1959734623 wrapping conn10: url=jdbc:h2:mem:volleyball_lineup_config_test user=SA] will not be managed by Spring
==>  Preparing: INSERT INTO tournament_team_member ( id, tournament_id, participant_id, name, jersey_number, is_libero, is_captain, display_order, create_time ) VALUES ( ?, ?, ?, ?, ?, ?, ?, ?, ? )
==> Parameters: r7(String), t-1(String), p-right(String), R7(String), 7(Integer), false(Boolean), false(Boolean), 7(Integer), 2026-06-10T20:57:08.621414300(LocalDateTime)
<==    Updates: 1
Closing non transactional SqlSession [org.apache.ibatis.session.defaults.DefaultSqlSession@5aec151b]
Creating a new SqlSession
SqlSession [org.apache.ibatis.session.defaults.DefaultSqlSession@14b9817b] was not registered for synchronization because synchronization is not active
JDBC Connection [HikariProxyConnection@810695005 wrapping conn10: url=jdbc:h2:mem:volleyball_lineup_config_test user=SA] will not be managed by Spring
==>  Preparing: INSERT INTO tournament_team_member ( id, tournament_id, participant_id, name, jersey_number, is_libero, is_captain, display_order, create_time ) VALUES ( ?, ?, ?, ?, ?, ?, ?, ?, ? )
==> Parameters: l8(String), t-1(String), p-left(String), L8(String), 8(Integer), false(Boolean), false(Boolean), 8(Integer), 2026-06-10T20:57:08.622412500(LocalDateTime)
<==    Updates: 1
Closing non transactional SqlSession [org.apache.ibatis.session.defaults.DefaultSqlSession@14b9817b]
Creating a new SqlSession
SqlSession [org.apache.ibatis.session.defaults.DefaultSqlSession@a2ca681] was not registered for synchronization because synchronization is not active
JDBC Connection [HikariProxyConnection@126142286 wrapping conn10: url=jdbc:h2:mem:volleyball_lineup_config_test user=SA] will not be managed by Spring
==>  Preparing: INSERT INTO tournament_team_member ( id, tournament_id, participant_id, name, jersey_number, is_libero, is_captain, display_order, create_time ) VALUES ( ?, ?, ?, ?, ?, ?, ?, ?, ? )
==> Parameters: r8(String), t-1(String), p-right(String), R8(String), 8(Integer), false(Boolean), false(Boolean), 8(Integer), 2026-06-10T20:57:08.623414500(LocalDateTime)
<==    Updates: 1
Closing non transactional SqlSession [org.apache.ibatis.session.defaults.DefaultSqlSession@a2ca681]
Creating a new SqlSession
SqlSession [org.apache.ibatis.session.defaults.DefaultSqlSession@5fee3c9c] was not registered for synchronization because synchronization is not active
JDBC Connection [HikariProxyConnection@2119663341 wrapping conn10: url=jdbc:h2:mem:volleyball_lineup_config_test user=SA] will not be managed by Spring
==>  Preparing: INSERT INTO match_record ( id, tournament_id, round_num, match_index, stage_type, left_player_id, right_player_id, status ) VALUES ( ?, ?, ?, ?, ?, ?, ?, ? )
==> Parameters: m-1(String), t-1(String), 1(Integer), 1(Integer), 1(Integer), p-left(String), p-right(String), 1(Integer)
<==    Updates: 1
Closing non transactional SqlSession [org.apache.ibatis.session.defaults.DefaultSqlSession@5fee3c9c]
Creating a new SqlSession
SqlSession [org.apache.ibatis.session.defaults.DefaultSqlSession@4cf1bd4a] was not registered for synchronization because synchronization is not active
JDBC Connection [HikariProxyConnection@40245733 wrapping conn10: url=jdbc:h2:mem:volleyball_lineup_config_test user=SA] will not be managed by Spring
==>  Preparing: SELECT id,openid,nickname,avatar_url,profile_completed,create_time,update_time FROM app_user WHERE id=?
==> Parameters: 2060587136674361346(String)
<==      Total: 0
Closing non transactional SqlSession [org.apache.ibatis.session.defaults.DefaultSqlSession@4cf1bd4a]
Creating a new SqlSession
SqlSession [org.apache.ibatis.session.defaults.DefaultSqlSession@445f6aa7] was not registered for synchronization because synchronization is not active
JDBC Connection [HikariProxyConnection@1782724863 wrapping conn10: url=jdbc:h2:mem:volleyball_lineup_config_test user=SA] will not be managed by Spring
==>  Preparing: SELECT id,openid,nickname,avatar_url,profile_completed,create_time,update_time FROM app_user WHERE (openid = ?)
==> Parameters: dev_mock_web_debug(String)
<==      Total: 0
Closing non transactional SqlSession [org.apache.ibatis.session.defaults.DefaultSqlSession@445f6aa7]
Creating a new SqlSession
SqlSession [org.apache.ibatis.session.defaults.DefaultSqlSession@2b98c310] was not registered for synchronization because synchronization is not active
JDBC Connection [HikariProxyConnection@428035767 wrapping conn10: url=jdbc:h2:mem:volleyball_lineup_config_test user=SA] will not be managed by Spring
==>  Preparing: INSERT INTO app_user ( id, openid, nickname, avatar_url, profile_completed, create_time, update_time ) VALUES ( ?, ?, ?, ?, ?, ?, ? )
==> Parameters: 2064693346554019841(String), dev_mock_web_debug(String), Dev调试(String), https://mmbiz.qpic.cn/mmbiz/icTdbqWNOwNRna42FI242Lcia07jQodd2FJGIYQfG0LAJGFxM4FbnQP6yfMxBgJ0F3YRqJCJ1aPAK2dQagdusBZg/0(String), true(Boolean), 2026-06-10T20:57:08.632414800(LocalDateTime), 2026-06-10T20:57:08.632414800(LocalDateTime)
<==    Updates: 1
Closing non transactional SqlSession [org.apache.ibatis.session.defaults.DefaultSqlSession@2b98c310]
Creating a new SqlSession
Registering transaction synchronization for SqlSession [org.apache.ibatis.session.defaults.DefaultSqlSession@55849272]
JDBC Connection [HikariProxyConnection@1376696824 wrapping conn10: url=jdbc:h2:mem:volleyball_lineup_config_test user=SA] will be managed by Spring
==>  Preparing: SELECT id,tournament_id,round_num,match_index,stage_type,group_no,left_player_id,right_player_id,score_display,winner_id,left_game_wins,right_game_wins,game_scores,status,next_match_id,next_match_slot,retired_side FROM match_record WHERE id=?
==> Parameters: m-1(String)
<==    Columns: id, tournament_id, round_num, match_index, stage_type, group_no, left_player_id, right_player_id, score_display, winner_id, left_game_wins, right_game_wins, game_scores, status, next_match_id, next_match_slot, retired_side
<==        Row: m-1, t-1, 1, 1, 1, null, p-left, p-right, null, null, null, null, <<BLOB>>, 1, null, null, null
<==      Total: 1
Releasing transactional SqlSession [org.apache.ibatis.session.defaults.DefaultSqlSession@55849272]
Fetched SqlSession [org.apache.ibatis.session.defaults.DefaultSqlSession@55849272] from current transaction
==>  Preparing: SELECT id,name,location,status,sport_type,tournament_type,group_size,knockout_slots,qualifiers_per_group,current_stage,knockout_generated,best_of,games_to_win,points_to_win,enable_deuce,cap_point,creator_user_id,favorite_count,create_time,update_time FROM tournament WHERE id=?
==> Parameters: t-1(String)
<==    Columns: id, name, location, status, sport_type, tournament_type, group_size, knockout_slots, qualifiers_per_group, current_stage, knockout_generated, best_of, games_to_win, points_to_win, enable_deuce, cap_point, creator_user_id, favorite_count, create_time, update_time
<==        Row: t-1, test, court, 1, 1, 0, null, null, null, 1, TRUE, 3, 2, 25, TRUE, 99, user-1, 0, 2026-06-10 20:57:08.59492, 2026-06-10 20:57:08.59492
<==      Total: 1
Releasing transactional SqlSession [org.apache.ibatis.session.defaults.DefaultSqlSession@55849272]
Fetched SqlSession [org.apache.ibatis.session.defaults.DefaultSqlSession@55849272] from current transaction
==>  Preparing: SELECT id,match_id,game_no,left_court_json,right_court_json,left_middle_pair_indexes_json,right_middle_pair_indexes_json,left_libero1_id,left_libero2_id,right_libero1_id,right_libero2_id,serve_side,create_time,update_time FROM match_lineup_config WHERE (match_id = ?) ORDER BY game_no DESC
==> Parameters: m-1(String)
<==      Total: 0
Releasing transactional SqlSession [org.apache.ibatis.session.defaults.DefaultSqlSession@55849272]
Fetched SqlSession [org.apache.ibatis.session.defaults.DefaultSqlSession@55849272] from current transaction
==>  Preparing: SELECT id,tournament_id,participant_id,name,jersey_number,is_libero AS libero,is_captain AS captain,display_order,create_time FROM tournament_team_member WHERE (tournament_id = ? AND participant_id IN (?,?))
==> Parameters: t-1(String), p-left(String), p-right(String)
<==    Columns: id, tournament_id, participant_id, name, jersey_number, libero, captain, display_order, create_time
<==        Row: l1, t-1, p-left, L1, 1, FALSE, TRUE, 1, 2026-06-10 20:57:08.602925
<==        Row: r1, t-1, p-right, R1, 1, FALSE, TRUE, 1, 2026-06-10 20:57:08.605924
<==        Row: l2, t-1, p-left, L2, 2, FALSE, FALSE, 2, 2026-06-10 20:57:08.606921
<==        Row: r2, t-1, p-right, R2, 2, FALSE, FALSE, 2, 2026-06-10 20:57:08.608923
<==        Row: l3, t-1, p-left, L3, 3, FALSE, FALSE, 3, 2026-06-10 20:57:08.609888
<==        Row: r3, t-1, p-right, R3, 3, FALSE, FALSE, 3, 2026-06-10 20:57:08.610895
<==        Row: l4, t-1, p-left, L4, 4, FALSE, FALSE, 4, 2026-06-10 20:57:08.611898
<==        Row: r4, t-1, p-right, R4, 4, FALSE, FALSE, 4, 2026-06-10 20:57:08.612898
<==        Row: l5, t-1, p-left, L5, 5, FALSE, FALSE, 5, 2026-06-10 20:57:08.613899
<==        Row: r5, t-1, p-right, R5, 5, FALSE, FALSE, 5, 2026-06-10 20:57:08.614897
<==        Row: l6, t-1, p-left, L6, 6, FALSE, FALSE, 6, 2026-06-10 20:57:08.615899
<==        Row: r6, t-1, p-right, R6, 6, FALSE, FALSE, 6, 2026-06-10 20:57:08.617405
<==        Row: l7, t-1, p-left, L7, 7, FALSE, FALSE, 7, 2026-06-10 20:57:08.619416
<==        Row: r7, t-1, p-right, R7, 7, FALSE, FALSE, 7, 2026-06-10 20:57:08.621414
<==        Row: l8, t-1, p-left, L8, 8, FALSE, FALSE, 8, 2026-06-10 20:57:08.622413
<==        Row: r8, t-1, p-right, R8, 8, FALSE, FALSE, 8, 2026-06-10 20:57:08.623415
<==      Total: 16
Releasing transactional SqlSession [org.apache.ibatis.session.defaults.DefaultSqlSession@55849272]
Transaction synchronization deregistering SqlSession [org.apache.ibatis.session.defaults.DefaultSqlSession@55849272]
Transaction synchronization closing SqlSession [org.apache.ibatis.session.defaults.DefaultSqlSession@55849272]
2026-06-10 20:57:08.668 INFO  [main] com.scoring.backend.common.RequestLoggingFilter - request_done method=PUT path=/api/v1/matches/m-1/lineup-config status=200 costMs=34 clientIp=127.0.0.1
]]></system-out>
  </testcase>
  <testcase name="saveGameOne_shouldCreateAndAllowOverwrite" classname="com.scoring.backend.controller.MatchLineupConfigIntegrationTest" time="0.074">
    <system-out><![CDATA[Creating a new SqlSession
SqlSession [org.apache.ibatis.session.defaults.DefaultSqlSession@48dc9950] was not registered for synchronization because synchronization is not active
JDBC Connection [HikariProxyConnection@1131634336 wrapping conn10: url=jdbc:h2:mem:volleyball_lineup_config_test user=SA] will not be managed by Spring
==>  Preparing: DELETE FROM match_lineup_config
==> Parameters: 
<==    Updates: 0
Closing non transactional SqlSession [org.apache.ibatis.session.defaults.DefaultSqlSession@48dc9950]
Creating a new SqlSession
SqlSession [org.apache.ibatis.session.defaults.DefaultSqlSession@535aa7c7] was not registered for synchronization because synchronization is not active
JDBC Connection [HikariProxyConnection@1468498423 wrapping conn10: url=jdbc:h2:mem:volleyball_lineup_config_test user=SA] will not be managed by Spring
==>  Preparing: DELETE FROM match_record
==> Parameters: 
<==    Updates: 1
Closing non transactional SqlSession [org.apache.ibatis.session.defaults.DefaultSqlSession@535aa7c7]
Creating a new SqlSession
SqlSession [org.apache.ibatis.session.defaults.DefaultSqlSession@7bbd944e] was not registered for synchronization because synchronization is not active
JDBC Connection [HikariProxyConnection@585257927 wrapping conn10: url=jdbc:h2:mem:volleyball_lineup_config_test user=SA] will not be managed by Spring
==>  Preparing: DELETE FROM tournament_team_member
==> Parameters: 
<==    Updates: 16
Closing non transactional SqlSession [org.apache.ibatis.session.defaults.DefaultSqlSession@7bbd944e]
Creating a new SqlSession
SqlSession [org.apache.ibatis.session.defaults.DefaultSqlSession@2480acc3] was not registered for synchronization because synchronization is not active
JDBC Connection [HikariProxyConnection@1340283293 wrapping conn10: url=jdbc:h2:mem:volleyball_lineup_config_test user=SA] will not be managed by Spring
==>  Preparing: DELETE FROM player
==> Parameters: 
<==    Updates: 2
Closing non transactional SqlSession [org.apache.ibatis.session.defaults.DefaultSqlSession@2480acc3]
Creating a new SqlSession
SqlSession [org.apache.ibatis.session.defaults.DefaultSqlSession@58ebfbcb] was not registered for synchronization because synchronization is not active
JDBC Connection [HikariProxyConnection@1755838330 wrapping conn10: url=jdbc:h2:mem:volleyball_lineup_config_test user=SA] will not be managed by Spring
==>  Preparing: DELETE FROM tournament
==> Parameters: 
<==    Updates: 1
Closing non transactional SqlSession [org.apache.ibatis.session.defaults.DefaultSqlSession@58ebfbcb]
Creating a new SqlSession
SqlSession [org.apache.ibatis.session.defaults.DefaultSqlSession@4960b819] was not registered for synchronization because synchronization is not active
JDBC Connection [HikariProxyConnection@513310553 wrapping conn10: url=jdbc:h2:mem:volleyball_lineup_config_test user=SA] will not be managed by Spring
==>  Preparing: INSERT INTO tournament ( id, name, location, status, sport_type, tournament_type, current_stage, knockout_generated, best_of, games_to_win, points_to_win, enable_deuce, cap_point, creator_user_id, favorite_count, create_time, update_time ) VALUES ( ?, ?, ?, ?, ?, ?, ?, ?, ?, ?, ?, ?, ?, ?, ?, ?, ? )
==> Parameters: t-1(String), test(String), court(String), 1(Integer), 1(Integer), 0(Integer), 1(Integer), true(Boolean), 3(Integer), 2(Integer), 25(Integer), true(Boolean), 99(Integer), user-1(String), 0(Integer), 2026-06-10T20:57:08.694936500(LocalDateTime), 2026-06-10T20:57:08.694936500(LocalDateTime)
<==    Updates: 1
Closing non transactional SqlSession [org.apache.ibatis.session.defaults.DefaultSqlSession@4960b819]
Creating a new SqlSession
SqlSession [org.apache.ibatis.session.defaults.DefaultSqlSession@192aeae2] was not registered for synchronization because synchronization is not active
JDBC Connection [HikariProxyConnection@1323418266 wrapping conn10: url=jdbc:h2:mem:volleyball_lineup_config_test user=SA] will not be managed by Spring
==>  Preparing: INSERT INTO player ( id, tournament_id, name, create_time ) VALUES ( ?, ?, ?, ? )
==> Parameters: p-left(String), t-1(String), Left Team(String), 2026-06-10T20:57:08.696933900(LocalDateTime)
<==    Updates: 1
Closing non transactional SqlSession [org.apache.ibatis.session.defaults.DefaultSqlSession@192aeae2]
Creating a new SqlSession
SqlSession [org.apache.ibatis.session.defaults.DefaultSqlSession@28d1b2f] was not registered for synchronization because synchronization is not active
JDBC Connection [HikariProxyConnection@1597169296 wrapping conn10: url=jdbc:h2:mem:volleyball_lineup_config_test user=SA] will not be managed by Spring
==>  Preparing: INSERT INTO player ( id, tournament_id, name, create_time ) VALUES ( ?, ?, ?, ? )
==> Parameters: p-right(String), t-1(String), Right Team(String), 2026-06-10T20:57:08.697934(LocalDateTime)
<==    Updates: 1
Closing non transactional SqlSession [org.apache.ibatis.session.defaults.DefaultSqlSession@28d1b2f]
Creating a new SqlSession
SqlSession [org.apache.ibatis.session.defaults.DefaultSqlSession@1181526e] was not registered for synchronization because synchronization is not active
JDBC Connection [HikariProxyConnection@1362405334 wrapping conn10: url=jdbc:h2:mem:volleyball_lineup_config_test user=SA] will not be managed by Spring
==>  Preparing: INSERT INTO tournament_team_member ( id, tournament_id, participant_id, name, jersey_number, is_libero, is_captain, display_order, create_time ) VALUES ( ?, ?, ?, ?, ?, ?, ?, ?, ? )
==> Parameters: l1(String), t-1(String), p-left(String), L1(String), 1(Integer), false(Boolean), true(Boolean), 1(Integer), 2026-06-10T20:57:08.698934100(LocalDateTime)
<==    Updates: 1
Closing non transactional SqlSession [org.apache.ibatis.session.defaults.DefaultSqlSession@1181526e]
Creating a new SqlSession
SqlSession [org.apache.ibatis.session.defaults.DefaultSqlSession@3b8a8abc] was not registered for synchronization because synchronization is not active
JDBC Connection [HikariProxyConnection@1921324291 wrapping conn10: url=jdbc:h2:mem:volleyball_lineup_config_test user=SA] will not be managed by Spring
==>  Preparing: INSERT INTO tournament_team_member ( id, tournament_id, participant_id, name, jersey_number, is_libero, is_captain, display_order, create_time ) VALUES ( ?, ?, ?, ?, ?, ?, ?, ?, ? )
==> Parameters: r1(String), t-1(String), p-right(String), R1(String), 1(Integer), false(Boolean), true(Boolean), 1(Integer), 2026-06-10T20:57:08.699936(LocalDateTime)
<==    Updates: 1
Closing non transactional SqlSession [org.apache.ibatis.session.defaults.DefaultSqlSession@3b8a8abc]
Creating a new SqlSession
SqlSession [org.apache.ibatis.session.defaults.DefaultSqlSession@690c3b1f] was not registered for synchronization because synchronization is not active
JDBC Connection [HikariProxyConnection@494021631 wrapping conn10: url=jdbc:h2:mem:volleyball_lineup_config_test user=SA] will not be managed by Spring
==>  Preparing: INSERT INTO tournament_team_member ( id, tournament_id, participant_id, name, jersey_number, is_libero, is_captain, display_order, create_time ) VALUES ( ?, ?, ?, ?, ?, ?, ?, ?, ? )
==> Parameters: l2(String), t-1(String), p-left(String), L2(String), 2(Integer), false(Boolean), false(Boolean), 2(Integer), 2026-06-10T20:57:08.700937900(LocalDateTime)
<==    Updates: 1
Closing non transactional SqlSession [org.apache.ibatis.session.defaults.DefaultSqlSession@690c3b1f]
Creating a new SqlSession
SqlSession [org.apache.ibatis.session.defaults.DefaultSqlSession@72c29d87] was not registered for synchronization because synchronization is not active
JDBC Connection [HikariProxyConnection@674608081 wrapping conn10: url=jdbc:h2:mem:volleyball_lineup_config_test user=SA] will not be managed by Spring
==>  Preparing: INSERT INTO tournament_team_member ( id, tournament_id, participant_id, name, jersey_number, is_libero, is_captain, display_order, create_time ) VALUES ( ?, ?, ?, ?, ?, ?, ?, ?, ? )
==> Parameters: r2(String), t-1(String), p-right(String), R2(String), 2(Integer), false(Boolean), false(Boolean), 2(Integer), 2026-06-10T20:57:08.701934400(LocalDateTime)
<==    Updates: 1
Closing non transactional SqlSession [org.apache.ibatis.session.defaults.DefaultSqlSession@72c29d87]
Creating a new SqlSession
SqlSession [org.apache.ibatis.session.defaults.DefaultSqlSession@20e9b10b] was not registered for synchronization because synchronization is not active
JDBC Connection [HikariProxyConnection@742939450 wrapping conn10: url=jdbc:h2:mem:volleyball_lineup_config_test user=SA] will not be managed by Spring
==>  Preparing: INSERT INTO tournament_team_member ( id, tournament_id, participant_id, name, jersey_number, is_libero, is_captain, display_order, create_time ) VALUES ( ?, ?, ?, ?, ?, ?, ?, ?, ? )
==> Parameters: l3(String), t-1(String), p-left(String), L3(String), 3(Integer), false(Boolean), false(Boolean), 3(Integer), 2026-06-10T20:57:08.702938300(LocalDateTime)
<==    Updates: 1
Closing non transactional SqlSession [org.apache.ibatis.session.defaults.DefaultSqlSession@20e9b10b]
Creating a new SqlSession
SqlSession [org.apache.ibatis.session.defaults.DefaultSqlSession@4a00d591] was not registered for synchronization because synchronization is not active
JDBC Connection [HikariProxyConnection@1336822843 wrapping conn10: url=jdbc:h2:mem:volleyball_lineup_config_test user=SA] will not be managed by Spring
==>  Preparing: INSERT INTO tournament_team_member ( id, tournament_id, participant_id, name, jersey_number, is_libero, is_captain, display_order, create_time ) VALUES ( ?, ?, ?, ?, ?, ?, ?, ?, ? )
==> Parameters: r3(String), t-1(String), p-right(String), R3(String), 3(Integer), false(Boolean), false(Boolean), 3(Integer), 2026-06-10T20:57:08.703936200(LocalDateTime)
<==    Updates: 1
Closing non transactional SqlSession [org.apache.ibatis.session.defaults.DefaultSqlSession@4a00d591]
Creating a new SqlSession
SqlSession [org.apache.ibatis.session.defaults.DefaultSqlSession@2222cd2c] was not registered for synchronization because synchronization is not active
JDBC Connection [HikariProxyConnection@1289602009 wrapping conn10: url=jdbc:h2:mem:volleyball_lineup_config_test user=SA] will not be managed by Spring
==>  Preparing: INSERT INTO tournament_team_member ( id, tournament_id, participant_id, name, jersey_number, is_libero, is_captain, display_order, create_time ) VALUES ( ?, ?, ?, ?, ?, ?, ?, ?, ? )
==> Parameters: l4(String), t-1(String), p-left(String), L4(String), 4(Integer), false(Boolean), false(Boolean), 4(Integer), 2026-06-10T20:57:08.704935700(LocalDateTime)
<==    Updates: 1
Closing non transactional SqlSession [org.apache.ibatis.session.defaults.DefaultSqlSession@2222cd2c]
Creating a new SqlSession
SqlSession [org.apache.ibatis.session.defaults.DefaultSqlSession@3d2b8e] was not registered for synchronization because synchronization is not active
JDBC Connection [HikariProxyConnection@1037000742 wrapping conn10: url=jdbc:h2:mem:volleyball_lineup_config_test user=SA] will not be managed by Spring
==>  Preparing: INSERT INTO tournament_team_member ( id, tournament_id, participant_id, name, jersey_number, is_libero, is_captain, display_order, create_time ) VALUES ( ?, ?, ?, ?, ?, ?, ?, ?, ? )
==> Parameters: r4(String), t-1(String), p-right(String), R4(String), 4(Integer), false(Boolean), false(Boolean), 4(Integer), 2026-06-10T20:57:08.705934200(LocalDateTime)
<==    Updates: 1
Closing non transactional SqlSession [org.apache.ibatis.session.defaults.DefaultSqlSession@3d2b8e]
Creating a new SqlSession
SqlSession [org.apache.ibatis.session.defaults.DefaultSqlSession@930911e] was not registered for synchronization because synchronization is not active
JDBC Connection [HikariProxyConnection@735140074 wrapping conn10: url=jdbc:h2:mem:volleyball_lineup_config_test user=SA] will not be managed by Spring
==>  Preparing: INSERT INTO tournament_team_member ( id, tournament_id, participant_id, name, jersey_number, is_libero, is_captain, display_order, create_time ) VALUES ( ?, ?, ?, ?, ?, ?, ?, ?, ? )
==> Parameters: l5(String), t-1(String), p-left(String), L5(String), 5(Integer), false(Boolean), false(Boolean), 5(Integer), 2026-06-10T20:57:08.706934600(LocalDateTime)
<==    Updates: 1
Closing non transactional SqlSession [org.apache.ibatis.session.defaults.DefaultSqlSession@930911e]
Creating a new SqlSession
SqlSession [org.apache.ibatis.session.defaults.DefaultSqlSession@42d96745] was not registered for synchronization because synchronization is not active
JDBC Connection [HikariProxyConnection@80867688 wrapping conn10: url=jdbc:h2:mem:volleyball_lineup_config_test user=SA] will not be managed by Spring
==>  Preparing: INSERT INTO tournament_team_member ( id, tournament_id, participant_id, name, jersey_number, is_libero, is_captain, display_order, create_time ) VALUES ( ?, ?, ?, ?, ?, ?, ?, ?, ? )
==> Parameters: r5(String), t-1(String), p-right(String), R5(String), 5(Integer), false(Boolean), false(Boolean), 5(Integer), 2026-06-10T20:57:08.706934600(LocalDateTime)
<==    Updates: 1
Closing non transactional SqlSession [org.apache.ibatis.session.defaults.DefaultSqlSession@42d96745]
Creating a new SqlSession
SqlSession [org.apache.ibatis.session.defaults.DefaultSqlSession@9e4388d] was not registered for synchronization because synchronization is not active
JDBC Connection [HikariProxyConnection@676538195 wrapping conn10: url=jdbc:h2:mem:volleyball_lineup_config_test user=SA] will not be managed by Spring
==>  Preparing: INSERT INTO tournament_team_member ( id, tournament_id, participant_id, name, jersey_number, is_libero, is_captain, display_order, create_time ) VALUES ( ?, ?, ?, ?, ?, ?, ?, ?, ? )
==> Parameters: l6(String), t-1(String), p-left(String), L6(String), 6(Integer), false(Boolean), false(Boolean), 6(Integer), 2026-06-10T20:57:08.707934300(LocalDateTime)
<==    Updates: 1
Closing non transactional SqlSession [org.apache.ibatis.session.defaults.DefaultSqlSession@9e4388d]
Creating a new SqlSession
SqlSession [org.apache.ibatis.session.defaults.DefaultSqlSession@21399e53] was not registered for synchronization because synchronization is not active
JDBC Connection [HikariProxyConnection@711487917 wrapping conn10: url=jdbc:h2:mem:volleyball_lineup_config_test user=SA] will not be managed by Spring
==>  Preparing: INSERT INTO tournament_team_member ( id, tournament_id, participant_id, name, jersey_number, is_libero, is_captain, display_order, create_time ) VALUES ( ?, ?, ?, ?, ?, ?, ?, ?, ? )
==> Parameters: r6(String), t-1(String), p-right(String), R6(String), 6(Integer), false(Boolean), false(Boolean), 6(Integer), 2026-06-10T20:57:08.708937500(LocalDateTime)
<==    Updates: 1
Closing non transactional SqlSession [org.apache.ibatis.session.defaults.DefaultSqlSession@21399e53]
Creating a new SqlSession
SqlSession [org.apache.ibatis.session.defaults.DefaultSqlSession@260043d] was not registered for synchronization because synchronization is not active
JDBC Connection [HikariProxyConnection@859361949 wrapping conn10: url=jdbc:h2:mem:volleyball_lineup_config_test user=SA] will not be managed by Spring
==>  Preparing: INSERT INTO tournament_team_member ( id, tournament_id, participant_id, name, jersey_number, is_libero, is_captain, display_order, create_time ) VALUES ( ?, ?, ?, ?, ?, ?, ?, ?, ? )
==> Parameters: l7(String), t-1(String), p-left(String), L7(String), 7(Integer), false(Boolean), false(Boolean), 7(Integer), 2026-06-10T20:57:08.709938500(LocalDateTime)
<==    Updates: 1
Closing non transactional SqlSession [org.apache.ibatis.session.defaults.DefaultSqlSession@260043d]
Creating a new SqlSession
SqlSession [org.apache.ibatis.session.defaults.DefaultSqlSession@3792fed8] was not registered for synchronization because synchronization is not active
JDBC Connection [HikariProxyConnection@902907387 wrapping conn10: url=jdbc:h2:mem:volleyball_lineup_config_test user=SA] will not be managed by Spring
==>  Preparing: INSERT INTO tournament_team_member ( id, tournament_id, participant_id, name, jersey_number, is_libero, is_captain, display_order, create_time ) VALUES ( ?, ?, ?, ?, ?, ?, ?, ?, ? )
==> Parameters: r7(String), t-1(String), p-right(String), R7(String), 7(Integer), false(Boolean), false(Boolean), 7(Integer), 2026-06-10T20:57:08.710938100(LocalDateTime)
<==    Updates: 1
Closing non transactional SqlSession [org.apache.ibatis.session.defaults.DefaultSqlSession@3792fed8]
Creating a new SqlSession
SqlSession [org.apache.ibatis.session.defaults.DefaultSqlSession@4088c5e6] was not registered for synchronization because synchronization is not active
JDBC Connection [HikariProxyConnection@1853194041 wrapping conn10: url=jdbc:h2:mem:volleyball_lineup_config_test user=SA] will not be managed by Spring
==>  Preparing: INSERT INTO tournament_team_member ( id, tournament_id, participant_id, name, jersey_number, is_libero, is_captain, display_order, create_time ) VALUES ( ?, ?, ?, ?, ?, ?, ?, ?, ? )
==> Parameters: l8(String), t-1(String), p-left(String), L8(String), 8(Integer), false(Boolean), false(Boolean), 8(Integer), 2026-06-10T20:57:08.711937300(LocalDateTime)
<==    Updates: 1
Closing non transactional SqlSession [org.apache.ibatis.session.defaults.DefaultSqlSession@4088c5e6]
Creating a new SqlSession
SqlSession [org.apache.ibatis.session.defaults.DefaultSqlSession@4e312811] was not registered for synchronization because synchronization is not active
JDBC Connection [HikariProxyConnection@1911571121 wrapping conn10: url=jdbc:h2:mem:volleyball_lineup_config_test user=SA] will not be managed by Spring
==>  Preparing: INSERT INTO tournament_team_member ( id, tournament_id, participant_id, name, jersey_number, is_libero, is_captain, display_order, create_time ) VALUES ( ?, ?, ?, ?, ?, ?, ?, ?, ? )
==> Parameters: r8(String), t-1(String), p-right(String), R8(String), 8(Integer), false(Boolean), false(Boolean), 8(Integer), 2026-06-10T20:57:08.711937300(LocalDateTime)
<==    Updates: 1
Closing non transactional SqlSession [org.apache.ibatis.session.defaults.DefaultSqlSession@4e312811]
Creating a new SqlSession
SqlSession [org.apache.ibatis.session.defaults.DefaultSqlSession@77511e9c] was not registered for synchronization because synchronization is not active
JDBC Connection [HikariProxyConnection@840444920 wrapping conn10: url=jdbc:h2:mem:volleyball_lineup_config_test user=SA] will not be managed by Spring
==>  Preparing: INSERT INTO match_record ( id, tournament_id, round_num, match_index, stage_type, left_player_id, right_player_id, status ) VALUES ( ?, ?, ?, ?, ?, ?, ?, ? )
==> Parameters: m-1(String), t-1(String), 1(Integer), 1(Integer), 1(Integer), p-left(String), p-right(String), 1(Integer)
<==    Updates: 1
Closing non transactional SqlSession [org.apache.ibatis.session.defaults.DefaultSqlSession@77511e9c]
Creating a new SqlSession
Registering transaction synchronization for SqlSession [org.apache.ibatis.session.defaults.DefaultSqlSession@75aeec0a]
JDBC Connection [HikariProxyConnection@2044888689 wrapping conn10: url=jdbc:h2:mem:volleyball_lineup_config_test user=SA] will be managed by Spring
==>  Preparing: SELECT id,tournament_id,round_num,match_index,stage_type,group_no,left_player_id,right_player_id,score_display,winner_id,left_game_wins,right_game_wins,game_scores,status,next_match_id,next_match_slot,retired_side FROM match_record WHERE id=?
==> Parameters: m-1(String)
<==    Columns: id, tournament_id, round_num, match_index, stage_type, group_no, left_player_id, right_player_id, score_display, winner_id, left_game_wins, right_game_wins, game_scores, status, next_match_id, next_match_slot, retired_side
<==        Row: m-1, t-1, 1, 1, 1, null, p-left, p-right, null, null, null, null, <<BLOB>>, 1, null, null, null
<==      Total: 1
Releasing transactional SqlSession [org.apache.ibatis.session.defaults.DefaultSqlSession@75aeec0a]
Fetched SqlSession [org.apache.ibatis.session.defaults.DefaultSqlSession@75aeec0a] from current transaction
==>  Preparing: SELECT id,name,location,status,sport_type,tournament_type,group_size,knockout_slots,qualifiers_per_group,current_stage,knockout_generated,best_of,games_to_win,points_to_win,enable_deuce,cap_point,creator_user_id,favorite_count,create_time,update_time FROM tournament WHERE id=?
==> Parameters: t-1(String)
<==    Columns: id, name, location, status, sport_type, tournament_type, group_size, knockout_slots, qualifiers_per_group, current_stage, knockout_generated, best_of, games_to_win, points_to_win, enable_deuce, cap_point, creator_user_id, favorite_count, create_time, update_time
<==        Row: t-1, test, court, 1, 1, 0, null, null, null, 1, TRUE, 3, 2, 25, TRUE, 99, user-1, 0, 2026-06-10 20:57:08.694937, 2026-06-10 20:57:08.694937
<==      Total: 1
Releasing transactional SqlSession [org.apache.ibatis.session.defaults.DefaultSqlSession@75aeec0a]
Fetched SqlSession [org.apache.ibatis.session.defaults.DefaultSqlSession@75aeec0a] from current transaction
==>  Preparing: SELECT id,match_id,game_no,left_court_json,right_court_json,left_middle_pair_indexes_json,right_middle_pair_indexes_json,left_libero1_id,left_libero2_id,right_libero1_id,right_libero2_id,serve_side,create_time,update_time FROM match_lineup_config WHERE (match_id = ?) ORDER BY game_no DESC
==> Parameters: m-1(String)
<==      Total: 0
Releasing transactional SqlSession [org.apache.ibatis.session.defaults.DefaultSqlSession@75aeec0a]
Fetched SqlSession [org.apache.ibatis.session.defaults.DefaultSqlSession@75aeec0a] from current transaction
==>  Preparing: SELECT id,tournament_id,participant_id,name,jersey_number,is_libero AS libero,is_captain AS captain,display_order,create_time FROM tournament_team_member WHERE (tournament_id = ? AND participant_id IN (?,?))
==> Parameters: t-1(String), p-left(String), p-right(String)
<==    Columns: id, tournament_id, participant_id, name, jersey_number, libero, captain, display_order, create_time
<==        Row: l1, t-1, p-left, L1, 1, FALSE, TRUE, 1, 2026-06-10 20:57:08.698934
<==        Row: r1, t-1, p-right, R1, 1, FALSE, TRUE, 1, 2026-06-10 20:57:08.699936
<==        Row: l2, t-1, p-left, L2, 2, FALSE, FALSE, 2, 2026-06-10 20:57:08.700938
<==        Row: r2, t-1, p-right, R2, 2, FALSE, FALSE, 2, 2026-06-10 20:57:08.701934
<==        Row: l3, t-1, p-left, L3, 3, FALSE, FALSE, 3, 2026-06-10 20:57:08.702938
<==        Row: r3, t-1, p-right, R3, 3, FALSE, FALSE, 3, 2026-06-10 20:57:08.703936
<==        Row: l4, t-1, p-left, L4, 4, FALSE, FALSE, 4, 2026-06-10 20:57:08.704936
<==        Row: r4, t-1, p-right, R4, 4, FALSE, FALSE, 4, 2026-06-10 20:57:08.705934
<==        Row: l5, t-1, p-left, L5, 5, FALSE, FALSE, 5, 2026-06-10 20:57:08.706935
<==        Row: r5, t-1, p-right, R5, 5, FALSE, FALSE, 5, 2026-06-10 20:57:08.706935
<==        Row: l6, t-1, p-left, L6, 6, FALSE, FALSE, 6, 2026-06-10 20:57:08.707934
<==        Row: r6, t-1, p-right, R6, 6, FALSE, FALSE, 6, 2026-06-10 20:57:08.708938
<==        Row: l7, t-1, p-left, L7, 7, FALSE, FALSE, 7, 2026-06-10 20:57:08.709939
<==        Row: r7, t-1, p-right, R7, 7, FALSE, FALSE, 7, 2026-06-10 20:57:08.710938
<==        Row: l8, t-1, p-left, L8, 8, FALSE, FALSE, 8, 2026-06-10 20:57:08.711937
<==        Row: r8, t-1, p-right, R8, 8, FALSE, FALSE, 8, 2026-06-10 20:57:08.711937
<==      Total: 16
Releasing transactional SqlSession [org.apache.ibatis.session.defaults.DefaultSqlSession@75aeec0a]
Fetched SqlSession [org.apache.ibatis.session.defaults.DefaultSqlSession@75aeec0a] from current transaction
==>  Preparing: SELECT id,match_id,game_no,left_court_json,right_court_json,left_middle_pair_indexes_json,right_middle_pair_indexes_json,left_libero1_id,left_libero2_id,right_libero1_id,right_libero2_id,serve_side,create_time,update_time FROM match_lineup_config WHERE (match_id = ? AND game_no = ?)
==> Parameters: m-1(String), 1(Integer)
<==      Total: 0
Releasing transactional SqlSession [org.apache.ibatis.session.defaults.DefaultSqlSession@75aeec0a]
Fetched SqlSession [org.apache.ibatis.session.defaults.DefaultSqlSession@75aeec0a] from current transaction
==>  Preparing: INSERT INTO match_lineup_config ( id, match_id, game_no, left_court_json, right_court_json, left_middle_pair_indexes_json, right_middle_pair_indexes_json, left_libero1_id, right_libero1_id, right_libero2_id, serve_side, create_time, update_time ) VALUES ( ?, ?, ?, ?, ?, ?, ?, ?, ?, ?, ?, ?, ? )
==> Parameters: 2064693347007004673(String), m-1(String), 1(Integer), ["l1","l2","l3","l4","l5","l6"](String), ["r1","r2","r3","r4","r5","r6"](String), [1,4](String), [2,3](String), l7(String), r7(String), r8(String), left(String), 2026-06-10T20:57:08.732934700(LocalDateTime), 2026-06-10T20:57:08.732934700(LocalDateTime)
<==    Updates: 1
Releasing transactional SqlSession [org.apache.ibatis.session.defaults.DefaultSqlSession@75aeec0a]
Transaction synchronization committing SqlSession [org.apache.ibatis.session.defaults.DefaultSqlSession@75aeec0a]
Transaction synchronization deregistering SqlSession [org.apache.ibatis.session.defaults.DefaultSqlSession@75aeec0a]
Transaction synchronization closing SqlSession [org.apache.ibatis.session.defaults.DefaultSqlSession@75aeec0a]
2026-06-10 20:57:08.734 INFO  [main] com.scoring.backend.common.RequestLoggingFilter - request_done method=PUT path=/api/v1/matches/m-1/lineup-config status=200 costMs=20 clientIp=127.0.0.1
Creating a new SqlSession
SqlSession [org.apache.ibatis.session.defaults.DefaultSqlSession@4cd079fe] was not registered for synchronization because synchronization is not active
JDBC Connection [HikariProxyConnection@931280002 wrapping conn10: url=jdbc:h2:mem:volleyball_lineup_config_test user=SA] will not be managed by Spring
==>  Preparing: SELECT id,match_id,game_no,left_court_json,right_court_json,left_middle_pair_indexes_json,right_middle_pair_indexes_json,left_libero1_id,left_libero2_id,right_libero1_id,right_libero2_id,serve_side,create_time,update_time FROM match_lineup_config WHERE (match_id = ? AND game_no = ?)
==> Parameters: m-1(String), 1(Integer)
<==    Columns: id, match_id, game_no, left_court_json, right_court_json, left_middle_pair_indexes_json, right_middle_pair_indexes_json, left_libero1_id, left_libero2_id, right_libero1_id, right_libero2_id, serve_side, create_time, update_time
<==        Row: 2064693347007004673, m-1, 1, <<BLOB>>, <<BLOB>>, [1,4], [2,3], l7, null, r7, r8, left, 2026-06-10 20:57:08.732935, 2026-06-10 20:57:08.732935
<==      Total: 1
Closing non transactional SqlSession [org.apache.ibatis.session.defaults.DefaultSqlSession@4cd079fe]
Creating a new SqlSession
Registering transaction synchronization for SqlSession [org.apache.ibatis.session.defaults.DefaultSqlSession@769b1d1c]
JDBC Connection [HikariProxyConnection@1331139970 wrapping conn10: url=jdbc:h2:mem:volleyball_lineup_config_test user=SA] will be managed by Spring
==>  Preparing: SELECT id,tournament_id,round_num,match_index,stage_type,group_no,left_player_id,right_player_id,score_display,winner_id,left_game_wins,right_game_wins,game_scores,status,next_match_id,next_match_slot,retired_side FROM match_record WHERE id=?
==> Parameters: m-1(String)
<==    Columns: id, tournament_id, round_num, match_index, stage_type, group_no, left_player_id, right_player_id, score_display, winner_id, left_game_wins, right_game_wins, game_scores, status, next_match_id, next_match_slot, retired_side
<==        Row: m-1, t-1, 1, 1, 1, null, p-left, p-right, null, null, null, null, <<BLOB>>, 1, null, null, null
<==      Total: 1
Releasing transactional SqlSession [org.apache.ibatis.session.defaults.DefaultSqlSession@769b1d1c]
Fetched SqlSession [org.apache.ibatis.session.defaults.DefaultSqlSession@769b1d1c] from current transaction
==>  Preparing: SELECT id,name,location,status,sport_type,tournament_type,group_size,knockout_slots,qualifiers_per_group,current_stage,knockout_generated,best_of,games_to_win,points_to_win,enable_deuce,cap_point,creator_user_id,favorite_count,create_time,update_time FROM tournament WHERE id=?
==> Parameters: t-1(String)
<==    Columns: id, name, location, status, sport_type, tournament_type, group_size, knockout_slots, qualifiers_per_group, current_stage, knockout_generated, best_of, games_to_win, points_to_win, enable_deuce, cap_point, creator_user_id, favorite_count, create_time, update_time
<==        Row: t-1, test, court, 1, 1, 0, null, null, null, 1, TRUE, 3, 2, 25, TRUE, 99, user-1, 0, 2026-06-10 20:57:08.694937, 2026-06-10 20:57:08.694937
<==      Total: 1
Releasing transactional SqlSession [org.apache.ibatis.session.defaults.DefaultSqlSession@769b1d1c]
Fetched SqlSession [org.apache.ibatis.session.defaults.DefaultSqlSession@769b1d1c] from current transaction
==>  Preparing: SELECT id,match_id,game_no,left_court_json,right_court_json,left_middle_pair_indexes_json,right_middle_pair_indexes_json,left_libero1_id,left_libero2_id,right_libero1_id,right_libero2_id,serve_side,create_time,update_time FROM match_lineup_config WHERE (match_id = ?) ORDER BY game_no DESC
==> Parameters: m-1(String)
<==    Columns: id, match_id, game_no, left_court_json, right_court_json, left_middle_pair_indexes_json, right_middle_pair_indexes_json, left_libero1_id, left_libero2_id, right_libero1_id, right_libero2_id, serve_side, create_time, update_time
<==        Row: 2064693347007004673, m-1, 1, <<BLOB>>, <<BLOB>>, [1,4], [2,3], l7, null, r7, r8, left, 2026-06-10 20:57:08.732935, 2026-06-10 20:57:08.732935
<==      Total: 1
Releasing transactional SqlSession [org.apache.ibatis.session.defaults.DefaultSqlSession@769b1d1c]
Fetched SqlSession [org.apache.ibatis.session.defaults.DefaultSqlSession@769b1d1c] from current transaction
==>  Preparing: SELECT id,tournament_id,participant_id,name,jersey_number,is_libero AS libero,is_captain AS captain,display_order,create_time FROM tournament_team_member WHERE (tournament_id = ? AND participant_id IN (?,?))
==> Parameters: t-1(String), p-left(String), p-right(String)
<==    Columns: id, tournament_id, participant_id, name, jersey_number, libero, captain, display_order, create_time
<==        Row: l1, t-1, p-left, L1, 1, FALSE, TRUE, 1, 2026-06-10 20:57:08.698934
<==        Row: r1, t-1, p-right, R1, 1, FALSE, TRUE, 1, 2026-06-10 20:57:08.699936
<==        Row: l2, t-1, p-left, L2, 2, FALSE, FALSE, 2, 2026-06-10 20:57:08.700938
<==        Row: r2, t-1, p-right, R2, 2, FALSE, FALSE, 2, 2026-06-10 20:57:08.701934
<==        Row: l3, t-1, p-left, L3, 3, FALSE, FALSE, 3, 2026-06-10 20:57:08.702938
<==        Row: r3, t-1, p-right, R3, 3, FALSE, FALSE, 3, 2026-06-10 20:57:08.703936
<==        Row: l4, t-1, p-left, L4, 4, FALSE, FALSE, 4, 2026-06-10 20:57:08.704936
<==        Row: r4, t-1, p-right, R4, 4, FALSE, FALSE, 4, 2026-06-10 20:57:08.705934
<==        Row: l5, t-1, p-left, L5, 5, FALSE, FALSE, 5, 2026-06-10 20:57:08.706935
<==        Row: r5, t-1, p-right, R5, 5, FALSE, FALSE, 5, 2026-06-10 20:57:08.706935
<==        Row: l6, t-1, p-left, L6, 6, FALSE, FALSE, 6, 2026-06-10 20:57:08.707934
<==        Row: r6, t-1, p-right, R6, 6, FALSE, FALSE, 6, 2026-06-10 20:57:08.708938
<==        Row: l7, t-1, p-left, L7, 7, FALSE, FALSE, 7, 2026-06-10 20:57:08.709939
<==        Row: r7, t-1, p-right, R7, 7, FALSE, FALSE, 7, 2026-06-10 20:57:08.710938
<==        Row: l8, t-1, p-left, L8, 8, FALSE, FALSE, 8, 2026-06-10 20:57:08.711937
<==        Row: r8, t-1, p-right, R8, 8, FALSE, FALSE, 8, 2026-06-10 20:57:08.711937
<==      Total: 16
Releasing transactional SqlSession [org.apache.ibatis.session.defaults.DefaultSqlSession@769b1d1c]
Fetched SqlSession [org.apache.ibatis.session.defaults.DefaultSqlSession@769b1d1c] from current transaction
==>  Preparing: SELECT id,match_id,game_no,left_court_json,right_court_json,left_middle_pair_indexes_json,right_middle_pair_indexes_json,left_libero1_id,left_libero2_id,right_libero1_id,right_libero2_id,serve_side,create_time,update_time FROM match_lineup_config WHERE (match_id = ? AND game_no = ?)
==> Parameters: m-1(String), 1(Integer)
<==    Columns: id, match_id, game_no, left_court_json, right_court_json, left_middle_pair_indexes_json, right_middle_pair_indexes_json, left_libero1_id, left_libero2_id, right_libero1_id, right_libero2_id, serve_side, create_time, update_time
<==        Row: 2064693347007004673, m-1, 1, <<BLOB>>, <<BLOB>>, [1,4], [2,3], l7, null, r7, r8, left, 2026-06-10 20:57:08.732935, 2026-06-10 20:57:08.732935
<==      Total: 1
Releasing transactional SqlSession [org.apache.ibatis.session.defaults.DefaultSqlSession@769b1d1c]
Fetched SqlSession [org.apache.ibatis.session.defaults.DefaultSqlSession@769b1d1c] from current transaction
==>  Preparing: UPDATE match_lineup_config SET match_id=?, game_no=?, left_court_json=?, right_court_json=?, left_middle_pair_indexes_json=?, right_middle_pair_indexes_json=?, serve_side=?, create_time=?, update_time=? WHERE id=?
==> Parameters: m-1(String), 1(Integer), ["l6","l5","l4","l3","l2","l1"](String), ["r6","r5","r4","r3","r2","r1"](String), [](String), [](String), right(String), 2026-06-10T20:57:08.732935(LocalDateTime), 2026-06-10T20:57:08.732935(LocalDateTime), 2064693347007004673(String)
<==    Updates: 1
Releasing transactional SqlSession [org.apache.ibatis.session.defaults.DefaultSqlSession@769b1d1c]
Transaction synchronization committing SqlSession [org.apache.ibatis.session.defaults.DefaultSqlSession@769b1d1c]
Transaction synchronization deregistering SqlSession [org.apache.ibatis.session.defaults.DefaultSqlSession@769b1d1c]
Transaction synchronization closing SqlSession [org.apache.ibatis.session.defaults.DefaultSqlSession@769b1d1c]
2026-06-10 20:57:08.754 INFO  [main] com.scoring.backend.common.RequestLoggingFilter - request_done method=PUT path=/api/v1/matches/m-1/lineup-config status=200 costMs=16 clientIp=127.0.0.1
Creating a new SqlSession
SqlSession [org.apache.ibatis.session.defaults.DefaultSqlSession@27caa186] was not registered for synchronization because synchronization is not active
JDBC Connection [HikariProxyConnection@1858051117 wrapping conn10: url=jdbc:h2:mem:volleyball_lineup_config_test user=SA] will not be managed by Spring
==>  Preparing: SELECT id,match_id,game_no,left_court_json,right_court_json,left_middle_pair_indexes_json,right_middle_pair_indexes_json,left_libero1_id,left_libero2_id,right_libero1_id,right_libero2_id,serve_side,create_time,update_time FROM match_lineup_config WHERE (match_id = ? AND game_no = ?)
==> Parameters: m-1(String), 1(Integer)
<==    Columns: id, match_id, game_no, left_court_json, right_court_json, left_middle_pair_indexes_json, right_middle_pair_indexes_json, left_libero1_id, left_libero2_id, right_libero1_id, right_libero2_id, serve_side, create_time, update_time
<==        Row: 2064693347007004673, m-1, 1, <<BLOB>>, <<BLOB>>, [], [], l7, null, r7, r8, right, 2026-06-10 20:57:08.732935, 2026-06-10 20:57:08.732935
<==      Total: 1
Closing non transactional SqlSession [org.apache.ibatis.session.defaults.DefaultSqlSession@27caa186]
]]></system-out>
  </testcase>
  <testcase name="getGameTwoWithoutOwnConfig_shouldInheritGameOneAndFlipServeSide" classname="com.scoring.backend.controller.MatchLineupConfigIntegrationTest" time="0.057">
    <system-out><![CDATA[Creating a new SqlSession
SqlSession [org.apache.ibatis.session.defaults.DefaultSqlSession@753c7411] was not registered for synchronization because synchronization is not active
JDBC Connection [HikariProxyConnection@1000347057 wrapping conn10: url=jdbc:h2:mem:volleyball_lineup_config_test user=SA] will not be managed by Spring
==>  Preparing: DELETE FROM match_lineup_config
==> Parameters: 
<==    Updates: 1
Closing non transactional SqlSession [org.apache.ibatis.session.defaults.DefaultSqlSession@753c7411]
Creating a new SqlSession
SqlSession [org.apache.ibatis.session.defaults.DefaultSqlSession@499445d2] was not registered for synchronization because synchronization is not active
JDBC Connection [HikariProxyConnection@1532556857 wrapping conn10: url=jdbc:h2:mem:volleyball_lineup_config_test user=SA] will not be managed by Spring
==>  Preparing: DELETE FROM match_record
==> Parameters: 
<==    Updates: 1
Closing non transactional SqlSession [org.apache.ibatis.session.defaults.DefaultSqlSession@499445d2]
Creating a new SqlSession
SqlSession [org.apache.ibatis.session.defaults.DefaultSqlSession@4d529dbf] was not registered for synchronization because synchronization is not active
JDBC Connection [HikariProxyConnection@1986270265 wrapping conn10: url=jdbc:h2:mem:volleyball_lineup_config_test user=SA] will not be managed by Spring
==>  Preparing: DELETE FROM tournament_team_member
==> Parameters: 
<==    Updates: 16
Closing non transactional SqlSession [org.apache.ibatis.session.defaults.DefaultSqlSession@4d529dbf]
Creating a new SqlSession
SqlSession [org.apache.ibatis.session.defaults.DefaultSqlSession@1db565f2] was not registered for synchronization because synchronization is not active
JDBC Connection [HikariProxyConnection@29401411 wrapping conn10: url=jdbc:h2:mem:volleyball_lineup_config_test user=SA] will not be managed by Spring
==>  Preparing: DELETE FROM player
==> Parameters: 
<==    Updates: 2
Closing non transactional SqlSession [org.apache.ibatis.session.defaults.DefaultSqlSession@1db565f2]
Creating a new SqlSession
SqlSession [org.apache.ibatis.session.defaults.DefaultSqlSession@58267ba1] was not registered for synchronization because synchronization is not active
JDBC Connection [HikariProxyConnection@238381376 wrapping conn10: url=jdbc:h2:mem:volleyball_lineup_config_test user=SA] will not be managed by Spring
==>  Preparing: DELETE FROM tournament
==> Parameters: 
<==    Updates: 1
Closing non transactional SqlSession [org.apache.ibatis.session.defaults.DefaultSqlSession@58267ba1]
Creating a new SqlSession
SqlSession [org.apache.ibatis.session.defaults.DefaultSqlSession@38991781] was not registered for synchronization because synchronization is not active
JDBC Connection [HikariProxyConnection@1012364136 wrapping conn10: url=jdbc:h2:mem:volleyball_lineup_config_test user=SA] will not be managed by Spring
==>  Preparing: INSERT INTO tournament ( id, name, location, status, sport_type, tournament_type, current_stage, knockout_generated, best_of, games_to_win, points_to_win, enable_deuce, cap_point, creator_user_id, favorite_count, create_time, update_time ) VALUES ( ?, ?, ?, ?, ?, ?, ?, ?, ?, ?, ?, ?, ?, ?, ?, ?, ? )
==> Parameters: t-1(String), test(String), court(String), 1(Integer), 1(Integer), 0(Integer), 1(Integer), true(Boolean), 3(Integer), 2(Integer), 25(Integer), true(Boolean), 99(Integer), user-1(String), 0(Integer), 2026-06-10T20:57:08.766511700(LocalDateTime), 2026-06-10T20:57:08.766511700(LocalDateTime)
<==    Updates: 1
Closing non transactional SqlSession [org.apache.ibatis.session.defaults.DefaultSqlSession@38991781]
Creating a new SqlSession
SqlSession [org.apache.ibatis.session.defaults.DefaultSqlSession@57c7ec30] was not registered for synchronization because synchronization is not active
JDBC Connection [HikariProxyConnection@1922949345 wrapping conn10: url=jdbc:h2:mem:volleyball_lineup_config_test user=SA] will not be managed by Spring
==>  Preparing: INSERT INTO player ( id, tournament_id, name, create_time ) VALUES ( ?, ?, ?, ? )
==> Parameters: p-left(String), t-1(String), Left Team(String), 2026-06-10T20:57:08.767513500(LocalDateTime)
<==    Updates: 1
Closing non transactional SqlSession [org.apache.ibatis.session.defaults.DefaultSqlSession@57c7ec30]
Creating a new SqlSession
SqlSession [org.apache.ibatis.session.defaults.DefaultSqlSession@2c8c42c] was not registered for synchronization because synchronization is not active
JDBC Connection [HikariProxyConnection@84093742 wrapping conn10: url=jdbc:h2:mem:volleyball_lineup_config_test user=SA] will not be managed by Spring
==>  Preparing: INSERT INTO player ( id, tournament_id, name, create_time ) VALUES ( ?, ?, ?, ? )
==> Parameters: p-right(String), t-1(String), Right Team(String), 2026-06-10T20:57:08.768511100(LocalDateTime)
<==    Updates: 1
Closing non transactional SqlSession [org.apache.ibatis.session.defaults.DefaultSqlSession@2c8c42c]
Creating a new SqlSession
SqlSession [org.apache.ibatis.session.defaults.DefaultSqlSession@6d4df1d2] was not registered for synchronization because synchronization is not active
JDBC Connection [HikariProxyConnection@1892322930 wrapping conn10: url=jdbc:h2:mem:volleyball_lineup_config_test user=SA] will not be managed by Spring
==>  Preparing: INSERT INTO tournament_team_member ( id, tournament_id, participant_id, name, jersey_number, is_libero, is_captain, display_order, create_time ) VALUES ( ?, ?, ?, ?, ?, ?, ?, ?, ? )
==> Parameters: l1(String), t-1(String), p-left(String), L1(String), 1(Integer), false(Boolean), true(Boolean), 1(Integer), 2026-06-10T20:57:08.769511(LocalDateTime)
<==    Updates: 1
Closing non transactional SqlSession [org.apache.ibatis.session.defaults.DefaultSqlSession@6d4df1d2]
Creating a new SqlSession
SqlSession [org.apache.ibatis.session.defaults.DefaultSqlSession@34e7cde3] was not registered for synchronization because synchronization is not active
JDBC Connection [HikariProxyConnection@673307146 wrapping conn10: url=jdbc:h2:mem:volleyball_lineup_config_test user=SA] will not be managed by Spring
==>  Preparing: INSERT INTO tournament_team_member ( id, tournament_id, participant_id, name, jersey_number, is_libero, is_captain, display_order, create_time ) VALUES ( ?, ?, ?, ?, ?, ?, ?, ?, ? )
==> Parameters: r1(String), t-1(String), p-right(String), R1(String), 1(Integer), false(Boolean), true(Boolean), 1(Integer), 2026-06-10T20:57:08.769511(LocalDateTime)
<==    Updates: 1
Closing non transactional SqlSession [org.apache.ibatis.session.defaults.DefaultSqlSession@34e7cde3]
Creating a new SqlSession
SqlSession [org.apache.ibatis.session.defaults.DefaultSqlSession@2ae07dbd] was not registered for synchronization because synchronization is not active
JDBC Connection [HikariProxyConnection@243130253 wrapping conn10: url=jdbc:h2:mem:volleyball_lineup_config_test user=SA] will not be managed by Spring
==>  Preparing: INSERT INTO tournament_team_member ( id, tournament_id, participant_id, name, jersey_number, is_libero, is_captain, display_order, create_time ) VALUES ( ?, ?, ?, ?, ?, ?, ?, ?, ? )
==> Parameters: l2(String), t-1(String), p-left(String), L2(String), 2(Integer), false(Boolean), false(Boolean), 2(Integer), 2026-06-10T20:57:08.770510300(LocalDateTime)
<==    Updates: 1
Closing non transactional SqlSession [org.apache.ibatis.session.defaults.DefaultSqlSession@2ae07dbd]
Creating a new SqlSession
SqlSession [org.apache.ibatis.session.defaults.DefaultSqlSession@47f8374] was not registered for synchronization because synchronization is not active
JDBC Connection [HikariProxyConnection@581494907 wrapping conn10: url=jdbc:h2:mem:volleyball_lineup_config_test user=SA] will not be managed by Spring
==>  Preparing: INSERT INTO tournament_team_member ( id, tournament_id, participant_id, name, jersey_number, is_libero, is_captain, display_order, create_time ) VALUES ( ?, ?, ?, ?, ?, ?, ?, ?, ? )
==> Parameters: r2(String), t-1(String), p-right(String), R2(String), 2(Integer), false(Boolean), false(Boolean), 2(Integer), 2026-06-10T20:57:08.770510300(LocalDateTime)
<==    Updates: 1
Closing non transactional SqlSession [org.apache.ibatis.session.defaults.DefaultSqlSession@47f8374]
Creating a new SqlSession
SqlSession [org.apache.ibatis.session.defaults.DefaultSqlSession@b8c6406] was not registered for synchronization because synchronization is not active
JDBC Connection [HikariProxyConnection@1810711373 wrapping conn10: url=jdbc:h2:mem:volleyball_lineup_config_test user=SA] will not be managed by Spring
==>  Preparing: INSERT INTO tournament_team_member ( id, tournament_id, participant_id, name, jersey_number, is_libero, is_captain, display_order, create_time ) VALUES ( ?, ?, ?, ?, ?, ?, ?, ?, ? )
==> Parameters: l3(String), t-1(String), p-left(String), L3(String), 3(Integer), false(Boolean), false(Boolean), 3(Integer), 2026-06-10T20:57:08.771510500(LocalDateTime)
<==    Updates: 1
Closing non transactional SqlSession [org.apache.ibatis.session.defaults.DefaultSqlSession@b8c6406]
Creating a new SqlSession
SqlSession [org.apache.ibatis.session.defaults.DefaultSqlSession@13f10967] was not registered for synchronization because synchronization is not active
JDBC Connection [HikariProxyConnection@1996476498 wrapping conn10: url=jdbc:h2:mem:volleyball_lineup_config_test user=SA] will not be managed by Spring
==>  Preparing: INSERT INTO tournament_team_member ( id, tournament_id, participant_id, name, jersey_number, is_libero, is_captain, display_order, create_time ) VALUES ( ?, ?, ?, ?, ?, ?, ?, ?, ? )
==> Parameters: r3(String), t-1(String), p-right(String), R3(String), 3(Integer), false(Boolean), false(Boolean), 3(Integer), 2026-06-10T20:57:08.772510300(LocalDateTime)
<==    Updates: 1
Closing non transactional SqlSession [org.apache.ibatis.session.defaults.DefaultSqlSession@13f10967]
Creating a new SqlSession
SqlSession [org.apache.ibatis.session.defaults.DefaultSqlSession@1ebb36df] was not registered for synchronization because synchronization is not active
JDBC Connection [HikariProxyConnection@525199726 wrapping conn10: url=jdbc:h2:mem:volleyball_lineup_config_test user=SA] will not be managed by Spring
==>  Preparing: INSERT INTO tournament_team_member ( id, tournament_id, participant_id, name, jersey_number, is_libero, is_captain, display_order, create_time ) VALUES ( ?, ?, ?, ?, ?, ?, ?, ?, ? )
==> Parameters: l4(String), t-1(String), p-left(String), L4(String), 4(Integer), false(Boolean), false(Boolean), 4(Integer), 2026-06-10T20:57:08.773510900(LocalDateTime)
<==    Updates: 1
Closing non transactional SqlSession [org.apache.ibatis.session.defaults.DefaultSqlSession@1ebb36df]
Creating a new SqlSession
SqlSession [org.apache.ibatis.session.defaults.DefaultSqlSession@46c61d1] was not registered for synchronization because synchronization is not active
JDBC Connection [HikariProxyConnection@202984526 wrapping conn10: url=jdbc:h2:mem:volleyball_lineup_config_test user=SA] will not be managed by Spring
==>  Preparing: INSERT INTO tournament_team_member ( id, tournament_id, participant_id, name, jersey_number, is_libero, is_captain, display_order, create_time ) VALUES ( ?, ?, ?, ?, ?, ?, ?, ?, ? )
==> Parameters: r4(String), t-1(String), p-right(String), R4(String), 4(Integer), false(Boolean), false(Boolean), 4(Integer), 2026-06-10T20:57:08.774512200(LocalDateTime)
<==    Updates: 1
Closing non transactional SqlSession [org.apache.ibatis.session.defaults.DefaultSqlSession@46c61d1]
Creating a new SqlSession
SqlSession [org.apache.ibatis.session.defaults.DefaultSqlSession@4bd39edc] was not registered for synchronization because synchronization is not active
JDBC Connection [HikariProxyConnection@1000671313 wrapping conn10: url=jdbc:h2:mem:volleyball_lineup_config_test user=SA] will not be managed by Spring
==>  Preparing: INSERT INTO tournament_team_member ( id, tournament_id, participant_id, name, jersey_number, is_libero, is_captain, display_order, create_time ) VALUES ( ?, ?, ?, ?, ?, ?, ?, ?, ? )
==> Parameters: l5(String), t-1(String), p-left(String), L5(String), 5(Integer), false(Boolean), false(Boolean), 5(Integer), 2026-06-10T20:57:08.774512200(LocalDateTime)
<==    Updates: 1
Closing non transactional SqlSession [org.apache.ibatis.session.defaults.DefaultSqlSession@4bd39edc]
Creating a new SqlSession
SqlSession [org.apache.ibatis.session.defaults.DefaultSqlSession@1a1dd8eb] was not registered for synchronization because synchronization is not active
JDBC Connection [HikariProxyConnection@1307545610 wrapping conn10: url=jdbc:h2:mem:volleyball_lineup_config_test user=SA] will not be managed by Spring
==>  Preparing: INSERT INTO tournament_team_member ( id, tournament_id, participant_id, name, jersey_number, is_libero, is_captain, display_order, create_time ) VALUES ( ?, ?, ?, ?, ?, ?, ?, ?, ? )
==> Parameters: r5(String), t-1(String), p-right(String), R5(String), 5(Integer), false(Boolean), false(Boolean), 5(Integer), 2026-06-10T20:57:08.776513800(LocalDateTime)
<==    Updates: 1
Closing non transactional SqlSession [org.apache.ibatis.session.defaults.DefaultSqlSession@1a1dd8eb]
Creating a new SqlSession
SqlSession [org.apache.ibatis.session.defaults.DefaultSqlSession@425a5c2e] was not registered for synchronization because synchronization is not active
JDBC Connection [HikariProxyConnection@203526568 wrapping conn10: url=jdbc:h2:mem:volleyball_lineup_config_test user=SA] will not be managed by Spring
==>  Preparing: INSERT INTO tournament_team_member ( id, tournament_id, participant_id, name, jersey_number, is_libero, is_captain, display_order, create_time ) VALUES ( ?, ?, ?, ?, ?, ?, ?, ?, ? )
==> Parameters: l6(String), t-1(String), p-left(String), L6(String), 6(Integer), false(Boolean), false(Boolean), 6(Integer), 2026-06-10T20:57:08.781512(LocalDateTime)
<==    Updates: 1
Closing non transactional SqlSession [org.apache.ibatis.session.defaults.DefaultSqlSession@425a5c2e]
Creating a new SqlSession
SqlSession [org.apache.ibatis.session.defaults.DefaultSqlSession@61e34bec] was not registered for synchronization because synchronization is not active
JDBC Connection [HikariProxyConnection@856000892 wrapping conn10: url=jdbc:h2:mem:volleyball_lineup_config_test user=SA] will not be managed by Spring
==>  Preparing: INSERT INTO tournament_team_member ( id, tournament_id, participant_id, name, jersey_number, is_libero, is_captain, display_order, create_time ) VALUES ( ?, ?, ?, ?, ?, ?, ?, ?, ? )
==> Parameters: r6(String), t-1(String), p-right(String), R6(String), 6(Integer), false(Boolean), false(Boolean), 6(Integer), 2026-06-10T20:57:08.782512100(LocalDateTime)
<==    Updates: 1
Closing non transactional SqlSession [org.apache.ibatis.session.defaults.DefaultSqlSession@61e34bec]
Creating a new SqlSession
SqlSession [org.apache.ibatis.session.defaults.DefaultSqlSession@53945f9c] was not registered for synchronization because synchronization is not active
JDBC Connection [HikariProxyConnection@1404582039 wrapping conn10: url=jdbc:h2:mem:volleyball_lineup_config_test user=SA] will not be managed by Spring
==>  Preparing: INSERT INTO tournament_team_member ( id, tournament_id, participant_id, name, jersey_number, is_libero, is_captain, display_order, create_time ) VALUES ( ?, ?, ?, ?, ?, ?, ?, ?, ? )
==> Parameters: l7(String), t-1(String), p-left(String), L7(String), 7(Integer), false(Boolean), false(Boolean), 7(Integer), 2026-06-10T20:57:08.783511300(LocalDateTime)
<==    Updates: 1
Closing non transactional SqlSession [org.apache.ibatis.session.defaults.DefaultSqlSession@53945f9c]
Creating a new SqlSession
SqlSession [org.apache.ibatis.session.defaults.DefaultSqlSession@28ffa527] was not registered for synchronization because synchronization is not active
JDBC Connection [HikariProxyConnection@925800237 wrapping conn10: url=jdbc:h2:mem:volleyball_lineup_config_test user=SA] will not be managed by Spring
==>  Preparing: INSERT INTO tournament_team_member ( id, tournament_id, participant_id, name, jersey_number, is_libero, is_captain, display_order, create_time ) VALUES ( ?, ?, ?, ?, ?, ?, ?, ?, ? )
==> Parameters: r7(String), t-1(String), p-right(String), R7(String), 7(Integer), false(Boolean), false(Boolean), 7(Integer), 2026-06-10T20:57:08.784515500(LocalDateTime)
<==    Updates: 1
[...]
JDBC Connection [HikariProxyConnection@1162021415 wrapping conn10: url=jdbc:h2:mem:volleyball_lineup_config_test user=SA] will not be managed by Spring
==>  Preparing: INSERT INTO tournament_team_member ( id, tournament_id, participant_id, name, jersey_number, is_libero, is_captain, display_order, create_time ) VALUES ( ?, ?, ?, ?, ?, ?, ?, ?, ? )
==> Parameters: r7(String), t-1(String), p-right(String), R7(String), 7(Integer), false(Boolean), false(Boolean), 7(Integer), 2026-06-10T20:57:08.837763800(LocalDateTime)
<==    Updates: 1
Closing non transactional SqlSession [org.apache.ibatis.session.defaults.DefaultSqlSession@3f7bf0f6]
Creating a new SqlSession
SqlSession [org.apache.ibatis.session.defaults.DefaultSqlSession@1b83fac3] was not registered for synchronization because synchronization is not active
JDBC Connection [HikariProxyConnection@352382451 wrapping conn10: url=jdbc:h2:mem:volleyball_lineup_config_test user=SA] will not be managed by Spring
==>  Preparing: INSERT INTO tournament_team_member ( id, tournament_id, participant_id, name, jersey_number, is_libero, is_captain, display_order, create_time ) VALUES ( ?, ?, ?, ?, ?, ?, ?, ?, ? )
==> Parameters: l8(String), t-1(String), p-left(String), L8(String), 8(Integer), false(Boolean), false(Boolean), 8(Integer), 2026-06-10T20:57:08.838762600(LocalDateTime)
<==    Updates: 1
Closing non transactional SqlSession [org.apache.ibatis.session.defaults.DefaultSqlSession@1b83fac3]
Creating a new SqlSession
SqlSession [org.apache.ibatis.session.defaults.DefaultSqlSession@759c53e5] was not registered for synchronization because synchronization is not active
JDBC Connection [HikariProxyConnection@738381688 wrapping conn10: url=jdbc:h2:mem:volleyball_lineup_config_test user=SA] will not be managed by Spring
==>  Preparing: INSERT INTO tournament_team_member ( id, tournament_id, participant_id, name, jersey_number, is_libero, is_captain, display_order, create_time ) VALUES ( ?, ?, ?, ?, ?, ?, ?, ?, ? )
==> Parameters: r8(String), t-1(String), p-right(String), R8(String), 8(Integer), false(Boolean), false(Boolean), 8(Integer), 2026-06-10T20:57:08.838762600(LocalDateTime)
<==    Updates: 1
Closing non transactional SqlSession [org.apache.ibatis.session.defaults.DefaultSqlSession@759c53e5]
Creating a new SqlSession
SqlSession [org.apache.ibatis.session.defaults.DefaultSqlSession@1a61f634] was not registered for synchronization because synchronization is not active
JDBC Connection [HikariProxyConnection@547525391 wrapping conn10: url=jdbc:h2:mem:volleyball_lineup_config_test user=SA] will not be managed by Spring
==>  Preparing: INSERT INTO match_record ( id, tournament_id, round_num, match_index, stage_type, left_player_id, right_player_id, status ) VALUES ( ?, ?, ?, ?, ?, ?, ?, ? )
==> Parameters: m-1(String), t-1(String), 1(Integer), 1(Integer), 1(Integer), p-left(String), p-right(String), 1(Integer)
<==    Updates: 1
Closing non transactional SqlSession [org.apache.ibatis.session.defaults.DefaultSqlSession@1a61f634]
Creating a new SqlSession
Registering transaction synchronization for SqlSession [org.apache.ibatis.session.defaults.DefaultSqlSession@609edb55]
JDBC Connection [HikariProxyConnection@20780627 wrapping conn10: url=jdbc:h2:mem:volleyball_lineup_config_test user=SA] will be managed by Spring
==>  Preparing: SELECT id,tournament_id,round_num,match_index,stage_type,group_no,left_player_id,right_player_id,score_display,winner_id,left_game_wins,right_game_wins,game_scores,status,next_match_id,next_match_slot,retired_side FROM match_record WHERE id=?
==> Parameters: m-1(String)
<==    Columns: id, tournament_id, round_num, match_index, stage_type, group_no, left_player_id, right_player_id, score_display, winner_id, left_game_wins, right_game_wins, game_scores, status, next_match_id, next_match_slot, retired_side
<==        Row: m-1, t-1, 1, 1, 1, null, p-left, p-right, null, null, null, null, <<BLOB>>, 1, null, null, null
<==      Total: 1
Releasing transactional SqlSession [org.apache.ibatis.session.defaults.DefaultSqlSession@609edb55]
Fetched SqlSession [org.apache.ibatis.session.defaults.DefaultSqlSession@609edb55] from current transaction
==>  Preparing: SELECT id,name,location,status,sport_type,tournament_type,group_size,knockout_slots,qualifiers_per_group,current_stage,knockout_generated,best_of,games_to_win,points_to_win,enable_deuce,cap_point,creator_user_id,favorite_count,create_time,update_time FROM tournament WHERE id=?
==> Parameters: t-1(String)
<==    Columns: id, name, location, status, sport_type, tournament_type, group_size, knockout_slots, qualifiers_per_group, current_stage, knockout_generated, best_of, games_to_win, points_to_win, enable_deuce, cap_point, creator_user_id, favorite_count, create_time, update_time
<==        Row: t-1, test, court, 1, 1, 0, null, null, null, 1, TRUE, 3, 2, 25, TRUE, 99, user-1, 0, 2026-06-10 20:57:08.826752, 2026-06-10 20:57:08.826752
<==      Total: 1
Releasing transactional SqlSession [org.apache.ibatis.session.defaults.DefaultSqlSession@609edb55]
Fetched SqlSession [org.apache.ibatis.session.defaults.DefaultSqlSession@609edb55] from current transaction
==>  Preparing: SELECT id,match_id,game_no,left_court_json,right_court_json,left_middle_pair_indexes_json,right_middle_pair_indexes_json,left_libero1_id,left_libero2_id,right_libero1_id,right_libero2_id,serve_side,create_time,update_time FROM match_lineup_config WHERE (match_id = ?) ORDER BY game_no DESC
==> Parameters: m-1(String)
<==      Total: 0
Releasing transactional SqlSession [org.apache.ibatis.session.defaults.DefaultSqlSession@609edb55]
Fetched SqlSession [org.apache.ibatis.session.defaults.DefaultSqlSession@609edb55] from current transaction
==>  Preparing: SELECT id,tournament_id,participant_id,name,jersey_number,is_libero AS libero,is_captain AS captain,display_order,create_time FROM tournament_team_member WHERE (tournament_id = ? AND participant_id IN (?,?))
==> Parameters: t-1(String), p-left(String), p-right(String)
<==    Columns: id, tournament_id, participant_id, name, jersey_number, libero, captain, display_order, create_time
<==        Row: l1, t-1, p-left, L1, 1, FALSE, TRUE, 1, 2026-06-10 20:57:08.829753
<==        Row: r1, t-1, p-right, R1, 1, FALSE, TRUE, 1, 2026-06-10 20:57:08.829753
<==        Row: l2, t-1, p-left, L2, 2, FALSE, FALSE, 2, 2026-06-10 20:57:08.830754
<==        Row: r2, t-1, p-right, R2, 2, FALSE, FALSE, 2, 2026-06-10 20:57:08.831754
<==        Row: l3, t-1, p-left, L3, 3, FALSE, FALSE, 3, 2026-06-10 20:57:08.832754
<==        Row: r3, t-1, p-right, R3, 3, FALSE, FALSE, 3, 2026-06-10 20:57:08.832754
<==        Row: l4, t-1, p-left, L4, 4, FALSE, FALSE, 4, 2026-06-10 20:57:08.833753
<==        Row: r4, t-1, p-right, R4, 4, FALSE, FALSE, 4, 2026-06-10 20:57:08.833753
<==        Row: l5, t-1, p-left, L5, 5, FALSE, FALSE, 5, 2026-06-10 20:57:08.834754
<==        Row: r5, t-1, p-right, R5, 5, FALSE, FALSE, 5, 2026-06-10 20:57:08.835754
<==        Row: l6, t-1, p-left, L6, 6, FALSE, FALSE, 6, 2026-06-10 20:57:08.835754
<==        Row: r6, t-1, p-right, R6, 6, FALSE, FALSE, 6, 2026-06-10 20:57:08.836755
<==        Row: l7, t-1, p-left, L7, 7, FALSE, FALSE, 7, 2026-06-10 20:57:08.836755
<==        Row: r7, t-1, p-right, R7, 7, FALSE, FALSE, 7, 2026-06-10 20:57:08.837764
<==        Row: l8, t-1, p-left, L8, 8, FALSE, FALSE, 8, 2026-06-10 20:57:08.838763
<==        Row: r8, t-1, p-right, R8, 8, FALSE, FALSE, 8, 2026-06-10 20:57:08.838763
<==      Total: 16
Releasing transactional SqlSession [org.apache.ibatis.session.defaults.DefaultSqlSession@609edb55]
Fetched SqlSession [org.apache.ibatis.session.defaults.DefaultSqlSession@609edb55] from current transaction
==>  Preparing: SELECT id,match_id,game_no,left_court_json,right_court_json,left_middle_pair_indexes_json,right_middle_pair_indexes_json,left_libero1_id,left_libero2_id,right_libero1_id,right_libero2_id,serve_side,create_time,update_time FROM match_lineup_config WHERE (match_id = ? AND game_no = ?)
==> Parameters: m-1(String), 1(Integer)
<==      Total: 0
Releasing transactional SqlSession [org.apache.ibatis.session.defaults.DefaultSqlSession@609edb55]
Fetched SqlSession [org.apache.ibatis.session.defaults.DefaultSqlSession@609edb55] from current transaction
==>  Preparing: INSERT INTO match_lineup_config ( id, match_id, game_no, left_court_json, right_court_json, left_middle_pair_indexes_json, right_middle_pair_indexes_json, serve_side, create_time, update_time ) VALUES ( ?, ?, ?, ?, ?, ?, ?, ?, ?, ? )
==> Parameters: 2064693347464183809(String), m-1(String), 1(Integer), ["l1","l2","l3","l4","l5","l6"](String), ["r1","r2","r3","r4","r5","r6"](String), [](String), [](String), left(String), 2026-06-10T20:57:08.850762(LocalDateTime), 2026-06-10T20:57:08.850762(LocalDateTime)
<==    Updates: 1
Releasing transactional SqlSession [org.apache.ibatis.session.defaults.DefaultSqlSession@609edb55]
Transaction synchronization committing SqlSession [org.apache.ibatis.session.defaults.DefaultSqlSession@609edb55]
Transaction synchronization deregistering SqlSession [org.apache.ibatis.session.defaults.DefaultSqlSession@609edb55]
Transaction synchronization closing SqlSession [org.apache.ibatis.session.defaults.DefaultSqlSession@609edb55]
2026-06-10 20:57:08.853 INFO  [main] com.scoring.backend.common.RequestLoggingFilter - request_done method=PUT path=/api/v1/matches/m-1/lineup-config status=200 costMs=10 clientIp=127.0.0.1
Creating a new SqlSession
Registering transaction synchronization for SqlSession [org.apache.ibatis.session.defaults.DefaultSqlSession@3533d790]
JDBC Connection [HikariProxyConnection@1943829936 wrapping conn10: url=jdbc:h2:mem:volleyball_lineup_config_test user=SA] will be managed by Spring
==>  Preparing: SELECT id,tournament_id,round_num,match_index,stage_type,group_no,left_player_id,right_player_id,score_display,winner_id,left_game_wins,right_game_wins,game_scores,status,next_match_id,next_match_slot,retired_side FROM match_record WHERE id=?
==> Parameters: m-1(String)
<==    Columns: id, tournament_id, round_num, match_index, stage_type, group_no, left_player_id, right_player_id, score_display, winner_id, left_game_wins, right_game_wins, game_scores, status, next_match_id, next_match_slot, retired_side
<==        Row: m-1, t-1, 1, 1, 1, null, p-left, p-right, null, null, null, null, <<BLOB>>, 1, null, null, null
<==      Total: 1
Releasing transactional SqlSession [org.apache.ibatis.session.defaults.DefaultSqlSession@3533d790]
Fetched SqlSession [org.apache.ibatis.session.defaults.DefaultSqlSession@3533d790] from current transaction
==>  Preparing: SELECT id,name,location,status,sport_type,tournament_type,group_size,knockout_slots,qualifiers_per_group,current_stage,knockout_generated,best_of,games_to_win,points_to_win,enable_deuce,cap_point,creator_user_id,favorite_count,create_time,update_time FROM tournament WHERE id=?
==> Parameters: t-1(String)
<==    Columns: id, name, location, status, sport_type, tournament_type, group_size, knockout_slots, qualifiers_per_group, current_stage, knockout_generated, best_of, games_to_win, points_to_win, enable_deuce, cap_point, creator_user_id, favorite_count, create_time, update_time
<==        Row: t-1, test, court, 1, 1, 0, null, null, null, 1, TRUE, 3, 2, 25, TRUE, 99, user-1, 0, 2026-06-10 20:57:08.826752, 2026-06-10 20:57:08.826752
<==      Total: 1
Releasing transactional SqlSession [org.apache.ibatis.session.defaults.DefaultSqlSession@3533d790]
Fetched SqlSession [org.apache.ibatis.session.defaults.DefaultSqlSession@3533d790] from current transaction
==>  Preparing: SELECT id,match_id,game_no,left_court_json,right_court_json,left_middle_pair_indexes_json,right_middle_pair_indexes_json,left_libero1_id,left_libero2_id,right_libero1_id,right_libero2_id,serve_side,create_time,update_time FROM match_lineup_config WHERE (match_id = ?) ORDER BY game_no DESC
==> Parameters: m-1(String)
<==    Columns: id, match_id, game_no, left_court_json, right_court_json, left_middle_pair_indexes_json, right_middle_pair_indexes_json, left_libero1_id, left_libero2_id, right_libero1_id, right_libero2_id, serve_side, create_time, update_time
<==        Row: 2064693347464183809, m-1, 1, <<BLOB>>, <<BLOB>>, [], [], null, null, null, null, left, 2026-06-10 20:57:08.850762, 2026-06-10 20:57:08.850762
<==      Total: 1
Releasing transactional SqlSession [org.apache.ibatis.session.defaults.DefaultSqlSession@3533d790]
Fetched SqlSession [org.apache.ibatis.session.defaults.DefaultSqlSession@3533d790] from current transaction
==>  Preparing: SELECT id,tournament_id,participant_id,name,jersey_number,is_libero AS libero,is_captain AS captain,display_order,create_time FROM tournament_team_member WHERE (tournament_id = ? AND participant_id IN (?,?))
==> Parameters: t-1(String), p-left(String), p-right(String)
<==    Columns: id, tournament_id, participant_id, name, jersey_number, libero, captain, display_order, create_time
<==        Row: l1, t-1, p-left, L1, 1, FALSE, TRUE, 1, 2026-06-10 20:57:08.829753
<==        Row: r1, t-1, p-right, R1, 1, FALSE, TRUE, 1, 2026-06-10 20:57:08.829753
<==        Row: l2, t-1, p-left, L2, 2, FALSE, FALSE, 2, 2026-06-10 20:57:08.830754
<==        Row: r2, t-1, p-right, R2, 2, FALSE, FALSE, 2, 2026-06-10 20:57:08.831754
<==        Row: l3, t-1, p-left, L3, 3, FALSE, FALSE, 3, 2026-06-10 20:57:08.832754
<==        Row: r3, t-1, p-right, R3, 3, FALSE, FALSE, 3, 2026-06-10 20:57:08.832754
<==        Row: l4, t-1, p-left, L4, 4, FALSE, FALSE, 4, 2026-06-10 20:57:08.833753
<==        Row: r4, t-1, p-right, R4, 4, FALSE, FALSE, 4, 2026-06-10 20:57:08.833753
<==        Row: l5, t-1, p-left, L5, 5, FALSE, FALSE, 5, 2026-06-10 20:57:08.834754
<==        Row: r5, t-1, p-right, R5, 5, FALSE, FALSE, 5, 2026-06-10 20:57:08.835754
<==        Row: l6, t-1, p-left, L6, 6, FALSE, FALSE, 6, 2026-06-10 20:57:08.835754
<==        Row: r6, t-1, p-right, R6, 6, FALSE, FALSE, 6, 2026-06-10 20:57:08.836755
<==        Row: l7, t-1, p-left, L7, 7, FALSE, FALSE, 7, 2026-06-10 20:57:08.836755
<==        Row: r7, t-1, p-right, R7, 7, FALSE, FALSE, 7, 2026-06-10 20:57:08.837764
<==        Row: l8, t-1, p-left, L8, 8, FALSE, FALSE, 8, 2026-06-10 20:57:08.838763
<==        Row: r8, t-1, p-right, R8, 8, FALSE, FALSE, 8, 2026-06-10 20:57:08.838763
<==      Total: 16
Releasing transactional SqlSession [org.apache.ibatis.session.defaults.DefaultSqlSession@3533d790]
Fetched SqlSession [org.apache.ibatis.session.defaults.DefaultSqlSession@3533d790] from current transaction
==>  Preparing: SELECT id,match_id,game_no,left_court_json,right_court_json,left_middle_pair_indexes_json,right_middle_pair_indexes_json,left_libero1_id,left_libero2_id,right_libero1_id,right_libero2_id,serve_side,create_time,update_time FROM match_lineup_config WHERE (match_id = ? AND game_no = ?)
==> Parameters: m-1(String), 2(Integer)
<==      Total: 0
Releasing transactional SqlSession [org.apache.ibatis.session.defaults.DefaultSqlSession@3533d790]
Fetched SqlSession [org.apache.ibatis.session.defaults.DefaultSqlSession@3533d790] from current transaction
==>  Preparing: INSERT INTO match_lineup_config ( id, match_id, game_no, left_court_json, right_court_json, left_middle_pair_indexes_json, right_middle_pair_indexes_json, serve_side, create_time, update_time ) VALUES ( ?, ?, ?, ?, ?, ?, ?, ?, ?, ? )
==> Parameters: 2064693347531292673(String), m-1(String), 2(Integer), ["l1","l2","l3","l4","l5","l6"](String), ["r1","r2","r3","r4","r5","r6"](String), [](String), [](String), right(String), 2026-06-10T20:57:08.863274200(LocalDateTime), 2026-06-10T20:57:08.863274200(LocalDateTime)
<==    Updates: 1
Releasing transactional SqlSession [org.apache.ibatis.session.defaults.DefaultSqlSession@3533d790]
Transaction synchronization committing SqlSession [org.apache.ibatis.session.defaults.DefaultSqlSession@3533d790]
Transaction synchronization deregistering SqlSession [org.apache.ibatis.session.defaults.DefaultSqlSession@3533d790]
Transaction synchronization closing SqlSession [org.apache.ibatis.session.defaults.DefaultSqlSession@3533d790]
2026-06-10 20:57:08.864 INFO  [main] com.scoring.backend.common.RequestLoggingFilter - request_done method=PUT path=/api/v1/matches/m-1/lineup-config status=200 costMs=9 clientIp=127.0.0.1
Creating a new SqlSession
Registering transaction synchronization for SqlSession [org.apache.ibatis.session.defaults.DefaultSqlSession@319ea996]
JDBC Connection [HikariProxyConnection@230836018 wrapping conn10: url=jdbc:h2:mem:volleyball_lineup_config_test user=SA] will be managed by Spring
==>  Preparing: SELECT id,tournament_id,round_num,match_index,stage_type,group_no,left_player_id,right_player_id,score_display,winner_id,left_game_wins,right_game_wins,game_scores,status,next_match_id,next_match_slot,retired_side FROM match_record WHERE id=?
==> Parameters: m-1(String)
<==    Columns: id, tournament_id, round_num, match_index, stage_type, group_no, left_player_id, right_player_id, score_display, winner_id, left_game_wins, right_game_wins, game_scores, status, next_match_id, next_match_slot, retired_side
<==        Row: m-1, t-1, 1, 1, 1, null, p-left, p-right, null, null, null, null, <<BLOB>>, 1, null, null, null
<==      Total: 1
Releasing transactional SqlSession [org.apache.ibatis.session.defaults.DefaultSqlSession@319ea996]
Fetched SqlSession [org.apache.ibatis.session.defaults.DefaultSqlSession@319ea996] from current transaction
==>  Preparing: SELECT id,name,location,status,sport_type,tournament_type,group_size,knockout_slots,qualifiers_per_group,current_stage,knockout_generated,best_of,games_to_win,points_to_win,enable_deuce,cap_point,creator_user_id,favorite_count,create_time,update_time FROM tournament WHERE id=?
==> Parameters: t-1(String)
<==    Columns: id, name, location, status, sport_type, tournament_type, group_size, knockout_slots, qualifiers_per_group, current_stage, knockout_generated, best_of, games_to_win, points_to_win, enable_deuce, cap_point, creator_user_id, favorite_count, create_time, update_time
<==        Row: t-1, test, court, 1, 1, 0, null, null, null, 1, TRUE, 3, 2, 25, TRUE, 99, user-1, 0, 2026-06-10 20:57:08.826752, 2026-06-10 20:57:08.826752
<==      Total: 1
Releasing transactional SqlSession [org.apache.ibatis.session.defaults.DefaultSqlSession@319ea996]
Fetched SqlSession [org.apache.ibatis.session.defaults.DefaultSqlSession@319ea996] from current transaction
==>  Preparing: SELECT id,match_id,game_no,left_court_json,right_court_json,left_middle_pair_indexes_json,right_middle_pair_indexes_json,left_libero1_id,left_libero2_id,right_libero1_id,right_libero2_id,serve_side,create_time,update_time FROM match_lineup_config WHERE (match_id = ?) ORDER BY game_no DESC
==> Parameters: m-1(String)
<==    Columns: id, match_id, game_no, left_court_json, right_court_json, left_middle_pair_indexes_json, right_middle_pair_indexes_json, left_libero1_id, left_libero2_id, right_libero1_id, right_libero2_id, serve_side, create_time, update_time
<==        Row: 2064693347531292673, m-1, 2, <<BLOB>>, <<BLOB>>, [], [], null, null, null, null, right, 2026-06-10 20:57:08.863274, 2026-06-10 20:57:08.863274
<==        Row: 2064693347464183809, m-1, 1, <<BLOB>>, <<BLOB>>, [], [], null, null, null, null, left, 2026-06-10 20:57:08.850762, 2026-06-10 20:57:08.850762
<==      Total: 2
Releasing transactional SqlSession [org.apache.ibatis.session.defaults.DefaultSqlSession@319ea996]
Transaction synchronization deregistering SqlSession [org.apache.ibatis.session.defaults.DefaultSqlSession@319ea996]
Transaction synchronization closing SqlSession [org.apache.ibatis.session.defaults.DefaultSqlSession@319ea996]
2026-06-10 20:57:08.871 INFO  [main] com.scoring.backend.common.RequestLoggingFilter - request_done method=PUT path=/api/v1/matches/m-1/lineup-config status=200 costMs=5 clientIp=127.0.0.1
]]></system-out>
  </testcase>
</testsuite>