<?xml version="1.0" encoding="UTF-8"?>
<testsuite xmlns:xsi="http://www.w3.org/2001/XMLSchema-instance" xsi:noNamespaceSchemaLocation="https://maven.apache.org/surefire/maven-surefire-plugin/xsd/surefire-test-report-3.0.xsd" version="3.0" name="com.scoring.backend.controller.MatchThemeConfigIntegrationTest" time="5.621" tests="5" errors="0" skipped="0" failures="0">
  <properties>
[...]
</properties>
  <testcase name="getThemeConfig_shouldTreatFlatDeviceThemeAsDarkTheme" classname="com.scoring.backend.controller.MatchThemeConfigIntegrationTest" time="0.446">
    <system-out><![CDATA[
  .   ____          _            __ _ _
 /\\ / ___'_ __ _ _(_)_ __  __ _ \ \ \ \
( ( )\___ | '_ | '_| | '_ \/ _` | \ \ \ \
 \\/  ___)| |_)| | | | | || (_| |  ) ) ) )
  '  |____| .__|_| |_|_| |_\__, | / / / /
 =========|_|==============|___/=/_/_/_/

 :: Spring Boot ::                (v3.3.5)

2026-06-18 14:22:09.068 INFO  [background-preinit] org.hibernate.validator.internal.util.Version - HV000001: Hibernate Validator 8.0.1.Final
2026-06-18 14:22:09.104 INFO  [main] com.scoring.backend.controller.MatchThemeConfigIntegrationTest - Starting MatchThemeConfigIntegrationTest using Java 23.0.2 with PID 23088 (started by lijin in D:\LJY\grade2\Scoring\backend)
2026-06-18 14:22:09.105 INFO  [main] com.scoring.backend.controller.MatchThemeConfigIntegrationTest - No active profile set, falling back to 1 default profile: "default"
Logging initialized using 'class org.apache.ibatis.logging.stdout.StdOutImpl' adapter.
Get /10.4.117.181 network interface 
Get network interface info: name:wireless_32768 (Intel(R) Wi-Fi 6E AX211 160MHz)
Initialization Sequence datacenterId:27 workerId:10
 _ _   |_  _ _|_. ___ _ |    _ 
| | |\/|_)(_| | |_\  |_)||_|_\ 
     /               |         
                        3.5.7 
2026-06-18 14:22:11.425 INFO  [main] com.zaxxer.hikari.HikariDataSource - HikariPool-1 - Starting...
2026-06-18 14:22:11.794 INFO  [main] com.zaxxer.hikari.pool.HikariPool - HikariPool-1 - Added connection conn0: url=jdbc:h2:mem:volleyball_theme_config_test user=SA
2026-06-18 14:22:11.797 INFO  [main] com.zaxxer.hikari.HikariDataSource - HikariPool-1 - Start completed.
2026-06-18 14:22:13.231 INFO  [main] org.springframework.boot.test.mock.web.SpringBootMockServletContext - Initializing Spring TestDispatcherServlet ''
2026-06-18 14:22:13.231 INFO  [main] org.springframework.test.web.servlet.TestDispatcherServlet - Initializing Servlet ''
2026-06-18 14:22:13.232 INFO  [main] org.springframework.test.web.servlet.TestDispatcherServlet - Completed initialization in 1 ms
2026-06-18 14:22:13.264 INFO  [main] com.scoring.backend.controller.MatchThemeConfigIntegrationTest - Started MatchThemeConfigIntegrationTest in 4.562 seconds (process running for 5.497)
Creating a new SqlSession
SqlSession [org.apache.ibatis.session.defaults.DefaultSqlSession@26d445e9] was not registered for synchronization because synchronization is not active
JDBC Connection [HikariProxyConnection@317366989 wrapping conn0: url=jdbc:h2:mem:volleyball_theme_config_test user=SA] will not be managed by Spring
==>  Preparing: DELETE FROM match_theme_config
==> Parameters: 
<==    Updates: 0
Closing non transactional SqlSession [org.apache.ibatis.session.defaults.DefaultSqlSession@26d445e9]
Creating a new SqlSession
SqlSession [org.apache.ibatis.session.defaults.DefaultSqlSession@d0e4972] was not registered for synchronization because synchronization is not active
JDBC Connection [HikariProxyConnection@427339989 wrapping conn0: url=jdbc:h2:mem:volleyball_theme_config_test user=SA] will not be managed by Spring
==>  Preparing: DELETE FROM match_record
==> Parameters: 
<==    Updates: 0
Closing non transactional SqlSession [org.apache.ibatis.session.defaults.DefaultSqlSession@d0e4972]
Creating a new SqlSession
SqlSession [org.apache.ibatis.session.defaults.DefaultSqlSession@6556471b] was not registered for synchronization because synchronization is not active
JDBC Connection [HikariProxyConnection@65112445 wrapping conn0: url=jdbc:h2:mem:volleyball_theme_config_test user=SA] will not be managed by Spring
==>  Preparing: DELETE FROM player
==> Parameters: 
<==    Updates: 0
Closing non transactional SqlSession [org.apache.ibatis.session.defaults.DefaultSqlSession@6556471b]
Creating a new SqlSession
SqlSession [org.apache.ibatis.session.defaults.DefaultSqlSession@7cdb05aa] was not registered for synchronization because synchronization is not active
JDBC Connection [HikariProxyConnection@544865532 wrapping conn0: url=jdbc:h2:mem:volleyball_theme_config_test user=SA] will not be managed by Spring
==>  Preparing: DELETE FROM tournament
==> Parameters: 
<==    Updates: 0
Closing non transactional SqlSession [org.apache.ibatis.session.defaults.DefaultSqlSession@7cdb05aa]
Creating a new SqlSession
SqlSession [org.apache.ibatis.session.defaults.DefaultSqlSession@443ac5b8] was not registered for synchronization because synchronization is not active
JDBC Connection [HikariProxyConnection@268620232 wrapping conn0: url=jdbc:h2:mem:volleyball_theme_config_test user=SA] will not be managed by Spring
==>  Preparing: INSERT INTO tournament ( id, name, location, status, sport_type, tournament_type, current_stage, knockout_generated, best_of, games_to_win, points_to_win, enable_deuce, cap_point, creator_user_id, favorite_count, create_time, update_time ) VALUES ( ?, ?, ?, ?, ?, ?, ?, ?, ?, ?, ?, ?, ?, ?, ?, ?, ? )
==> Parameters: t-1(String), test(String), court(String), 1(Integer), 1(Integer), 0(Integer), 1(Integer), true(Boolean), 3(Integer), 2(Integer), 25(Integer), true(Boolean), 99(Integer), user-1(String), 0(Integer), 2026-06-18T14:22:13.445892(LocalDateTime), 2026-06-18T14:22:13.445892(LocalDateTime)
<==    Updates: 1
Closing non transactional SqlSession [org.apache.ibatis.session.defaults.DefaultSqlSession@443ac5b8]
Creating a new SqlSession
SqlSession [org.apache.ibatis.session.defaults.DefaultSqlSession@656302c] was not registered for synchronization because synchronization is not active
JDBC Connection [HikariProxyConnection@1869228744 wrapping conn0: url=jdbc:h2:mem:volleyball_theme_config_test user=SA] will not be managed by Spring
==>  Preparing: INSERT INTO player ( id, tournament_id, name, create_time ) VALUES ( ?, ?, ?, ? )
==> Parameters: p-left(String), t-1(String), Left Team(String), 2026-06-18T14:22:13.462282(LocalDateTime)
<==    Updates: 1
Closing non transactional SqlSession [org.apache.ibatis.session.defaults.DefaultSqlSession@656302c]
Creating a new SqlSession
SqlSession [org.apache.ibatis.session.defaults.DefaultSqlSession@49809275] was not registered for synchronization because synchronization is not active
JDBC Connection [HikariProxyConnection@1756600221 wrapping conn0: url=jdbc:h2:mem:volleyball_theme_config_test user=SA] will not be managed by Spring
==>  Preparing: INSERT INTO player ( id, tournament_id, name, create_time ) VALUES ( ?, ?, ?, ? )
==> Parameters: p-right(String), t-1(String), Right Team(String), 2026-06-18T14:22:13.464283500(LocalDateTime)
<==    Updates: 1
Closing non transactional SqlSession [org.apache.ibatis.session.defaults.DefaultSqlSession@49809275]
Creating a new SqlSession
SqlSession [org.apache.ibatis.session.defaults.DefaultSqlSession@5fd31df7] was not registered for synchronization because synchronization is not active
JDBC Connection [HikariProxyConnection@1641107631 wrapping conn0: url=jdbc:h2:mem:volleyball_theme_config_test user=SA] will not be managed by Spring
==>  Preparing: INSERT INTO match_record ( id, tournament_id, round_num, match_index, stage_type, left_player_id, right_player_id, status ) VALUES ( ?, ?, ?, ?, ?, ?, ?, ? )
==> Parameters: m-1(String), t-1(String), 1(Integer), 1(Integer), 1(Integer), p-left(String), p-right(String), 1(Integer)
<==    Updates: 1
Closing non transactional SqlSession [org.apache.ibatis.session.defaults.DefaultSqlSession@5fd31df7]
Creating a new SqlSession
SqlSession [org.apache.ibatis.session.defaults.DefaultSqlSession@6e12f38c] was not registered for synchronization because synchronization is not active
JDBC Connection [HikariProxyConnection@149820420 wrapping conn0: url=jdbc:h2:mem:volleyball_theme_config_test user=SA] will not be managed by Spring
==>  Preparing: INSERT INTO match_theme_config ( id, match_id, theme_json, create_time, update_time ) VALUES ( ?, ?, ?, ?, ? )
==> Parameters: 2067493064875089921(String), m-1(String), {"phone":{"themeBase":"#194955","themeBaseDeep":"#143843","themeAccent":"#F49227","themeAccentInk":"#194955","captain":"#739C69","courtSurface":"#1E4F2B","rightScoreAccent":"#52C41A","dangerAccent":"#FF7A45","textStrong":"#FFFFFF","surfaceGlass":"#FFFFFF","shadowColor":"#000000","overlayMask":"#07121C","courtSlotAccent":"#008F8D"},"pad":{"themeBase":"#225F6E","themeBaseDeep":"#143843","themeAccent":"#F4A53A","themeAccentInk":"#194955","captain":"#739C69","courtSurface":"#1E4F2B","rightScoreAccent":"#52C41A","dangerAccent":"#FF7A45","textStrong":"#FFFFFF","surfaceGlass":"#FFFFFF","shadowColor":"#000000","overlayMask":"#07121C","courtSlotAccent":"#008F8D"}}(String), 2026-06-18T14:22:13.487181400(LocalDateTime), 2026-06-18T14:22:13.487181400(LocalDateTime)
<==    Updates: 1
Closing non transactional SqlSession [org.apache.ibatis.session.defaults.DefaultSqlSession@6e12f38c]
Creating a new SqlSession
SqlSession [org.apache.ibatis.session.defaults.DefaultSqlSession@90394d] was not registered for synchronization because synchronization is not active
JDBC Connection [HikariProxyConnection@1201228625 wrapping conn0: url=jdbc:h2:mem:volleyball_theme_config_test user=SA] will not be managed by Spring
==>  Preparing: SELECT id,openid,nickname,avatar_url,profile_completed,create_time,update_time FROM app_user WHERE id=?
==> Parameters: 2060587136674361346(String)
<==      Total: 0
Closing non transactional SqlSession [org.apache.ibatis.session.defaults.DefaultSqlSession@90394d]
Creating a new SqlSession
SqlSession [org.apache.ibatis.session.defaults.DefaultSqlSession@197180a5] was not registered for synchronization because synchronization is not active
JDBC Connection [HikariProxyConnection@966987034 wrapping conn0: url=jdbc:h2:mem:volleyball_theme_config_test user=SA] will not be managed by Spring
==>  Preparing: SELECT id,openid,nickname,avatar_url,profile_completed,create_time,update_time FROM app_user WHERE (openid = ?)
==> Parameters: dev_mock_web_debug(String)
<==      Total: 0
Closing non transactional SqlSession [org.apache.ibatis.session.defaults.DefaultSqlSession@197180a5]
Creating a new SqlSession
SqlSession [org.apache.ibatis.session.defaults.DefaultSqlSession@670ae31f] was not registered for synchronization because synchronization is not active
JDBC Connection [HikariProxyConnection@425218635 wrapping conn0: url=jdbc:h2:mem:volleyball_theme_config_test user=SA] will not be managed by Spring
==>  Preparing: INSERT INTO app_user ( id, openid, nickname, avatar_url, profile_completed, create_time, update_time ) VALUES ( ?, ?, ?, ?, ?, ?, ? )
==> Parameters: 2067493065122553857(String), dev_mock_web_debug(String), Dev调试(String), https://mmbiz.qpic.cn/mmbiz/icTdbqWNOwNRna42FI242Lcia07jQodd2FJGIYQfG0LAJGFxM4FbnQP6yfMxBgJ0F3YRqJCJ1aPAK2dQagdusBZg/0(String), true(Boolean), 2026-06-18T14:22:13.559774200(LocalDateTime), 2026-06-18T14:22:13.559774200(LocalDateTime)
<==    Updates: 1
Closing non transactional SqlSession [org.apache.ibatis.session.defaults.DefaultSqlSession@670ae31f]
Creating a new SqlSession
SqlSession [org.apache.ibatis.session.defaults.DefaultSqlSession@244268a8] was not registered for synchronization because synchronization is not active
JDBC Connection [HikariProxyConnection@1446688469 wrapping conn0: url=jdbc:h2:mem:volleyball_theme_config_test user=SA] will not be managed by Spring
==>  Preparing: SELECT id,tournament_id,round_num,match_index,stage_type,group_no,left_player_id,right_player_id,score_display,winner_id,left_game_wins,right_game_wins,game_scores,status,next_match_id,next_match_slot,retired_side FROM match_record WHERE id=?
==> Parameters: m-1(String)
<==    Columns: id, tournament_id, round_num, match_index, stage_type, group_no, left_player_id, right_player_id, score_display, winner_id, left_game_wins, right_game_wins, game_scores, status, next_match_id, next_match_slot, retired_side
<==        Row: m-1, t-1, 1, 1, 1, null, p-left, p-right, null, null, null, null, <<BLOB>>, 1, null, null, null
<==      Total: 1
Closing non transactional SqlSession [org.apache.ibatis.session.defaults.DefaultSqlSession@244268a8]
Creating a new SqlSession
SqlSession [org.apache.ibatis.session.defaults.DefaultSqlSession@45a9cf78] was not registered for synchronization because synchronization is not active
JDBC Connection [HikariProxyConnection@915404990 wrapping conn0: url=jdbc:h2:mem:volleyball_theme_config_test user=SA] will not be managed by Spring
==>  Preparing: SELECT id,match_id,theme_json,create_time,update_time FROM match_theme_config WHERE (match_id = ?)
==> Parameters: m-1(String)
<==    Columns: id, match_id, theme_json, create_time, update_time
<==        Row: 2067493064875089921, m-1, <<BLOB>>, 2026-06-18 14:22:13.487181, 2026-06-18 14:22:13.487181
<==      Total: 1
Closing non transactional SqlSession [org.apache.ibatis.session.defaults.DefaultSqlSession@45a9cf78]
2026-06-18 14:22:13.679 INFO  [main] com.scoring.backend.common.RequestLoggingFilter - request_done method=GET path=/api/v1/matches/m-1/theme-config status=200 costMs=93 clientIp=127.0.0.1
]]></system-out>
    <system-err><![CDATA[WARNING: A Java agent has been loaded dynamically (C:\Users\lijin\.m2\repository\net\bytebuddy\byte-buddy-agent\1.14.19\byte-buddy-agent-1.14.19.jar)
WARNING: If a serviceability tool is in use, please run with -XX:+EnableDynamicAgentLoading to hide this warning
WARNING: If a serviceability tool is not in use, please run with -Djdk.instrument.traceUsage for more information
WARNING: Dynamic loading of agents will be disallowed by default in a future release
]]></system-err>
  </testcase>
  <testcase name="getThemeConfig_shouldBeCompatibleWithLegacyThemeShape" classname="com.scoring.backend.controller.MatchThemeConfigIntegrationTest" time="0.023">
    <system-out><![CDATA[Creating a new SqlSession
SqlSession [org.apache.ibatis.session.defaults.DefaultSqlSession@180e33b0] was not registered for synchronization because synchronization is not active
JDBC Connection [HikariProxyConnection@655089792 wrapping conn0: url=jdbc:h2:mem:volleyball_theme_config_test user=SA] will not be managed by Spring
==>  Preparing: DELETE FROM match_theme_config
==> Parameters: 
<==    Updates: 1
Closing non transactional SqlSession [org.apache.ibatis.session.defaults.DefaultSqlSession@180e33b0]
Creating a new SqlSession
SqlSession [org.apache.ibatis.session.defaults.DefaultSqlSession@78f35e39] was not registered for synchronization because synchronization is not active
JDBC Connection [HikariProxyConnection@294215972 wrapping conn0: url=jdbc:h2:mem:volleyball_theme_config_test user=SA] will not be managed by Spring
==>  Preparing: DELETE FROM match_record
==> Parameters: 
<==    Updates: 1
Closing non transactional SqlSession [org.apache.ibatis.session.defaults.DefaultSqlSession@78f35e39]
Creating a new SqlSession
SqlSession [org.apache.ibatis.session.defaults.DefaultSqlSession@69fe8c75] was not registered for synchronization because synchronization is not active
JDBC Connection [HikariProxyConnection@1664920909 wrapping conn0: url=jdbc:h2:mem:volleyball_theme_config_test user=SA] will not be managed by Spring
==>  Preparing: DELETE FROM player
==> Parameters: 
<==    Updates: 2
Closing non transactional SqlSession [org.apache.ibatis.session.defaults.DefaultSqlSession@69fe8c75]
Creating a new SqlSession
SqlSession [org.apache.ibatis.session.defaults.DefaultSqlSession@15c3585] was not registered for synchronization because synchronization is not active
JDBC Connection [HikariProxyConnection@1535571147 wrapping conn0: url=jdbc:h2:mem:volleyball_theme_config_test user=SA] will not be managed by Spring
==>  Preparing: DELETE FROM tournament
==> Parameters: 
<==    Updates: 1
Closing non transactional SqlSession [org.apache.ibatis.session.defaults.DefaultSqlSession@15c3585]
Creating a new SqlSession
SqlSession [org.apache.ibatis.session.defaults.DefaultSqlSession@468646ea] was not registered for synchronization because synchronization is not active
JDBC Connection [HikariProxyConnection@1079430578 wrapping conn0: url=jdbc:h2:mem:volleyball_theme_config_test user=SA] will not be managed by Spring
==>  Preparing: INSERT INTO tournament ( id, name, location, status, sport_type, tournament_type, current_stage, knockout_generated, best_of, games_to_win, points_to_win, enable_deuce, cap_point, creator_user_id, favorite_count, create_time, update_time ) VALUES ( ?, ?, ?, ?, ?, ?, ?, ?, ?, ?, ?, ?, ?, ?, ?, ?, ? )
==> Parameters: t-1(String), test(String), court(String), 1(Integer), 1(Integer), 0(Integer), 1(Integer), true(Boolean), 3(Integer), 2(Integer), 25(Integer), true(Boolean), 99(Integer), user-1(String), 0(Integer), 2026-06-18T14:22:13.750615800(LocalDateTime), 2026-06-18T14:22:13.750615800(LocalDateTime)
<==    Updates: 1
Closing non transactional SqlSession [org.apache.ibatis.session.defaults.DefaultSqlSession@468646ea]
Creating a new SqlSession
SqlSession [org.apache.ibatis.session.defaults.DefaultSqlSession@20462820] was not registered for synchronization because synchronization is not active
JDBC Connection [HikariProxyConnection@1275768911 wrapping conn0: url=jdbc:h2:mem:volleyball_theme_config_test user=SA] will not be managed by Spring
==>  Preparing: INSERT INTO player ( id, tournament_id, name, create_time ) VALUES ( ?, ?, ?, ? )
==> Parameters: p-left(String), t-1(String), Left Team(String), 2026-06-18T14:22:13.752617100(LocalDateTime)
<==    Updates: 1
Closing non transactional SqlSession [org.apache.ibatis.session.defaults.DefaultSqlSession@20462820]
Creating a new SqlSession
SqlSession [org.apache.ibatis.session.defaults.DefaultSqlSession@384f0e32] was not registered for synchronization because synchronization is not active
JDBC Connection [HikariProxyConnection@1317171156 wrapping conn0: url=jdbc:h2:mem:volleyball_theme_config_test user=SA] will not be managed by Spring
==>  Preparing: INSERT INTO player ( id, tournament_id, name, create_time ) VALUES ( ?, ?, ?, ? )
==> Parameters: p-right(String), t-1(String), Right Team(String), 2026-06-18T14:22:13.753617200(LocalDateTime)
<==    Updates: 1
Closing non transactional SqlSession [org.apache.ibatis.session.defaults.DefaultSqlSession@384f0e32]
Creating a new SqlSession
SqlSession [org.apache.ibatis.session.defaults.DefaultSqlSession@5f14590c] was not registered for synchronization because synchronization is not active
JDBC Connection [HikariProxyConnection@1174737513 wrapping conn0: url=jdbc:h2:mem:volleyball_theme_config_test user=SA] will not be managed by Spring
==>  Preparing: INSERT INTO match_record ( id, tournament_id, round_num, match_index, stage_type, left_player_id, right_player_id, status ) VALUES ( ?, ?, ?, ?, ?, ?, ?, ? )
==> Parameters: m-1(String), t-1(String), 1(Integer), 1(Integer), 1(Integer), p-left(String), p-right(String), 1(Integer)
<==    Updates: 1
Closing non transactional SqlSession [org.apache.ibatis.session.defaults.DefaultSqlSession@5f14590c]
Creating a new SqlSession
SqlSession [org.apache.ibatis.session.defaults.DefaultSqlSession@4803bf73] was not registered for synchronization because synchronization is not active
JDBC Connection [HikariProxyConnection@326311924 wrapping conn0: url=jdbc:h2:mem:volleyball_theme_config_test user=SA] will not be managed by Spring
==>  Preparing: INSERT INTO match_theme_config ( id, match_id, theme_json, create_time, update_time ) VALUES ( ?, ?, ?, ?, ? )
==> Parameters: 2067493065969803265(String), m-1(String), {"themeBase":"#194955","themeBaseDeep":"#143843","themeAccent":"#F49227","themeAccentInk":"#194955","captain":"#739C69","courtSurface":"#1E4F2B","rightScoreAccent":"#52C41A","dangerAccent":"#FF7A45","textStrong":"#FFFFFF","surfaceGlass":"#FFFFFF","shadowColor":"#000000","overlayMask":"#07121C","courtSlotAccent":"#008F8D"}(String), 2026-06-18T14:22:13.757616300(LocalDateTime), 2026-06-18T14:22:13.757616300(LocalDateTime)
<==    Updates: 1
Closing non transactional SqlSession [org.apache.ibatis.session.defaults.DefaultSqlSession@4803bf73]
Creating a new SqlSession
SqlSession [org.apache.ibatis.session.defaults.DefaultSqlSession@1ce8084a] was not registered for synchronization because synchronization is not active
JDBC Connection [HikariProxyConnection@1641169735 wrapping conn0: url=jdbc:h2:mem:volleyball_theme_config_test user=SA] will not be managed by Spring
==>  Preparing: SELECT id,tournament_id,round_num,match_index,stage_type,group_no,left_player_id,right_player_id,score_display,winner_id,left_game_wins,right_game_wins,game_scores,status,next_match_id,next_match_slot,retired_side FROM match_record WHERE id=?
==> Parameters: m-1(String)
<==    Columns: id, tournament_id, round_num, match_index, stage_type, group_no, left_player_id, right_player_id, score_display, winner_id, left_game_wins, right_game_wins, game_scores, status, next_match_id, next_match_slot, retired_side
<==        Row: m-1, t-1, 1, 1, 1, null, p-left, p-right, null, null, null, null, <<BLOB>>, 1, null, null, null
<==      Total: 1
Closing non transactional SqlSession [org.apache.ibatis.session.defaults.DefaultSqlSession@1ce8084a]
Creating a new SqlSession
SqlSession [org.apache.ibatis.session.defaults.DefaultSqlSession@347f8029] was not registered for synchronization because synchronization is not active
JDBC Connection [HikariProxyConnection@1064871405 wrapping conn0: url=jdbc:h2:mem:volleyball_theme_config_test user=SA] will not be managed by Spring
==>  Preparing: SELECT id,match_id,theme_json,create_time,update_time FROM match_theme_config WHERE (match_id = ?)
==> Parameters: m-1(String)
<==    Columns: id, match_id, theme_json, create_time, update_time
<==        Row: 2067493065969803265, m-1, <<BLOB>>, 2026-06-18 14:22:13.757616, 2026-06-18 14:22:13.757616
<==      Total: 1
Closing non transactional SqlSession [org.apache.ibatis.session.defaults.DefaultSqlSession@347f8029]
2026-06-18 14:22:13.763 INFO  [main] com.scoring.backend.common.RequestLoggingFilter - request_done method=GET path=/api/v1/matches/m-1/theme-config status=200 costMs=6 clientIp=127.0.0.1
]]></system-out>
  </testcase>
  <testcase name="saveThemeConfig_shouldCreateAndAllowOverwrite" classname="com.scoring.backend.controller.MatchThemeConfigIntegrationTest" time="0.12">
    <system-out><![CDATA[Creating a new SqlSession
SqlSession [org.apache.ibatis.session.defaults.DefaultSqlSession@630e5010] was not registered for synchronization because synchronization is not active
JDBC Connection [HikariProxyConnection@280362829 wrapping conn0: url=jdbc:h2:mem:volleyball_theme_config_test user=SA] will not be managed by Spring
==>  Preparing: DELETE FROM match_theme_config
==> Parameters: 
<==    Updates: 1
Closing non transactional SqlSession [org.apache.ibatis.session.defaults.DefaultSqlSession@630e5010]
Creating a new SqlSession
SqlSession [org.apache.ibatis.session.defaults.DefaultSqlSession@58835bba] was not registered for synchronization because synchronization is not active
JDBC Connection [HikariProxyConnection@573495946 wrapping conn0: url=jdbc:h2:mem:volleyball_theme_config_test user=SA] will not be managed by Spring
==>  Preparing: DELETE FROM match_record
==> Parameters: 
<==    Updates: 1
Closing non transactional SqlSession [org.apache.ibatis.session.defaults.DefaultSqlSession@58835bba]
Creating a new SqlSession
SqlSession [org.apache.ibatis.session.defaults.DefaultSqlSession@3331800f] was not registered for synchronization because synchronization is not active
JDBC Connection [HikariProxyConnection@205606579 wrapping conn0: url=jdbc:h2:mem:volleyball_theme_config_test user=SA] will not be managed by Spring
==>  Preparing: DELETE FROM player
==> Parameters: 
<==    Updates: 2
Closing non transactional SqlSession [org.apache.ibatis.session.defaults.DefaultSqlSession@3331800f]
Creating a new SqlSession
SqlSession [org.apache.ibatis.session.defaults.DefaultSqlSession@4edd8a0a] was not registered for synchronization because synchronization is not active
JDBC Connection [HikariProxyConnection@443806673 wrapping conn0: url=jdbc:h2:mem:volleyball_theme_config_test user=SA] will not be managed by Spring
==>  Preparing: DELETE FROM tournament
==> Parameters: 
<==    Updates: 1
Closing non transactional SqlSession [org.apache.ibatis.session.defaults.DefaultSqlSession@4edd8a0a]
Creating a new SqlSession
SqlSession [org.apache.ibatis.session.defaults.DefaultSqlSession@257d3968] was not registered for synchronization because synchronization is not active
JDBC Connection [HikariProxyConnection@600825762 wrapping conn0: url=jdbc:h2:mem:volleyball_theme_config_test user=SA] will not be managed by Spring
==>  Preparing: INSERT INTO tournament ( id, name, location, status, sport_type, tournament_type, current_stage, knockout_generated, best_of, games_to_win, points_to_win, enable_deuce, cap_point, creator_user_id, favorite_count, create_time, update_time ) VALUES ( ?, ?, ?, ?, ?, ?, ?, ?, ?, ?, ?, ?, ?, ?, ?, ?, ? )
==> Parameters: t-1(String), test(String), court(String), 1(Integer), 1(Integer), 0(Integer), 1(Integer), true(Boolean), 3(Integer), 2(Integer), 25(Integer), true(Boolean), 99(Integer), user-1(String), 0(Integer), 2026-06-18T14:22:13.775877400(LocalDateTime), 2026-06-18T14:22:13.775877400(LocalDateTime)
<==    Updates: 1
Closing non transactional SqlSession [org.apache.ibatis.session.defaults.DefaultSqlSession@257d3968]
Creating a new SqlSession
SqlSession [org.apache.ibatis.session.defaults.DefaultSqlSession@1e09c0b] was not registered for synchronization because synchronization is not active
JDBC Connection [HikariProxyConnection@76024477 wrapping conn0: url=jdbc:h2:mem:volleyball_theme_config_test user=SA] will not be managed by Spring
==>  Preparing: INSERT INTO player ( id, tournament_id, name, create_time ) VALUES ( ?, ?, ?, ? )
==> Parameters: p-left(String), t-1(String), Left Team(String), 2026-06-18T14:22:13.778876700(LocalDateTime)
<==    Updates: 1
Closing non transactional SqlSession [org.apache.ibatis.session.defaults.DefaultSqlSession@1e09c0b]
Creating a new SqlSession
SqlSession [org.apache.ibatis.session.defaults.DefaultSqlSession@48f2d51d] was not registered for synchronization because synchronization is not active
JDBC Connection [HikariProxyConnection@354230638 wrapping conn0: url=jdbc:h2:mem:volleyball_theme_config_test user=SA] will not be managed by Spring
==>  Preparing: INSERT INTO player ( id, tournament_id, name, create_time ) VALUES ( ?, ?, ?, ? )
==> Parameters: p-right(String), t-1(String), Right Team(String), 2026-06-18T14:22:13.779877(LocalDateTime)
<==    Updates: 1
Closing non transactional SqlSession [org.apache.ibatis.session.defaults.DefaultSqlSession@48f2d51d]
Creating a new SqlSession
SqlSession [org.apache.ibatis.session.defaults.DefaultSqlSession@1018f702] was not registered for synchronization because synchronization is not active
JDBC Connection [HikariProxyConnection@1409342334 wrapping conn0: url=jdbc:h2:mem:volleyball_theme_config_test user=SA] will not be managed by Spring
==>  Preparing: INSERT INTO match_record ( id, tournament_id, round_num, match_index, stage_type, left_player_id, right_player_id, status ) VALUES ( ?, ?, ?, ?, ?, ?, ?, ? )
==> Parameters: m-1(String), t-1(String), 1(Integer), 1(Integer), 1(Integer), p-left(String), p-right(String), 1(Integer)
<==    Updates: 1
Closing non transactional SqlSession [org.apache.ibatis.session.defaults.DefaultSqlSession@1018f702]
Creating a new SqlSession
Registering transaction synchronization for SqlSession [org.apache.ibatis.session.defaults.DefaultSqlSession@1e3a2177]
JDBC Connection [HikariProxyConnection@485807188 wrapping conn0: url=jdbc:h2:mem:volleyball_theme_config_test user=SA] will be managed by Spring
==>  Preparing: SELECT id,tournament_id,round_num,match_index,stage_type,group_no,left_player_id,right_player_id,score_display,winner_id,left_game_wins,right_game_wins,game_scores,status,next_match_id,next_match_slot,retired_side FROM match_record WHERE id=?
==> Parameters: m-1(String)
<==    Columns: id, tournament_id, round_num, match_index, stage_type, group_no, left_player_id, right_player_id, score_display, winner_id, left_game_wins, right_game_wins, game_scores, status, next_match_id, next_match_slot, retired_side
<==        Row: m-1, t-1, 1, 1, 1, null, p-left, p-right, null, null, null, null, <<BLOB>>, 1, null, null, null
<==      Total: 1
Releasing transactional SqlSession [org.apache.ibatis.session.defaults.DefaultSqlSession@1e3a2177]
Fetched SqlSession [org.apache.ibatis.session.defaults.DefaultSqlSession@1e3a2177] from current transaction
==>  Preparing: SELECT id,name,location,status,sport_type,tournament_type,group_size,knockout_slots,qualifiers_per_group,current_stage,knockout_generated,best_of,games_to_win,points_to_win,enable_deuce,cap_point,creator_user_id,favorite_count,create_time,update_time FROM tournament WHERE id=?
==> Parameters: t-1(String)
<==    Columns: id, name, location, status, sport_type, tournament_type, group_size, knockout_slots, qualifiers_per_group, current_stage, knockout_generated, best_of, games_to_win, points_to_win, enable_deuce, cap_point, creator_user_id, favorite_count, create_time, update_time
<==        Row: t-1, test, court, 1, 1, 0, null, null, null, 1, TRUE, 3, 2, 25, TRUE, 99, user-1, 0, 2026-06-18 14:22:13.775877, 2026-06-18 14:22:13.775877
<==      Total: 1
Releasing transactional SqlSession [org.apache.ibatis.session.defaults.DefaultSqlSession@1e3a2177]
Fetched SqlSession [org.apache.ibatis.session.defaults.DefaultSqlSession@1e3a2177] from current transaction
==>  Preparing: SELECT id,match_id,theme_json,create_time,update_time FROM match_theme_config WHERE (match_id = ?)
==> Parameters: m-1(String)
<==      Total: 0
Releasing transactional SqlSession [org.apache.ibatis.session.defaults.DefaultSqlSession@1e3a2177]
Fetched SqlSession [org.apache.ibatis.session.defaults.DefaultSqlSession@1e3a2177] from current transaction
==>  Preparing: INSERT INTO match_theme_config ( id, match_id, theme_json, create_time, update_time ) VALUES ( ?, ?, ?, ?, ? )
==> Parameters: 2067493066359873537(String), m-1(String), {"pad":{"dark":{"themeBase":"#194955","themeBaseDeep":"#143843","themeAccent":"#F49227","themeAccentInk":"#194955","captain":"#739C69","courtSurface":"#1E4F2B","rightScoreAccent":"#52C41A","dangerAccent":"#FF7A45","textStrong":"#FFFFFF","surfaceGlass":"#FFFFFF","shadowColor":"#000000","overlayMask":"#07121C","courtSlotAccent":"#008F8D"}}}(String), 2026-06-18T14:22:13.853294900(LocalDateTime), 2026-06-18T14:22:13.853294900(LocalDateTime)
<==    Updates: 1
Releasing transactional SqlSession [org.apache.ibatis.session.defaults.DefaultSqlSession@1e3a2177]
Transaction synchronization committing SqlSession [org.apache.ibatis.session.defaults.DefaultSqlSession@1e3a2177]
Transaction synchronization deregistering SqlSession [org.apache.ibatis.session.defaults.DefaultSqlSession@1e3a2177]
Transaction synchronization closing SqlSession [org.apache.ibatis.session.defaults.DefaultSqlSession@1e3a2177]
2026-06-18 14:22:13.856 INFO  [main] com.scoring.backend.common.RequestLoggingFilter - request_done method=PUT path=/api/v1/matches/m-1/theme-config status=200 costMs=72 clientIp=127.0.0.1
Creating a new SqlSession
SqlSession [org.apache.ibatis.session.defaults.DefaultSqlSession@38d308e7] was not registered for synchronization because synchronization is not active
JDBC Connection [HikariProxyConnection@112654141 wrapping conn0: url=jdbc:h2:mem:volleyball_theme_config_test user=SA] will not be managed by Spring
==>  Preparing: SELECT id,match_id,theme_json,create_time,update_time FROM match_theme_config WHERE (match_id = ?)
==> Parameters: m-1(String)
<==    Columns: id, match_id, theme_json, create_time, update_time
<==        Row: 2067493066359873537, m-1, <<BLOB>>, 2026-06-18 14:22:13.853295, 2026-06-18 14:22:13.853295
<==      Total: 1
Closing non transactional SqlSession [org.apache.ibatis.session.defaults.DefaultSqlSession@38d308e7]
Creating a new SqlSession
Registering transaction synchronization for SqlSession [org.apache.ibatis.session.defaults.DefaultSqlSession@6a95c2f6]
JDBC Connection [HikariProxyConnection@1069632960 wrapping conn0: url=jdbc:h2:mem:volleyball_theme_config_test user=SA] will be managed by Spring
==>  Preparing: SELECT id,tournament_id,round_num,match_index,stage_type,group_no,left_player_id,right_player_id,score_display,winner_id,left_game_wins,right_game_wins,game_scores,status,next_match_id,next_match_slot,retired_side FROM match_record WHERE id=?
==> Parameters: m-1(String)
<==    Columns: id, tournament_id, round_num, match_index, stage_type, group_no, left_player_id, right_player_id, score_display, winner_id, left_game_wins, right_game_wins, game_scores, status, next_match_id, next_match_slot, retired_side
<==        Row: m-1, t-1, 1, 1, 1, null, p-left, p-right, null, null, null, null, <<BLOB>>, 1, null, null, null
<==      Total: 1
Releasing transactional SqlSession [org.apache.ibatis.session.defaults.DefaultSqlSession@6a95c2f6]
Fetched SqlSession [org.apache.ibatis.session.defaults.DefaultSqlSession@6a95c2f6] from current transaction
==>  Preparing: SELECT id,name,location,status,sport_type,tournament_type,group_size,knockout_slots,qualifiers_per_group,current_stage,knockout_generated,best_of,games_to_win,points_to_win,enable_deuce,cap_point,creator_user_id,favorite_count,create_time,update_time FROM tournament WHERE id=?
==> Parameters: t-1(String)
<==    Columns: id, name, location, status, sport_type, tournament_type, group_size, knockout_slots, qualifiers_per_group, current_stage, knockout_generated, best_of, games_to_win, points_to_win, enable_deuce, cap_point, creator_user_id, favorite_count, create_time, update_time
<==        Row: t-1, test, court, 1, 1, 0, null, null, null, 1, TRUE, 3, 2, 25, TRUE, 99, user-1, 0, 2026-06-18 14:22:13.775877, 2026-06-18 14:22:13.775877
<==      Total: 1
Releasing transactional SqlSession [org.apache.ibatis.session.defaults.DefaultSqlSession@6a95c2f6]
Fetched SqlSession [org.apache.ibatis.session.defaults.DefaultSqlSession@6a95c2f6] from current transaction
==>  Preparing: SELECT id,match_id,theme_json,create_time,update_time FROM match_theme_config WHERE (match_id = ?)
==> Parameters: m-1(String)
<==    Columns: id, match_id, theme_json, create_time, update_time
<==        Row: 2067493066359873537, m-1, <<BLOB>>, 2026-06-18 14:22:13.853295, 2026-06-18 14:22:13.853295
<==      Total: 1
Releasing transactional SqlSession [org.apache.ibatis.session.defaults.DefaultSqlSession@6a95c2f6]
Fetched SqlSession [org.apache.ibatis.session.defaults.DefaultSqlSession@6a95c2f6] from current transaction
==>  Preparing: UPDATE match_theme_config SET match_id=?, theme_json=?, create_time=?, update_time=? WHERE id=?
==> Parameters: m-1(String), {"pad":{"dark":{"themeBase":"#225F6E","themeBaseDeep":"#143843","themeAccent":"#F4A53A","themeAccentInk":"#194955","captain":"#739C69","courtSurface":"#1E4F2B","rightScoreAccent":"#52C41A","dangerAccent":"#FF7A45","textStrong":"#FFFFFF","surfaceGlass":"#FFFFFF","shadowColor":"#000000","overlayMask":"#07121C","courtSlotAccent":"#008F8D"}}}(String), 2026-06-18T14:22:13.853295(LocalDateTime), 2026-06-18T14:22:13.853295(LocalDateTime), 2067493066359873537(String)
<==    Updates: 1
Releasing transactional SqlSession [org.apache.ibatis.session.defaults.DefaultSqlSession@6a95c2f6]
Transaction synchronization committing SqlSession [org.apache.ibatis.session.defaults.DefaultSqlSession@6a95c2f6]
Transaction synchronization deregistering SqlSession [org.apache.ibatis.session.defaults.DefaultSqlSession@6a95c2f6]
Transaction synchronization closing SqlSession [org.apache.ibatis.session.defaults.DefaultSqlSession@6a95c2f6]
2026-06-18 14:22:13.884 INFO  [main] com.scoring.backend.common.RequestLoggingFilter - request_done method=PUT path=/api/v1/matches/m-1/theme-config status=200 costMs=12 clientIp=127.0.0.1
Creating a new SqlSession
SqlSession [org.apache.ibatis.session.defaults.DefaultSqlSession@47b494ce] was not registered for synchronization because synchronization is not active
JDBC Connection [HikariProxyConnection@1356668474 wrapping conn0: url=jdbc:h2:mem:volleyball_theme_config_test user=SA] will not be managed by Spring
==>  Preparing: SELECT id,match_id,theme_json,create_time,update_time FROM match_theme_config WHERE (match_id = ?)
==> Parameters: m-1(String)
<==    Columns: id, match_id, theme_json, create_time, update_time
<==        Row: 2067493066359873537, m-1, <<BLOB>>, 2026-06-18 14:22:13.853295, 2026-06-18 14:22:13.853295
<==      Total: 1
Closing non transactional SqlSession [org.apache.ibatis.session.defaults.DefaultSqlSession@47b494ce]
]]></system-out>
  </testcase>
  <testcase name="saveThemeConfig_shouldRejectNonCreator" classname="com.scoring.backend.controller.MatchThemeConfigIntegrationTest" time="0.018">
    <system-out><![CDATA[Creating a new SqlSession
SqlSession [org.apache.ibatis.session.defaults.DefaultSqlSession@67e628b] was not registered for synchronization because synchronization is not active
JDBC Connection [HikariProxyConnection@1468832172 wrapping conn0: url=jdbc:h2:mem:volleyball_theme_config_test user=SA] will not be managed by Spring
==>  Preparing: DELETE FROM match_theme_config
==> Parameters: 
<==    Updates: 1
Closing non transactional SqlSession [org.apache.ibatis.session.defaults.DefaultSqlSession@67e628b]
Creating a new SqlSession
SqlSession [org.apache.ibatis.session.defaults.DefaultSqlSession@6ca30886] was not registered for synchronization because synchronization is not active
JDBC Connection [HikariProxyConnection@2079418738 wrapping conn0: url=jdbc:h2:mem:volleyball_theme_config_test user=SA] will not be managed by Spring
==>  Preparing: DELETE FROM match_record
==> Parameters: 
<==    Updates: 1
Closing non transactional SqlSession [org.apache.ibatis.session.defaults.DefaultSqlSession@6ca30886]
Creating a new SqlSession
SqlSession [org.apache.ibatis.session.defaults.DefaultSqlSession@eee26bd] was not registered for synchronization because synchronization is not active
JDBC Connection [HikariProxyConnection@1025281845 wrapping conn0: url=jdbc:h2:mem:volleyball_theme_config_test user=SA] will not be managed by Spring
==>  Preparing: DELETE FROM player
==> Parameters: 
<==    Updates: 2
Closing non transactional SqlSession [org.apache.ibatis.session.defaults.DefaultSqlSession@eee26bd]
Creating a new SqlSession
SqlSession [org.apache.ibatis.session.defaults.DefaultSqlSession@498f5728] was not registered for synchronization because synchronization is not active
JDBC Connection [HikariProxyConnection@960830866 wrapping conn0: url=jdbc:h2:mem:volleyball_theme_config_test user=SA] will not be managed by Spring
==>  Preparing: DELETE FROM tournament
==> Parameters: 
<==    Updates: 1
Closing non transactional SqlSession [org.apache.ibatis.session.defaults.DefaultSqlSession@498f5728]
Creating a new SqlSession
SqlSession [org.apache.ibatis.session.defaults.DefaultSqlSession@46610fc9] was not registered for synchronization because synchronization is not active
JDBC Connection [HikariProxyConnection@534598935 wrapping conn0: url=jdbc:h2:mem:volleyball_theme_config_test user=SA] will not be managed by Spring
==>  Preparing: INSERT INTO tournament ( id, name, location, status, sport_type, tournament_type, current_stage, knockout_generated, best_of, games_to_win, points_to_win, enable_deuce, cap_point, creator_user_id, favorite_count, create_time, update_time ) VALUES ( ?, ?, ?, ?, ?, ?, ?, ?, ?, ?, ?, ?, ?, ?, ?, ?, ? )
==> Parameters: t-1(String), test(String), court(String), 1(Integer), 1(Integer), 0(Integer), 1(Integer), true(Boolean), 3(Integer), 2(Integer), 25(Integer), true(Boolean), 99(Integer), user-1(String), 0(Integer), 2026-06-18T14:22:13.894662300(LocalDateTime), 2026-06-18T14:22:13.894662300(LocalDateTime)
<==    Updates: 1
Closing non transactional SqlSession [org.apache.ibatis.session.defaults.DefaultSqlSession@46610fc9]
Creating a new SqlSession
SqlSession [org.apache.ibatis.session.defaults.DefaultSqlSession@2cd877d3] was not registered for synchronization because synchronization is not active
JDBC Connection [HikariProxyConnection@1029723735 wrapping conn0: url=jdbc:h2:mem:volleyball_theme_config_test user=SA] will not be managed by Spring
==>  Preparing: INSERT INTO player ( id, tournament_id, name, create_time ) VALUES ( ?, ?, ?, ? )
==> Parameters: p-left(String), t-1(String), Left Team(String), 2026-06-18T14:22:13.895660200(LocalDateTime)
<==    Updates: 1
Closing non transactional SqlSession [org.apache.ibatis.session.defaults.DefaultSqlSession@2cd877d3]
Creating a new SqlSession
SqlSession [org.apache.ibatis.session.defaults.DefaultSqlSession@73b10975] was not registered for synchronization because synchronization is not active
JDBC Connection [HikariProxyConnection@103911417 wrapping conn0: url=jdbc:h2:mem:volleyball_theme_config_test user=SA] will not be managed by Spring
==>  Preparing: INSERT INTO player ( id, tournament_id, name, create_time ) VALUES ( ?, ?, ?, ? )
==> Parameters: p-right(String), t-1(String), Right Team(String), 2026-06-18T14:22:13.896661(LocalDateTime)
<==    Updates: 1
Closing non transactional SqlSession [org.apache.ibatis.session.defaults.DefaultSqlSession@73b10975]
Creating a new SqlSession
SqlSession [org.apache.ibatis.session.defaults.DefaultSqlSession@69b80603] was not registered for synchronization because synchronization is not active
JDBC Connection [HikariProxyConnection@1448421261 wrapping conn0: url=jdbc:h2:mem:volleyball_theme_config_test user=SA] will not be managed by Spring
==>  Preparing: INSERT INTO match_record ( id, tournament_id, round_num, match_index, stage_type, left_player_id, right_player_id, status ) VALUES ( ?, ?, ?, ?, ?, ?, ?, ? )
==> Parameters: m-1(String), t-1(String), 1(Integer), 1(Integer), 1(Integer), p-left(String), p-right(String), 1(Integer)
<==    Updates: 1
Closing non transactional SqlSession [org.apache.ibatis.session.defaults.DefaultSqlSession@69b80603]
Creating a new SqlSession
Registering transaction synchronization for SqlSession [org.apache.ibatis.session.defaults.DefaultSqlSession@2dd46693]
JDBC Connection [HikariProxyConnection@246540392 wrapping conn0: url=jdbc:h2:mem:volleyball_theme_config_test user=SA] will be managed by Spring
==>  Preparing: SELECT id,tournament_id,round_num,match_index,stage_type,group_no,left_player_id,right_player_id,score_display,winner_id,left_game_wins,right_game_wins,game_scores,status,next_match_id,next_match_slot,retired_side FROM match_record WHERE id=?
==> Parameters: m-1(String)
<==    Columns: id, tournament_id, round_num, match_index, stage_type, group_no, left_player_id, right_player_id, score_display, winner_id, left_game_wins, right_game_wins, game_scores, status, next_match_id, next_match_slot, retired_side
<==        Row: m-1, t-1, 1, 1, 1, null, p-left, p-right, null, null, null, null, <<BLOB>>, 1, null, null, null
<==      Total: 1
Releasing transactional SqlSession [org.apache.ibatis.session.defaults.DefaultSqlSession@2dd46693]
Fetched SqlSession [org.apache.ibatis.session.defaults.DefaultSqlSession@2dd46693] from current transaction
==>  Preparing: SELECT id,name,location,status,sport_type,tournament_type,group_size,knockout_slots,qualifiers_per_group,current_stage,knockout_generated,best_of,games_to_win,points_to_win,enable_deuce,cap_point,creator_user_id,favorite_count,create_time,update_time FROM tournament WHERE id=?
==> Parameters: t-1(String)
<==    Columns: id, name, location, status, sport_type, tournament_type, group_size, knockout_slots, qualifiers_per_group, current_stage, knockout_generated, best_of, games_to_win, points_to_win, enable_deuce, cap_point, creator_user_id, favorite_count, create_time, update_time
<==        Row: t-1, test, court, 1, 1, 0, null, null, null, 1, TRUE, 3, 2, 25, TRUE, 99, user-1, 0, 2026-06-18 14:22:13.894662, 2026-06-18 14:22:13.894662
<==      Total: 1
Releasing transactional SqlSession [org.apache.ibatis.session.defaults.DefaultSqlSession@2dd46693]
Transaction synchronization deregistering SqlSession [org.apache.ibatis.session.defaults.DefaultSqlSession@2dd46693]
Transaction synchronization closing SqlSession [org.apache.ibatis.session.defaults.DefaultSqlSession@2dd46693]
2026-06-18 14:22:13.906 INFO  [main] com.scoring.backend.common.RequestLoggingFilter - request_done method=PUT path=/api/v1/matches/m-1/theme-config status=200 costMs=7 clientIp=127.0.0.1
]]></system-out>
  </testcase>
  <testcase name="getThemeConfig_shouldReturnSavedThemeByDevice" classname="com.scoring.backend.controller.MatchThemeConfigIntegrationTest" time="0.052">
    <system-out><![CDATA[Creating a new SqlSession
SqlSession [org.apache.ibatis.session.defaults.DefaultSqlSession@1bb78ae] was not registered for synchronization because synchronization is not active
JDBC Connection [HikariProxyConnection@1055053126 wrapping conn0: url=jdbc:h2:mem:volleyball_theme_config_test user=SA] will not be managed by Spring
==>  Preparing: DELETE FROM match_theme_config
==> Parameters: 
<==    Updates: 0
Closing non transactional SqlSession [org.apache.ibatis.session.defaults.DefaultSqlSession@1bb78ae]
Creating a new SqlSession
SqlSession [org.apache.ibatis.session.defaults.DefaultSqlSession@58be583e] was not registered for synchronization because synchronization is not active
JDBC Connection [HikariProxyConnection@439645998 wrapping conn0: url=jdbc:h2:mem:volleyball_theme_config_test user=SA] will not be managed by Spring
==>  Preparing: DELETE FROM match_record
==> Parameters: 
<==    Updates: 1
Closing non transactional SqlSession [org.apache.ibatis.session.defaults.DefaultSqlSession@58be583e]
Creating a new SqlSession
SqlSession [org.apache.ibatis.session.defaults.DefaultSqlSession@401002ce] was not registered for synchronization because synchronization is not active
JDBC Connection [HikariProxyConnection@1752213359 wrapping conn0: url=jdbc:h2:mem:volleyball_theme_config_test user=SA] will not be managed by Spring
==>  Preparing: DELETE FROM player
==> Parameters: 
<==    Updates: 2
Closing non transactional SqlSession [org.apache.ibatis.session.defaults.DefaultSqlSession@401002ce]
Creating a new SqlSession
SqlSession [org.apache.ibatis.session.defaults.DefaultSqlSession@42257df7] was not registered for synchronization because synchronization is not active
JDBC Connection [HikariProxyConnection@2064777114 wrapping conn0: url=jdbc:h2:mem:volleyball_theme_config_test user=SA] will not be managed by Spring
==>  Preparing: DELETE FROM tournament
==> Parameters: 
<==    Updates: 1
Closing non transactional SqlSession [org.apache.ibatis.session.defaults.DefaultSqlSession@42257df7]
Creating a new SqlSession
SqlSession [org.apache.ibatis.session.defaults.DefaultSqlSession@3bd79444] was not registered for synchronization because synchronization is not active
JDBC Connection [HikariProxyConnection@1450248078 wrapping conn0: url=jdbc:h2:mem:volleyball_theme_config_test user=SA] will not be managed by Spring
==>  Preparing: INSERT INTO tournament ( id, name, location, status, sport_type, tournament_type, current_stage, knockout_generated, best_of, games_to_win, points_to_win, enable_deuce, cap_point, creator_user_id, favorite_count, create_time, update_time ) VALUES ( ?, ?, ?, ?, ?, ?, ?, ?, ?, ?, ?, ?, ?, ?, ?, ?, ? )
==> Parameters: t-1(String), test(String), court(String), 1(Integer), 1(Integer), 0(Integer), 1(Integer), true(Boolean), 3(Integer), 2(Integer), 25(Integer), true(Boolean), 99(Integer), user-1(String), 0(Integer), 2026-06-18T14:22:13.915661(LocalDateTime), 2026-06-18T14:22:13.915661(LocalDateTime)
<==    Updates: 1
Closing non transactional SqlSession [org.apache.ibatis.session.defaults.DefaultSqlSession@3bd79444]
Creating a new SqlSession
SqlSession [org.apache.ibatis.session.defaults.DefaultSqlSession@3fd21272] was not registered for synchronization because synchronization is not active
JDBC Connection [HikariProxyConnection@1263257405 wrapping conn0: url=jdbc:h2:mem:volleyball_theme_config_test user=SA] will not be managed by Spring
==>  Preparing: INSERT INTO player ( id, tournament_id, name, create_time ) VALUES ( ?, ?, ?, ? )
==> Parameters: p-left(String), t-1(String), Left Team(String), 2026-06-18T14:22:13.916661200(LocalDateTime)
<==    Updates: 1
Closing non transactional SqlSession [org.apache.ibatis.session.defaults.DefaultSqlSession@3fd21272]
Creating a new SqlSession
SqlSession [org.apache.ibatis.session.defaults.DefaultSqlSession@4cb91fa4] was not registered for synchronization because synchronization is not active
JDBC Connection [HikariProxyConnection@313142474 wrapping conn0: url=jdbc:h2:mem:volleyball_theme_config_test user=SA] will not be managed by Spring
==>  Preparing: INSERT INTO player ( id, tournament_id, name, create_time ) VALUES ( ?, ?, ?, ? )
==> Parameters: p-right(String), t-1(String), Right Team(String), 2026-06-18T14:22:13.917662400(LocalDateTime)
<==    Updates: 1
Closing non transactional SqlSession [org.apache.ibatis.session.defaults.DefaultSqlSession@4cb91fa4]
Creating a new SqlSession
SqlSession [org.apache.ibatis.session.defaults.DefaultSqlSession@3dc4ed6f] was not registered for synchronization because synchronization is not active
JDBC Connection [HikariProxyConnection@673429445 wrapping conn0: url=jdbc:h2:mem:volleyball_theme_config_test user=SA] will not be managed by Spring
==>  Preparing: INSERT INTO match_record ( id, tournament_id, round_num, match_index, stage_type, left_player_id, right_player_id, status ) VALUES ( ?, ?, ?, ?, ?, ?, ?, ? )
==> Parameters: m-1(String), t-1(String), 1(Integer), 1(Integer), 1(Integer), p-left(String), p-right(String), 1(Integer)
<==    Updates: 1
Closing non transactional SqlSession [org.apache.ibatis.session.defaults.DefaultSqlSession@3dc4ed6f]
Creating a new SqlSession
Registering transaction synchronization for SqlSession [org.apache.ibatis.session.defaults.DefaultSqlSession@2ce3d95a]
JDBC Connection [HikariProxyConnection@1977178983 wrapping conn0: url=jdbc:h2:mem:volleyball_theme_config_test user=SA] will be managed by Spring
==>  Preparing: SELECT id,tournament_id,round_num,match_index,stage_type,group_no,left_player_id,right_player_id,score_display,winner_id,left_game_wins,right_game_wins,game_scores,status,next_match_id,next_match_slot,retired_side FROM match_record WHERE id=?
==> Parameters: m-1(String)
<==    Columns: id, tournament_id, round_num, match_index, stage_type, group_no, left_player_id, right_player_id, score_display, winner_id, left_game_wins, right_game_wins, game_scores, status, next_match_id, next_match_slot, retired_side
<==        Row: m-1, t-1, 1, 1, 1, null, p-left, p-right, null, null, null, null, <<BLOB>>, 1, null, null, null
<==      Total: 1
Releasing transactional SqlSession [org.apache.ibatis.session.defaults.DefaultSqlSession@2ce3d95a]
Fetched SqlSession [org.apache.ibatis.session.defaults.DefaultSqlSession@2ce3d95a] from current transaction
==>  Preparing: SELECT id,name,location,status,sport_type,tournament_type,group_size,knockout_slots,qualifiers_per_group,current_stage,knockout_generated,best_of,games_to_win,points_to_win,enable_deuce,cap_point,creator_user_id,favorite_count,create_time,update_time FROM tournament WHERE id=?
==> Parameters: t-1(String)
<==    Columns: id, name, location, status, sport_type, tournament_type, group_size, knockout_slots, qualifiers_per_group, current_stage, knockout_generated, best_of, games_to_win, points_to_win, enable_deuce, cap_point, creator_user_id, favorite_count, create_time, update_time
<==        Row: t-1, test, court, 1, 1, 0, null, null, null, 1, TRUE, 3, 2, 25, TRUE, 99, user-1, 0, 2026-06-18 14:22:13.915661, 2026-06-18 14:22:13.915661
<==      Total: 1
Releasing transactional SqlSession [org.apache.ibatis.session.defaults.DefaultSqlSession@2ce3d95a]
Fetched SqlSession [org.apache.ibatis.session.defaults.DefaultSqlSession@2ce3d95a] from current transaction
==>  Preparing: SELECT id,match_id,theme_json,create_time,update_time FROM match_theme_config WHERE (match_id = ?)
==> Parameters: m-1(String)
<==      Total: 0
Releasing transactional SqlSession [org.apache.ibatis.session.defaults.DefaultSqlSession@2ce3d95a]
Fetched SqlSession [org.apache.ibatis.session.defaults.DefaultSqlSession@2ce3d95a] from current transaction
==>  Preparing: INSERT INTO match_theme_config ( id, match_id, theme_json, create_time, update_time ) VALUES ( ?, ?, ?, ?, ? )
==> Parameters: 2067493066687029250(String), m-1(String), {"phone":{"dark":{"themeBase":"#194955","themeBaseDeep":"#143843","themeAccent":"#F49227","themeAccentInk":"#194955","captain":"#739C69","courtSurface":"#1E4F2B","rightScoreAccent":"#52C41A","dangerAccent":"#FF7A45","textStrong":"#FFFFFF","surfaceGlass":"#FFFFFF","shadowColor":"#000000","overlayMask":"#07121C","courtSlotAccent":"#008F8D"}}}(String), 2026-06-18T14:22:13.924661500(LocalDateTime), 2026-06-18T14:22:13.924661500(LocalDateTime)
<==    Updates: 1
Releasing transactional SqlSession [org.apache.ibatis.session.defaults.DefaultSqlSession@2ce3d95a]
Transaction synchronization committing SqlSession [org.apache.ibatis.session.defaults.DefaultSqlSession@2ce3d95a]
Transaction synchronization deregistering SqlSession [org.apache.ibatis.session.defaults.DefaultSqlSession@2ce3d95a]
Transaction synchronization closing SqlSession [org.apache.ibatis.session.defaults.DefaultSqlSession@2ce3d95a]
2026-06-18 14:22:13.926 INFO  [main] com.scoring.backend.common.RequestLoggingFilter - request_done method=PUT path=/api/v1/matches/m-1/theme-config status=200 costMs=6 clientIp=127.0.0.1
Creating a new SqlSession
Registering transaction synchronization for SqlSession [org.apache.ibatis.session.defaults.DefaultSqlSession@40f15786]
JDBC Connection [HikariProxyConnection@2129236490 wrapping conn0: url=jdbc:h2:mem:volleyball_theme_config_test user=SA] will be managed by Spring
==>  Preparing: SELECT id,tournament_id,round_num,match_index,stage_type,group_no,left_player_id,right_player_id,score_display,winner_id,left_game_wins,right_game_wins,game_scores,status,next_match_id,next_match_slot,retired_side FROM match_record WHERE id=?
==> Parameters: m-1(String)
<==    Columns: id, tournament_id, round_num, match_index, stage_type, group_no, left_player_id, right_player_id, score_display, winner_id, left_game_wins, right_game_wins, game_scores, status, next_match_id, next_match_slot, retired_side
<==        Row: m-1, t-1, 1, 1, 1, null, p-left, p-right, null, null, null, null, <<BLOB>>, 1, null, null, null
<==      Total: 1
Releasing transactional SqlSession [org.apache.ibatis.session.defaults.DefaultSqlSession@40f15786]
Fetched SqlSession [org.apache.ibatis.session.defaults.DefaultSqlSession@40f15786] from current transaction
==>  Preparing: SELECT id,name,location,status,sport_type,tournament_type,group_size,knockout_slots,qualifiers_per_group,current_stage,knockout_generated,best_of,games_to_win,points_to_win,enable_deuce,cap_point,creator_user_id,favorite_count,create_time,update_time FROM tournament WHERE id=?
==> Parameters: t-1(String)
<==    Columns: id, name, location, status, sport_type, tournament_type, group_size, knockout_slots, qualifiers_per_group, current_stage, knockout_generated, best_of, games_to_win, points_to_win, enable_deuce, cap_point, creator_user_id, favorite_count, create_time, update_time
<==        Row: t-1, test, court, 1, 1, 0, null, null, null, 1, TRUE, 3, 2, 25, TRUE, 99, user-1, 0, 2026-06-18 14:22:13.915661, 2026-06-18 14:22:13.915661
<==      Total: 1
Releasing transactional SqlSession [org.apache.ibatis.session.defaults.DefaultSqlSession@40f15786]
Fetched SqlSession [org.apache.ibatis.session.defaults.DefaultSqlSession@40f15786] from current transaction
==>  Preparing: SELECT id,match_id,theme_json,create_time,update_time FROM match_theme_config WHERE (match_id = ?)
==> Parameters: m-1(String)
<==    Columns: id, match_id, theme_json, create_time, update_time
<==        Row: 2067493066687029250, m-1, <<BLOB>>, 2026-06-18 14:22:13.924662, 2026-06-18 14:22:13.924662
<==      Total: 1
Releasing transactional SqlSession [org.apache.ibatis.session.defaults.DefaultSqlSession@40f15786]
Fetched SqlSession [org.apache.ibatis.session.defaults.DefaultSqlSession@40f15786] from current transaction
==>  Preparing: UPDATE match_theme_config SET match_id=?, theme_json=?, create_time=?, update_time=? WHERE id=?
==> Parameters: m-1(String), {"phone":{"dark":{"themeBase":"#194955","themeBaseDeep":"#143843","themeAccent":"#F49227","themeAccentInk":"#194955","captain":"#739C69","courtSurface":"#1E4F2B","rightScoreAccent":"#52C41A","dangerAccent":"#FF7A45","textStrong":"#FFFFFF","surfaceGlass":"#FFFFFF","shadowColor":"#000000","overlayMask":"#07121C","courtSlotAccent":"#008F8D"},"light":{"themeBase":"#FFF8E8","themeBaseDeep":"#F3E8C8","themeAccent":"#E39B27","themeAccentInk":"#194955","captain":"#739C69","courtSurface":"#1E4F2B","rightScoreAccent":"#52C41A","dangerAccent":"#FF7A45","textStrong":"#FFFFFF","surfaceGlass":"#FFFFFF","shadowColor":"#000000","overlayMask":"#07121C","courtSlotAccent":"#008F8D"}}}(String), 2026-06-18T14:22:13.924662(LocalDateTime), 2026-06-18T14:22:13.924662(LocalDateTime), 2067493066687029250(String)
<==    Updates: 1
Releasing transactional SqlSession [org.apache.ibatis.session.defaults.DefaultSqlSession@40f15786]
Transaction synchronization committing SqlSession [org.apache.ibatis.session.defaults.DefaultSqlSession@40f15786]
Transaction synchronization deregistering SqlSession [org.apache.ibatis.session.defaults.DefaultSqlSession@40f15786]
Transaction synchronization closing SqlSession [org.apache.ibatis.session.defaults.DefaultSqlSession@40f15786]
2026-06-18 14:22:13.933 INFO  [main] com.scoring.backend.common.RequestLoggingFilter - request_done method=PUT path=/api/v1/matches/m-1/theme-config status=200 costMs=6 clientIp=127.0.0.1
Creating a new SqlSession
Registering transaction synchronization for SqlSession [org.apache.ibatis.session.defaults.DefaultSqlSession@b53ce18]
JDBC Connection [HikariProxyConnection@414040586 wrapping conn0: url=jdbc:h2:mem:volleyball_theme_config_test user=SA] will be managed by Spring
==>  Preparing: SELECT id,tournament_id,round_num,match_index,stage_type,group_no,left_player_id,right_player_id,score_display,winner_id,left_game_wins,right_game_wins,game_scores,status,next_match_id,next_match_slot,retired_side FROM match_record WHERE id=?
==> Parameters: m-1(String)
<==    Columns: id, tournament_id, round_num, match_index, stage_type, group_no, left_player_id, right_player_id, score_display, winner_id, left_game_wins, right_game_wins, game_scores, status, next_match_id, next_match_slot, retired_side
<==        Row: m-1, t-1, 1, 1, 1, null, p-left, p-right, null, null, null, null, <<BLOB>>, 1, null, null, null
<==      Total: 1
Releasing transactional SqlSession [org.apache.ibatis.session.defaults.DefaultSqlSession@b53ce18]
Fetched SqlSession [org.apache.ibatis.session.defaults.DefaultSqlSession@b53ce18] from current transaction
==>  Preparing: SELECT id,name,location,status,sport_type,tournament_type,group_size,knockout_slots,qualifiers_per_group,current_stage,knockout_generated,best_of,games_to_win,points_to_win,enable_deuce,cap_point,creator_user_id,favorite_count,create_time,update_time FROM tournament WHERE id=?
==> Parameters: t-1(String)
<==    Columns: id, name, location, status, sport_type, tournament_type, group_size, knockout_slots, qualifiers_per_group, current_stage, knockout_generated, best_of, games_to_win, points_to_win, enable_deuce, cap_point, creator_user_id, favorite_count, create_time, update_time
<==        Row: t-1, test, court, 1, 1, 0, null, null, null, 1, TRUE, 3, 2, 25, TRUE, 99, user-1, 0, 2026-06-18 14:22:13.915661, 2026-06-18 14:22:13.915661
<==      Total: 1
Releasing transactional SqlSession [org.apache.ibatis.session.defaults.DefaultSqlSession@b53ce18]
Fetched SqlSession [org.apache.ibatis.session.defaults.DefaultSqlSession@b53ce18] from current transaction
==>  Preparing: SELECT id,match_id,theme_json,create_time,update_time FROM match_theme_config WHERE (match_id = ?)
==> Parameters: m-1(String)
<==    Columns: id, match_id, theme_json, create_time, update_time
<==        Row: 2067493066687029250, m-1, <<BLOB>>, 2026-06-18 14:22:13.924662, 2026-06-18 14:22:13.924662
<==      Total: 1
Releasing transactional SqlSession [org.apache.ibatis.session.defaults.DefaultSqlSession@b53ce18]
Fetched SqlSession [org.apache.ibatis.session.defaults.DefaultSqlSession@b53ce18] from current transaction
==>  Preparing: UPDATE match_theme_config SET match_id=?, theme_json=?, create_time=?, update_time=? WHERE id=?
==> Parameters: m-1(String), {"phone":{"dark":{"themeBase":"#194955","themeBaseDeep":"#143843","themeAccent":"#F49227","themeAccentInk":"#194955","captain":"#739C69","courtSurface":"#1E4F2B","rightScoreAccent":"#52C41A","dangerAccent":"#FF7A45","textStrong":"#FFFFFF","surfaceGlass":"#FFFFFF","shadowColor":"#000000","overlayMask":"#07121C","courtSlotAccent":"#008F8D"},"light":{"themeBase":"#FFF8E8","themeBaseDeep":"#F3E8C8","themeAccent":"#E39B27","themeAccentInk":"#194955","captain":"#739C69","courtSurface":"#1E4F2B","rightScoreAccent":"#52C41A","dangerAccent":"#FF7A45","textStrong":"#FFFFFF","surfaceGlass":"#FFFFFF","shadowColor":"#000000","overlayMask":"#07121C","courtSlotAccent":"#008F8D"}},"pad":{"dark":{"themeBase":"#225F6E","themeBaseDeep":"#143843","themeAccent":"#F4A53A","themeAccentInk":"#194955","captain":"#739C69","courtSurface":"#1E4F2B","rightScoreAccent":"#52C41A","dangerAccent":"#FF7A45","textStrong":"#FFFFFF","surfaceGlass":"#FFFFFF","shadowColor":"#000000","overlayMask":"#07121C","courtSlotAccent":"#008F8D"}}}(String), 2026-06-18T14:22:13.924662(LocalDateTime), 2026-06-18T14:22:13.924662(LocalDateTime), 2067493066687029250(String)
<==    Updates: 1
Releasing transactional SqlSession [org.apache.ibatis.session.defaults.DefaultSqlSession@b53ce18]
Transaction synchronization committing SqlSession [org.apache.ibatis.session.defaults.DefaultSqlSession@b53ce18]
Transaction synchronization deregistering SqlSession [org.apache.ibatis.session.defaults.DefaultSqlSession@b53ce18]
Transaction synchronization closing SqlSession [org.apache.ibatis.session.defaults.DefaultSqlSession@b53ce18]
2026-06-18 14:22:13.943 INFO  [main] com.scoring.backend.common.RequestLoggingFilter - request_done method=PUT path=/api/v1/matches/m-1/theme-config status=200 costMs=8 clientIp=127.0.0.1
Creating a new SqlSession
Registering transaction synchronization for SqlSession [org.apache.ibatis.session.defaults.DefaultSqlSession@7254a68a]
JDBC Connection [HikariProxyConnection@921273396 wrapping conn0: url=jdbc:h2:mem:volleyball_theme_config_test user=SA] will be managed by Spring
==>  Preparing: SELECT id,tournament_id,round_num,match_index,stage_type,group_no,left_player_id,right_player_id,score_display,winner_id,left_game_wins,right_game_wins,game_scores,status,next_match_id,next_match_slot,retired_side FROM match_record WHERE id=?
==> Parameters: m-1(String)
<==    Columns: id, tournament_id, round_num, match_index, stage_type, group_no, left_player_id, right_player_id, score_display, winner_id, left_game_wins, right_game_wins, game_scores, status, next_match_id, next_match_slot, retired_side
<==        Row: m-1, t-1, 1, 1, 1, null, p-left, p-right, null, null, null, null, <<BLOB>>, 1, null, null, null
<==      Total: 1
Releasing transactional SqlSession [org.apache.ibatis.session.defaults.DefaultSqlSession@7254a68a]
Fetched SqlSession [org.apache.ibatis.session.defaults.DefaultSqlSession@7254a68a] from current transaction
==>  Preparing: SELECT id,name,location,status,sport_type,tournament_type,group_size,knockout_slots,qualifiers_per_group,current_stage,knockout_generated,best_of,games_to_win,points_to_win,enable_deuce,cap_point,creator_user_id,favorite_count,create_time,update_time FROM tournament WHERE id=?
==> Parameters: t-1(String)
<==    Columns: id, name, location, status, sport_type, tournament_type, group_size, knockout_slots, qualifiers_per_group, current_stage, knockout_generated, best_of, games_to_win, points_to_win, enable_deuce, cap_point, creator_user_id, favorite_count, create_time, update_time
<==        Row: t-1, test, court, 1, 1, 0, null, null, null, 1, TRUE, 3, 2, 25, TRUE, 99, user-1, 0, 2026-06-18 14:22:13.915661, 2026-06-18 14:22:13.915661
<==      Total: 1
Releasing transactional SqlSession [org.apache.ibatis.session.defaults.DefaultSqlSession@7254a68a]
Fetched SqlSession [org.apache.ibatis.session.defaults.DefaultSqlSession@7254a68a] from current transaction
==>  Preparing: SELECT id,match_id,theme_json,create_time,update_time FROM match_theme_config WHERE (match_id = ?)
==> Parameters: m-1(String)
<==    Columns: id, match_id, theme_json, create_time, update_time
<==        Row: 2067493066687029250, m-1, <<BLOB>>, 2026-06-18 14:22:13.924662, 2026-06-18 14:22:13.924662
<==      Total: 1
Releasing transactional SqlSession [org.apache.ibatis.session.defaults.DefaultSqlSession@7254a68a]
Fetched SqlSession [org.apache.ibatis.session.defaults.DefaultSqlSession@7254a68a] from current transaction
==>  Preparing: UPDATE match_theme_config SET match_id=?, theme_json=?, create_time=?, update_time=? WHERE id=?
==> Parameters: m-1(String), {"phone":{"dark":{"themeBase":"#194955","themeBaseDeep":"#143843","themeAccent":"#F49227","themeAccentInk":"#194955","captain":"#739C69","courtSurface":"#1E4F2B","rightScoreAccent":"#52C41A","dangerAccent":"#FF7A45","textStrong":"#FFFFFF","surfaceGlass":"#FFFFFF","shadowColor":"#000000","overlayMask":"#07121C","courtSlotAccent":"#008F8D"},"light":{"themeBase":"#FFF8E8","themeBaseDeep":"#F3E8C8","themeAccent":"#E39B27","themeAccentInk":"#194955","captain":"#739C69","courtSurface":"#1E4F2B","rightScoreAccent":"#52C41A","dangerAccent":"#FF7A45","textStrong":"#FFFFFF","surfaceGlass":"#FFFFFF","shadowColor":"#000000","overlayMask":"#07121C","courtSlotAccent":"#008F8D"}},"pad":{"dark":{"themeBase":"#225F6E","themeBaseDeep":"#143843","themeAccent":"#F4A53A","themeAccentInk":"#194955","captain":"#739C69","courtSurface":"#1E4F2B","rightScoreAccent":"#52C41A","dangerAccent":"#FF7A45","textStrong":"#FFFFFF","surfaceGlass":"#FFFFFF","shadowColor":"#000000","overlayMask":"#07121C","courtSlotAccent":"#008F8D"},"light":{"themeBase":"#F7F4EA","themeBaseDeep":"#D9E6E8","themeAccent":"#DE8C2F","themeAccentInk":"#194955","captain":"#739C69","courtSurface":"#1E4F2B","rightScoreAccent":"#52C41A","dangerAccent":"#FF7A45","textStrong":"#FFFFFF","surfaceGlass":"#FFFFFF","shadowColor":"#000000","overlayMask":"#07121C","courtSlotAccent":"#008F8D"}}}(String), 2026-06-18T14:22:13.924662(LocalDateTime), 2026-06-18T14:22:13.924662(LocalDateTime), 2067493066687029250(String)
<==    Updates: 1
Releasing transactional SqlSession [org.apache.ibatis.session.defaults.DefaultSqlSession@7254a68a]
Transaction synchronization committing SqlSession [org.apache.ibatis.session.defaults.DefaultSqlSession@7254a68a]
Transaction synchronization deregistering SqlSession [org.apache.ibatis.session.defaults.DefaultSqlSession@7254a68a]
Transaction synchronization closing SqlSession [org.apache.ibatis.session.defaults.DefaultSqlSession@7254a68a]
2026-06-18 14:22:13.951 INFO  [main] com.scoring.backend.common.RequestLoggingFilter - request_done method=PUT path=/api/v1/matches/m-1/theme-config status=200 costMs=6 clientIp=127.0.0.1
Creating a new SqlSession
SqlSession [org.apache.ibatis.session.defaults.DefaultSqlSession@77acc95a] was not registered for synchronization because synchronization is not active
JDBC Connection [HikariProxyConnection@267494816 wrapping conn0: url=jdbc:h2:mem:volleyball_theme_config_test user=SA] will not be managed by Spring
==>  Preparing: SELECT id,tournament_id,round_num,match_index,stage_type,group_no,left_player_id,right_player_id,score_display,winner_id,left_game_wins,right_game_wins,game_scores,status,next_match_id,next_match_slot,retired_side FROM match_record WHERE id=?
==> Parameters: m-1(String)
<==    Columns: id, tournament_id, round_num, match_index, stage_type, group_no, left_player_id, right_player_id, score_display, winner_id, left_game_wins, right_game_wins, game_scores, status, next_match_id, next_match_slot, retired_side
<==        Row: m-1, t-1, 1, 1, 1, null, p-left, p-right, null, null, null, null, <<BLOB>>, 1, null, null, null
<==      Total: 1
Closing non transactional SqlSession [org.apache.ibatis.session.defaults.DefaultSqlSession@77acc95a]
Creating a new SqlSession
SqlSession [org.apache.ibatis.session.defaults.DefaultSqlSession@f7b7720] was not registered for synchronization because synchronization is not active
JDBC Connection [HikariProxyConnection@504138124 wrapping conn0: url=jdbc:h2:mem:volleyball_theme_config_test user=SA] will not be managed by Spring
==>  Preparing: SELECT id,match_id,theme_json,create_time,update_time FROM match_theme_config WHERE (match_id = ?)
==> Parameters: m-1(String)
<==    Columns: id, match_id, theme_json, create_time, update_time
<==        Row: 2067493066687029250, m-1, <<BLOB>>, 2026-06-18 14:22:13.924662, 2026-06-18 14:22:13.924662
<==      Total: 1
Closing non transactional SqlSession [org.apache.ibatis.session.defaults.DefaultSqlSession@f7b7720]
2026-06-18 14:22:13.958 INFO  [main] com.scoring.backend.common.RequestLoggingFilter - request_done method=GET path=/api/v1/matches/m-1/theme-config status=200 costMs=6 clientIp=127.0.0.1
]]></system-out>
  </testcase>
</testsuite>