<?xml version="1.0" encoding="UTF-8"?>
<testsuite xmlns:xsi="http://www.w3.org/2001/XMLSchema-instance" xsi:noNamespaceSchemaLocation="https://maven.apache.org/surefire/maven-surefire-plugin/xsd/surefire-test-report-3.0.xsd" version="3.0" name="com.scoring.backend.controller.MatchEventIntegrationTest" time="5.661" tests="2" errors="0" skipped="0" failures="0">
  <properties>
[...]
</properties>
  <testcase name="saveMatchEvents_shouldBeIdempotentByMatchAndSeq" classname="com.scoring.backend.controller.MatchEventIntegrationTest" time="0.555">
    <system-out><![CDATA[
  .   ____          _            __ _ _
 /\\ / ___'_ __ _ _(_)_ __  __ _ \ \ \ \
( ( )\___ | '_ | '_| | '_ \/ _` | \ \ \ \
 \\/  ___)| |_)| | | | | || (_| |  ) ) ) )
  '  |____| .__|_| |_|_| |_\__, | / / / /
 =========|_|==============|___/=/_/_/_/

 :: Spring Boot ::                (v3.3.5)

2026-06-16 12:23:35.217 INFO  [background-preinit] org.hibernate.validator.internal.util.Version - HV000001: Hibernate Validator 8.0.1.Final
2026-06-16 12:23:35.251 INFO  [main] com.scoring.backend.controller.MatchEventIntegrationTest - Starting MatchEventIntegrationTest using Java 23.0.2 with PID 41360 (started by lijin in D:\LJY\grade2\Scoring\backend)
2026-06-16 12:23:35.252 INFO  [main] com.scoring.backend.controller.MatchEventIntegrationTest - No active profile set, falling back to 1 default profile: "default"
Logging initialized using 'class org.apache.ibatis.logging.stdout.StdOutImpl' adapter.
Get /10.4.117.181 network interface 
Get network interface info: name:wireless_32768 (Intel(R) Wi-Fi 6E AX211 160MHz)
Initialization Sequence datacenterId:27 workerId:11
 _ _   |_  _ _|_. ___ _ |    _ 
| | |\/|_)(_| | |_\  |_)||_|_\ 
     /               |         
                        3.5.7 
2026-06-16 12:23:37.722 INFO  [main] com.zaxxer.hikari.HikariDataSource - HikariPool-1 - Starting...
2026-06-16 12:23:37.949 INFO  [main] com.zaxxer.hikari.pool.HikariPool - HikariPool-1 - Added connection conn0: url=jdbc:h2:mem:match_event_test user=SA
2026-06-16 12:23:37.951 INFO  [main] com.zaxxer.hikari.HikariDataSource - HikariPool-1 - Start completed.
2026-06-16 12:23:39.159 INFO  [main] org.springframework.boot.test.mock.web.SpringBootMockServletContext - Initializing Spring TestDispatcherServlet ''
2026-06-16 12:23:39.161 INFO  [main] org.springframework.test.web.servlet.TestDispatcherServlet - Initializing Servlet ''
2026-06-16 12:23:39.162 INFO  [main] org.springframework.test.web.servlet.TestDispatcherServlet - Completed initialization in 1 ms
2026-06-16 12:23:39.187 INFO  [main] com.scoring.backend.controller.MatchEventIntegrationTest - Started MatchEventIntegrationTest in 4.493 seconds (process running for 5.474)
Creating a new SqlSession
SqlSession [org.apache.ibatis.session.defaults.DefaultSqlSession@6e7f29d5] was not registered for synchronization because synchronization is not active
JDBC Connection [HikariProxyConnection@1389162903 wrapping conn0: url=jdbc:h2:mem:match_event_test user=SA] will not be managed by Spring
==>  Preparing: DELETE FROM match_event
==> Parameters: 
<==    Updates: 0
Closing non transactional SqlSession [org.apache.ibatis.session.defaults.DefaultSqlSession@6e7f29d5]
Creating a new SqlSession
SqlSession [org.apache.ibatis.session.defaults.DefaultSqlSession@1978b0d5] was not registered for synchronization because synchronization is not active
JDBC Connection [HikariProxyConnection@1700153115 wrapping conn0: url=jdbc:h2:mem:match_event_test user=SA] will not be managed by Spring
==>  Preparing: DELETE FROM match_lineup_config
==> Parameters: 
<==    Updates: 0
Closing non transactional SqlSession [org.apache.ibatis.session.defaults.DefaultSqlSession@1978b0d5]
Creating a new SqlSession
SqlSession [org.apache.ibatis.session.defaults.DefaultSqlSession@3e1897d] was not registered for synchronization because synchronization is not active
JDBC Connection [HikariProxyConnection@2094728618 wrapping conn0: url=jdbc:h2:mem:match_event_test user=SA] will not be managed by Spring
==>  Preparing: DELETE FROM match_record
==> Parameters: 
<==    Updates: 0
Closing non transactional SqlSession [org.apache.ibatis.session.defaults.DefaultSqlSession@3e1897d]
Creating a new SqlSession
SqlSession [org.apache.ibatis.session.defaults.DefaultSqlSession@2079fcfc] was not registered for synchronization because synchronization is not active
JDBC Connection [HikariProxyConnection@2000689527 wrapping conn0: url=jdbc:h2:mem:match_event_test user=SA] will not be managed by Spring
==>  Preparing: DELETE FROM tournament_team_member
==> Parameters: 
<==    Updates: 0
Closing non transactional SqlSession [org.apache.ibatis.session.defaults.DefaultSqlSession@2079fcfc]
Creating a new SqlSession
SqlSession [org.apache.ibatis.session.defaults.DefaultSqlSession@7865cc83] was not registered for synchronization because synchronization is not active
JDBC Connection [HikariProxyConnection@1555521648 wrapping conn0: url=jdbc:h2:mem:match_event_test user=SA] will not be managed by Spring
==>  Preparing: DELETE FROM player
==> Parameters: 
<==    Updates: 0
Closing non transactional SqlSession [org.apache.ibatis.session.defaults.DefaultSqlSession@7865cc83]
Creating a new SqlSession
SqlSession [org.apache.ibatis.session.defaults.DefaultSqlSession@3346e906] was not registered for synchronization because synchronization is not active
JDBC Connection [HikariProxyConnection@1144702392 wrapping conn0: url=jdbc:h2:mem:match_event_test user=SA] will not be managed by Spring
==>  Preparing: DELETE FROM tournament
==> Parameters: 
<==    Updates: 0
Closing non transactional SqlSession [org.apache.ibatis.session.defaults.DefaultSqlSession@3346e906]
Creating a new SqlSession
SqlSession [org.apache.ibatis.session.defaults.DefaultSqlSession@19e5e110] was not registered for synchronization because synchronization is not active
JDBC Connection [HikariProxyConnection@1406333164 wrapping conn0: url=jdbc:h2:mem:match_event_test user=SA] will not be managed by Spring
==>  Preparing: INSERT INTO tournament ( id, name, location, status, sport_type, tournament_type, current_stage, knockout_generated, best_of, games_to_win, points_to_win, enable_deuce, cap_point, creator_user_id, favorite_count, create_time, update_time ) VALUES ( ?, ?, ?, ?, ?, ?, ?, ?, ?, ?, ?, ?, ?, ?, ?, ?, ? )
==> Parameters: t-1(String), test(String), court(String), 1(Integer), 1(Integer), 0(Integer), 1(Integer), true(Boolean), 5(Integer), 3(Integer), 25(Integer), true(Boolean), 99(Integer), user-1(String), 0(Integer), 2026-06-16T12:23:39.344079800(LocalDateTime), 2026-06-16T12:23:39.344079800(LocalDateTime)
<==    Updates: 1
Closing non transactional SqlSession [org.apache.ibatis.session.defaults.DefaultSqlSession@19e5e110]
Creating a new SqlSession
SqlSession [org.apache.ibatis.session.defaults.DefaultSqlSession@61d150af] was not registered for synchronization because synchronization is not active
JDBC Connection [HikariProxyConnection@747595226 wrapping conn0: url=jdbc:h2:mem:match_event_test user=SA] will not be managed by Spring
==>  Preparing: INSERT INTO player ( id, tournament_id, name, create_time ) VALUES ( ?, ?, ?, ? )
==> Parameters: p-left(String), t-1(String), Left Team(String), 2026-06-16T12:23:39.356397400(LocalDateTime)
<==    Updates: 1
Closing non transactional SqlSession [org.apache.ibatis.session.defaults.DefaultSqlSession@61d150af]
Creating a new SqlSession
SqlSession [org.apache.ibatis.session.defaults.DefaultSqlSession@587400a9] was not registered for synchronization because synchronization is not active
JDBC Connection [HikariProxyConnection@521114357 wrapping conn0: url=jdbc:h2:mem:match_event_test user=SA] will not be managed by Spring
==>  Preparing: INSERT INTO player ( id, tournament_id, name, create_time ) VALUES ( ?, ?, ?, ? )
==> Parameters: p-right(String), t-1(String), Right Team(String), 2026-06-16T12:23:39.358402800(LocalDateTime)
<==    Updates: 1
Closing non transactional SqlSession [org.apache.ibatis.session.defaults.DefaultSqlSession@587400a9]
Creating a new SqlSession
SqlSession [org.apache.ibatis.session.defaults.DefaultSqlSession@7430ed93] was not registered for synchronization because synchronization is not active
JDBC Connection [HikariProxyConnection@591853434 wrapping conn0: url=jdbc:h2:mem:match_event_test user=SA] will not be managed by Spring
==>  Preparing: INSERT INTO tournament_team_member ( id, tournament_id, participant_id, name, jersey_number, is_libero, is_captain, display_order, create_time ) VALUES ( ?, ?, ?, ?, ?, ?, ?, ?, ? )
==> Parameters: l1(String), t-1(String), p-left(String), L1(String), 1(Integer), false(Boolean), true(Boolean), 1(Integer), 2026-06-16T12:23:39.360402900(LocalDateTime)
<==    Updates: 1
Closing non transactional SqlSession [org.apache.ibatis.session.defaults.DefaultSqlSession@7430ed93]
Creating a new SqlSession
SqlSession [org.apache.ibatis.session.defaults.DefaultSqlSession@5bcfdaf3] was not registered for synchronization because synchronization is not active
JDBC Connection [HikariProxyConnection@942961477 wrapping conn0: url=jdbc:h2:mem:match_event_test user=SA] will not be managed by Spring
==>  Preparing: INSERT INTO tournament_team_member ( id, tournament_id, participant_id, name, jersey_number, is_libero, is_captain, display_order, create_time ) VALUES ( ?, ?, ?, ?, ?, ?, ?, ?, ? )
==> Parameters: r1(String), t-1(String), p-right(String), R1(String), 1(Integer), false(Boolean), true(Boolean), 1(Integer), 2026-06-16T12:23:39.362405200(LocalDateTime)
<==    Updates: 1
Closing non transactional SqlSession [org.apache.ibatis.session.defaults.DefaultSqlSession@5bcfdaf3]
Creating a new SqlSession
SqlSession [org.apache.ibatis.session.defaults.DefaultSqlSession@4b9b5da5] was not registered for synchronization because synchronization is not active
JDBC Connection [HikariProxyConnection@1609735819 wrapping conn0: url=jdbc:h2:mem:match_event_test user=SA] will not be managed by Spring
==>  Preparing: INSERT INTO tournament_team_member ( id, tournament_id, participant_id, name, jersey_number, is_libero, is_captain, display_order, create_time ) VALUES ( ?, ?, ?, ?, ?, ?, ?, ?, ? )
==> Parameters: l2(String), t-1(String), p-left(String), L2(String), 2(Integer), false(Boolean), false(Boolean), 2(Integer), 2026-06-16T12:23:39.363403700(LocalDateTime)
<==    Updates: 1
Closing non transactional SqlSession [org.apache.ibatis.session.defaults.DefaultSqlSession@4b9b5da5]
Creating a new SqlSession
SqlSession [org.apache.ibatis.session.defaults.DefaultSqlSession@7acfcfc4] was not registered for synchronization because synchronization is not active
JDBC Connection [HikariProxyConnection@1643787651 wrapping conn0: url=jdbc:h2:mem:match_event_test user=SA] will not be managed by Spring
==>  Preparing: INSERT INTO tournament_team_member ( id, tournament_id, participant_id, name, jersey_number, is_libero, is_captain, display_order, create_time ) VALUES ( ?, ?, ?, ?, ?, ?, ?, ?, ? )
==> Parameters: r2(String), t-1(String), p-right(String), R2(String), 2(Integer), false(Boolean), false(Boolean), 2(Integer), 2026-06-16T12:23:39.364402200(LocalDateTime)
<==    Updates: 1
Closing non transactional SqlSession [org.apache.ibatis.session.defaults.DefaultSqlSession@7acfcfc4]
Creating a new SqlSession
SqlSession [org.apache.ibatis.session.defaults.DefaultSqlSession@709d2a6c] was not registered for synchronization because synchronization is not active
JDBC Connection [HikariProxyConnection@995161138 wrapping conn0: url=jdbc:h2:mem:match_event_test user=SA] will not be managed by Spring
==>  Preparing: INSERT INTO tournament_team_member ( id, tournament_id, participant_id, name, jersey_number, is_libero, is_captain, display_order, create_time ) VALUES ( ?, ?, ?, ?, ?, ?, ?, ?, ? )
==> Parameters: l3(String), t-1(String), p-left(String), L3(String), 3(Integer), false(Boolean), false(Boolean), 3(Integer), 2026-06-16T12:23:39.365402(LocalDateTime)
<==    Updates: 1
Closing non transactional SqlSession [org.apache.ibatis.session.defaults.DefaultSqlSession@709d2a6c]
Creating a new SqlSession
SqlSession [org.apache.ibatis.session.defaults.DefaultSqlSession@3fe5ad73] was not registered for synchronization because synchronization is not active
JDBC Connection [HikariProxyConnection@260296993 wrapping conn0: url=jdbc:h2:mem:match_event_test user=SA] will not be managed by Spring
==>  Preparing: INSERT INTO tournament_team_member ( id, tournament_id, participant_id, name, jersey_number, is_libero, is_captain, display_order, create_time ) VALUES ( ?, ?, ?, ?, ?, ?, ?, ?, ? )
==> Parameters: r3(String), t-1(String), p-right(String), R3(String), 3(Integer), false(Boolean), false(Boolean), 3(Integer), 2026-06-16T12:23:39.366403300(LocalDateTime)
<==    Updates: 1
Closing non transactional SqlSession [org.apache.ibatis.session.defaults.DefaultSqlSession@3fe5ad73]
Creating a new SqlSession
SqlSession [org.apache.ibatis.session.defaults.DefaultSqlSession@165454f7] was not registered for synchronization because synchronization is not active
JDBC Connection [HikariProxyConnection@706331499 wrapping conn0: url=jdbc:h2:mem:match_event_test user=SA] will not be managed by Spring
==>  Preparing: INSERT INTO tournament_team_member ( id, tournament_id, participant_id, name, jersey_number, is_libero, is_captain, display_order, create_time ) VALUES ( ?, ?, ?, ?, ?, ?, ?, ?, ? )
==> Parameters: l4(String), t-1(String), p-left(String), L4(String), 4(Integer), false(Boolean), false(Boolean), 4(Integer), 2026-06-16T12:23:39.367403100(LocalDateTime)
<==    Updates: 1
Closing non transactional SqlSession [org.apache.ibatis.session.defaults.DefaultSqlSession@165454f7]
Creating a new SqlSession
SqlSession [org.apache.ibatis.session.defaults.DefaultSqlSession@38856d6e] was not registered for synchronization because synchronization is not active
JDBC Connection [HikariProxyConnection@698263942 wrapping conn0: url=jdbc:h2:mem:match_event_test user=SA] will not be managed by Spring
==>  Preparing: INSERT INTO tournament_team_member ( id, tournament_id, participant_id, name, jersey_number, is_libero, is_captain, display_order, create_time ) VALUES ( ?, ?, ?, ?, ?, ?, ?, ?, ? )
==> Parameters: r4(String), t-1(String), p-right(String), R4(String), 4(Integer), false(Boolean), false(Boolean), 4(Integer), 2026-06-16T12:23:39.369403600(LocalDateTime)
<==    Updates: 1
Closing non transactional SqlSession [org.apache.ibatis.session.defaults.DefaultSqlSession@38856d6e]
Creating a new SqlSession
SqlSession [org.apache.ibatis.session.defaults.DefaultSqlSession@1dd9a3ae] was not registered for synchronization because synchronization is not active
JDBC Connection [HikariProxyConnection@2042575333 wrapping conn0: url=jdbc:h2:mem:match_event_test user=SA] will not be managed by Spring
==>  Preparing: INSERT INTO tournament_team_member ( id, tournament_id, participant_id, name, jersey_number, is_libero, is_captain, display_order, create_time ) VALUES ( ?, ?, ?, ?, ?, ?, ?, ?, ? )
==> Parameters: l5(String), t-1(String), p-left(String), L5(String), 5(Integer), false(Boolean), false(Boolean), 5(Integer), 2026-06-16T12:23:39.370634600(LocalDateTime)
<==    Updates: 1
Closing non transactional SqlSession [org.apache.ibatis.session.defaults.DefaultSqlSession@1dd9a3ae]
Creating a new SqlSession
SqlSession [org.apache.ibatis.session.defaults.DefaultSqlSession@6ac2c5a1] was not registered for synchronization because synchronization is not active
JDBC Connection [HikariProxyConnection@910988262 wrapping conn0: url=jdbc:h2:mem:match_event_test user=SA] will not be managed by Spring
==>  Preparing: INSERT INTO tournament_team_member ( id, tournament_id, participant_id, name, jersey_number, is_libero, is_captain, display_order, create_time ) VALUES ( ?, ?, ?, ?, ?, ?, ?, ?, ? )
==> Parameters: r5(String), t-1(String), p-right(String), R5(String), 5(Integer), false(Boolean), false(Boolean), 5(Integer), 2026-06-16T12:23:39.371790200(LocalDateTime)
<==    Updates: 1
Closing non transactional SqlSession [org.apache.ibatis.session.defaults.DefaultSqlSession@6ac2c5a1]
Creating a new SqlSession
SqlSession [org.apache.ibatis.session.defaults.DefaultSqlSession@66589252] was not registered for synchronization because synchronization is not active
JDBC Connection [HikariProxyConnection@1722351469 wrapping conn0: url=jdbc:h2:mem:match_event_test user=SA] will not be managed by Spring
==>  Preparing: INSERT INTO tournament_team_member ( id, tournament_id, participant_id, name, jersey_number, is_libero, is_captain, display_order, create_time ) VALUES ( ?, ?, ?, ?, ?, ?, ?, ?, ? )
==> Parameters: l6(String), t-1(String), p-left(String), L6(String), 6(Integer), false(Boolean), false(Boolean), 6(Integer), 2026-06-16T12:23:39.372796500(LocalDateTime)
<==    Updates: 1
Closing non transactional SqlSession [org.apache.ibatis.session.defaults.DefaultSqlSession@66589252]
Creating a new SqlSession
SqlSession [org.apache.ibatis.session.defaults.DefaultSqlSession@1abbc1d4] was not registered for synchronization because synchronization is not active
JDBC Connection [HikariProxyConnection@1220195014 wrapping conn0: url=jdbc:h2:mem:match_event_test user=SA] will not be managed by Spring
==>  Preparing: INSERT INTO tournament_team_member ( id, tournament_id, participant_id, name, jersey_number, is_libero, is_captain, display_order, create_time ) VALUES ( ?, ?, ?, ?, ?, ?, ?, ?, ? )
==> Parameters: r6(String), t-1(String), p-right(String), R6(String), 6(Integer), false(Boolean), false(Boolean), 6(Integer), 2026-06-16T12:23:39.373797700(LocalDateTime)
<==    Updates: 1
Closing non transactional SqlSession [org.apache.ibatis.session.defaults.DefaultSqlSession@1abbc1d4]
Creating a new SqlSession
SqlSession [org.apache.ibatis.session.defaults.DefaultSqlSession@6ad26381] was not registered for synchronization because synchronization is not active
JDBC Connection [HikariProxyConnection@1260431905 wrapping conn0: url=jdbc:h2:mem:match_event_test user=SA] will not be managed by Spring
==>  Preparing: INSERT INTO tournament_team_member ( id, tournament_id, participant_id, name, jersey_number, is_libero, is_captain, display_order, create_time ) VALUES ( ?, ?, ?, ?, ?, ?, ?, ?, ? )
==> Parameters: l7(String), t-1(String), p-left(String), L7(String), 7(Integer), true(Boolean), false(Boolean), 7(Integer), 2026-06-16T12:23:39.374796(LocalDateTime)
<==    Updates: 1
Closing non transactional SqlSession [org.apache.ibatis.session.defaults.DefaultSqlSession@6ad26381]
Creating a new SqlSession
SqlSession [org.apache.ibatis.session.defaults.DefaultSqlSession@f5167f0] was not registered for synchronization because synchronization is not active
JDBC Connection [HikariProxyConnection@308332638 wrapping conn0: url=jdbc:h2:mem:match_event_test user=SA] will not be managed by Spring
==>  Preparing: INSERT INTO tournament_team_member ( id, tournament_id, participant_id, name, jersey_number, is_libero, is_captain, display_order, create_time ) VALUES ( ?, ?, ?, ?, ?, ?, ?, ?, ? )
==> Parameters: r7(String), t-1(String), p-right(String), R7(String), 7(Integer), false(Boolean), false(Boolean), 7(Integer), 2026-06-16T12:23:39.375795500(LocalDateTime)
<==    Updates: 1
Closing non transactional SqlSession [org.apache.ibatis.session.defaults.DefaultSqlSession@f5167f0]
Creating a new SqlSession
SqlSession [org.apache.ibatis.session.defaults.DefaultSqlSession@6b576ff8] was not registered for synchronization because synchronization is not active
JDBC Connection [HikariProxyConnection@636002577 wrapping conn0: url=jdbc:h2:mem:match_event_test user=SA] will not be managed by Spring
==>  Preparing: INSERT INTO tournament_team_member ( id, tournament_id, participant_id, name, jersey_number, is_libero, is_captain, display_order, create_time ) VALUES ( ?, ?, ?, ?, ?, ?, ?, ?, ? )
==> Parameters: l8(String), t-1(String), p-left(String), L8(String), 8(Integer), false(Boolean), false(Boolean), 8(Integer), 2026-06-16T12:23:39.376799200(LocalDateTime)
<==    Updates: 1
Closing non transactional SqlSession [org.apache.ibatis.session.defaults.DefaultSqlSession@6b576ff8]
Creating a new SqlSession
SqlSession [org.apache.ibatis.session.defaults.DefaultSqlSession@21022cbb] was not registered for synchronization because synchronization is not active
JDBC Connection [HikariProxyConnection@892609277 wrapping conn0: url=jdbc:h2:mem:match_event_test user=SA] will not be managed by Spring
==>  Preparing: INSERT INTO tournament_team_member ( id, tournament_id, participant_id, name, jersey_number, is_libero, is_captain, display_order, create_time ) VALUES ( ?, ?, ?, ?, ?, ?, ?, ?, ? )
==> Parameters: r8(String), t-1(String), p-right(String), R8(String), 8(Integer), false(Boolean), false(Boolean), 8(Integer), 2026-06-16T12:23:39.377797600(LocalDateTime)
<==    Updates: 1
Closing non transactional SqlSession [org.apache.ibatis.session.defaults.DefaultSqlSession@21022cbb]
Creating a new SqlSession
SqlSession [org.apache.ibatis.session.defaults.DefaultSqlSession@654cb30c] was not registered for synchronization because synchronization is not active
JDBC Connection [HikariProxyConnection@97281693 wrapping conn0: url=jdbc:h2:mem:match_event_test user=SA] will not be managed by Spring
==>  Preparing: INSERT INTO match_record ( id, tournament_id, round_num, match_index, stage_type, left_player_id, right_player_id, status ) VALUES ( ?, ?, ?, ?, ?, ?, ?, ? )
==> Parameters: m-1(String), t-1(String), 1(Integer), 1(Integer), 1(Integer), p-left(String), p-right(String), 1(Integer)
<==    Updates: 1
Closing non transactional SqlSession [org.apache.ibatis.session.defaults.DefaultSqlSession@654cb30c]
Creating a new SqlSession
SqlSession [org.apache.ibatis.session.defaults.DefaultSqlSession@65a66a75] was not registered for synchronization because synchronization is not active
JDBC Connection [HikariProxyConnection@230488003 wrapping conn0: url=jdbc:h2:mem:match_event_test user=SA] will not be managed by Spring
==>  Preparing: SELECT id,openid,nickname,avatar_url,profile_completed,create_time,update_time FROM app_user WHERE id=?
==> Parameters: 2060587136674361346(String)
<==      Total: 0
Closing non transactional SqlSession [org.apache.ibatis.session.defaults.DefaultSqlSession@65a66a75]
Creating a new SqlSession
SqlSession [org.apache.ibatis.session.defaults.DefaultSqlSession@510a2c7] was not registered for synchronization because synchronization is not active
JDBC Connection [HikariProxyConnection@1681397030 wrapping conn0: url=jdbc:h2:mem:match_event_test user=SA] will not be managed by Spring
==>  Preparing: SELECT id,openid,nickname,avatar_url,profile_completed,create_time,update_time FROM app_user WHERE (openid = ?)
==> Parameters: dev_mock_web_debug(String)
<==      Total: 0
Closing non transactional SqlSession [org.apache.ibatis.session.defaults.DefaultSqlSession@510a2c7]
Creating a new SqlSession
SqlSession [org.apache.ibatis.session.defaults.DefaultSqlSession@46290193] was not registered for synchronization because synchronization is not active
JDBC Connection [HikariProxyConnection@1892336170 wrapping conn0: url=jdbc:h2:mem:match_event_test user=SA] will not be managed by Spring
==>  Preparing: INSERT INTO app_user ( id, openid, nickname, avatar_url, profile_completed, create_time, update_time ) VALUES ( ?, ?, ?, ?, ?, ?, ? )
==> Parameters: 2066738450743603201(String), dev_mock_web_debug(String), Dev调试(String), https://mmbiz.qpic.cn/mmbiz/icTdbqWNOwNRna42FI242Lcia07jQodd2FJGIYQfG0LAJGFxM4FbnQP6yfMxBgJ0F3YRqJCJ1aPAK2dQagdusBZg/0(String), true(Boolean), 2026-06-16T12:23:39.458520600(LocalDateTime), 2026-06-16T12:23:39.458520600(LocalDateTime)
<==    Updates: 1
Closing non transactional SqlSession [org.apache.ibatis.session.defaults.DefaultSqlSession@46290193]
Creating a new SqlSession
Registering transaction synchronization for SqlSession [org.apache.ibatis.session.defaults.DefaultSqlSession@79ae3fb1]
JDBC Connection [HikariProxyConnection@1309738228 wrapping conn0: url=jdbc:h2:mem:match_event_test user=SA] will be managed by Spring
==>  Preparing: SELECT id,tournament_id,round_num,match_index,stage_type,group_no,left_player_id,right_player_id,score_display,winner_id,left_game_wins,right_game_wins,game_scores,status,next_match_id,next_match_slot,retired_side FROM match_record WHERE id=?
==> Parameters: m-1(String)
<==    Columns: id, tournament_id, round_num, match_index, stage_type, group_no, left_player_id, right_player_id, score_display, winner_id, left_game_wins, right_game_wins, game_scores, status, next_match_id, next_match_slot, retired_side
<==        Row: m-1, t-1, 1, 1, 1, null, p-left, p-right, null, null, null, null, <<BLOB>>, 1, null, null, null
<==      Total: 1
Releasing transactional SqlSession [org.apache.ibatis.session.defaults.DefaultSqlSession@79ae3fb1]
Fetched SqlSession [org.apache.ibatis.session.defaults.DefaultSqlSession@79ae3fb1] from current transaction
==>  Preparing: SELECT id,name,location,status,sport_type,tournament_type,group_size,knockout_slots,qualifiers_per_group,current_stage,knockout_generated,best_of,games_to_win,points_to_win,enable_deuce,cap_point,creator_user_id,favorite_count,create_time,update_time FROM tournament WHERE id=?
==> Parameters: t-1(String)
<==    Columns: id, name, location, status, sport_type, tournament_type, group_size, knockout_slots, qualifiers_per_group, current_stage, knockout_generated, best_of, games_to_win, points_to_win, enable_deuce, cap_point, creator_user_id, favorite_count, create_time, update_time
<==        Row: t-1, test, court, 1, 1, 0, null, null, null, 1, TRUE, 5, 3, 25, TRUE, 99, user-1, 0, 2026-06-16 12:23:39.34408, 2026-06-16 12:23:39.34408
<==      Total: 1
Releasing transactional SqlSession [org.apache.ibatis.session.defaults.DefaultSqlSession@79ae3fb1]
Fetched SqlSession [org.apache.ibatis.session.defaults.DefaultSqlSession@79ae3fb1] from current transaction
==>  Preparing: SELECT id,match_id,event_seq,event_type,game_no,left_score,right_score,serve_side,payload_json,create_time FROM match_event WHERE (match_id = ? AND event_seq IN (?,?))
==> Parameters: m-1(String), 1(Integer), 2(Integer)
<==      Total: 0
Releasing transactional SqlSession [org.apache.ibatis.session.defaults.DefaultSqlSession@79ae3fb1]
Fetched SqlSession [org.apache.ibatis.session.defaults.DefaultSqlSession@79ae3fb1] from current transaction
==>  Preparing: INSERT INTO match_event ( id, match_id, event_seq, event_type, game_no, left_score, right_score, serve_side, payload_json ) VALUES ( ?, ?, ?, ?, ?, ?, ?, ?, ? )
==> Parameters: 2066738451666350081(String), m-1(String), 1(Integer), roster_snapshot(String), 1(Integer), 0(Integer), 0(Integer), left(String), {"leftMembers":["l1"],"rightMembers":["r1"]}(String)
<==    Updates: 1
Releasing transactional SqlSession [org.apache.ibatis.session.defaults.DefaultSqlSession@79ae3fb1]
Fetched SqlSession [org.apache.ibatis.session.defaults.DefaultSqlSession@79ae3fb1] from current transaction
==>  Preparing: INSERT INTO match_event ( id, match_id, event_seq, event_type, game_no, left_score, right_score, serve_side, payload_json ) VALUES ( ?, ?, ?, ?, ?, ?, ?, ?, ? )
==> Parameters: 2066738451666350082(String), m-1(String), 2(Integer), captain_change(String), 1(Integer), 0(Integer), 0(Integer), left(String), {"side":"left","captainMemberId":"l1","source":"auto"}(String)
<==    Updates: 1
Releasing transactional SqlSession [org.apache.ibatis.session.defaults.DefaultSqlSession@79ae3fb1]
Transaction synchronization committing SqlSession [org.apache.ibatis.session.defaults.DefaultSqlSession@79ae3fb1]
Transaction synchronization deregistering SqlSession [org.apache.ibatis.session.defaults.DefaultSqlSession@79ae3fb1]
Transaction synchronization closing SqlSession [org.apache.ibatis.session.defaults.DefaultSqlSession@79ae3fb1]
2026-06-16 12:23:39.702 INFO  [main] com.scoring.backend.common.RequestLoggingFilter - request_done method=PUT path=/api/v1/matches/m-1/events status=200 costMs=221 clientIp=127.0.0.1
Creating a new SqlSession
Registering transaction synchronization for SqlSession [org.apache.ibatis.session.defaults.DefaultSqlSession@f0d01c9]
JDBC Connection [HikariProxyConnection@542864344 wrapping conn0: url=jdbc:h2:mem:match_event_test user=SA] will be managed by Spring
==>  Preparing: SELECT id,tournament_id,round_num,match_index,stage_type,group_no,left_player_id,right_player_id,score_display,winner_id,left_game_wins,right_game_wins,game_scores,status,next_match_id,next_match_slot,retired_side FROM match_record WHERE id=?
==> Parameters: m-1(String)
<==    Columns: id, tournament_id, round_num, match_index, stage_type, group_no, left_player_id, right_player_id, score_display, winner_id, left_game_wins, right_game_wins, game_scores, status, next_match_id, next_match_slot, retired_side
<==        Row: m-1, t-1, 1, 1, 1, null, p-left, p-right, null, null, null, null, <<BLOB>>, 1, null, null, null
<==      Total: 1
Releasing transactional SqlSession [org.apache.ibatis.session.defaults.DefaultSqlSession@f0d01c9]
Fetched SqlSession [org.apache.ibatis.session.defaults.DefaultSqlSession@f0d01c9] from current transaction
==>  Preparing: SELECT id,name,location,status,sport_type,tournament_type,group_size,knockout_slots,qualifiers_per_group,current_stage,knockout_generated,best_of,games_to_win,points_to_win,enable_deuce,cap_point,creator_user_id,favorite_count,create_time,update_time FROM tournament WHERE id=?
==> Parameters: t-1(String)
<==    Columns: id, name, location, status, sport_type, tournament_type, group_size, knockout_slots, qualifiers_per_group, current_stage, knockout_generated, best_of, games_to_win, points_to_win, enable_deuce, cap_point, creator_user_id, favorite_count, create_time, update_time
<==        Row: t-1, test, court, 1, 1, 0, null, null, null, 1, TRUE, 5, 3, 25, TRUE, 99, user-1, 0, 2026-06-16 12:23:39.34408, 2026-06-16 12:23:39.34408
<==      Total: 1
Releasing transactional SqlSession [org.apache.ibatis.session.defaults.DefaultSqlSession@f0d01c9]
Fetched SqlSession [org.apache.ibatis.session.defaults.DefaultSqlSession@f0d01c9] from current transaction
==>  Preparing: SELECT id,match_id,event_seq,event_type,game_no,left_score,right_score,serve_side,payload_json,create_time FROM match_event WHERE (match_id = ? AND event_seq IN (?,?))
==> Parameters: m-1(String), 1(Integer), 2(Integer)
<==    Columns: id, match_id, event_seq, event_type, game_no, left_score, right_score, serve_side, payload_json, create_time
<==        Row: 2066738451666350081, m-1, 1, roster_snapshot, 1, 0, 0, left, <<BLOB>>, 2026-06-16 12:23:39.682561
<==        Row: 2066738451666350082, m-1, 2, captain_change, 1, 0, 0, left, <<BLOB>>, 2026-06-16 12:23:39.68556
<==      Total: 2
Releasing transactional SqlSession [org.apache.ibatis.session.defaults.DefaultSqlSession@f0d01c9]
Transaction synchronization committing SqlSession [org.apache.ibatis.session.defaults.DefaultSqlSession@f0d01c9]
Transaction synchronization deregistering SqlSession [org.apache.ibatis.session.defaults.DefaultSqlSession@f0d01c9]
Transaction synchronization closing SqlSession [org.apache.ibatis.session.defaults.DefaultSqlSession@f0d01c9]
2026-06-16 12:23:39.743 INFO  [main] com.scoring.backend.common.RequestLoggingFilter - request_done method=PUT path=/api/v1/matches/m-1/events status=200 costMs=9 clientIp=127.0.0.1
Creating a new SqlSession
SqlSession [org.apache.ibatis.session.defaults.DefaultSqlSession@7da1ef46] was not registered for synchronization because synchronization is not active
JDBC Connection [HikariProxyConnection@1674359218 wrapping conn0: url=jdbc:h2:mem:match_event_test user=SA] will not be managed by Spring
==>  Preparing: SELECT id,match_id,event_seq,event_type,game_no,left_score,right_score,serve_side,payload_json,create_time FROM match_event WHERE (match_id = ?) ORDER BY event_seq ASC
==> Parameters: m-1(String)
<==    Columns: id, match_id, event_seq, event_type, game_no, left_score, right_score, serve_side, payload_json, create_time
<==        Row: 2066738451666350081, m-1, 1, roster_snapshot, 1, 0, 0, left, <<BLOB>>, 2026-06-16 12:23:39.682561
<==        Row: 2066738451666350082, m-1, 2, captain_change, 1, 0, 0, left, <<BLOB>>, 2026-06-16 12:23:39.68556
<==      Total: 2
Closing non transactional SqlSession [org.apache.ibatis.session.defaults.DefaultSqlSession@7da1ef46]
]]></system-out>
    <system-err><![CDATA[WARNING: A Java agent has been loaded dynamically (C:\Users\lijin\.m2\repository\net\bytebuddy\byte-buddy-agent\1.14.19\byte-buddy-agent-1.14.19.jar)
WARNING: If a serviceability tool is in use, please run with -XX:+EnableDynamicAgentLoading to hide this warning
WARNING: If a serviceability tool is not in use, please run with -Djdk.instrument.traceUsage for more information
WARNING: Dynamic loading of agents will be disallowed by default in a future release
]]></system-err>
  </testcase>
  <testcase name="getMatchRecord_shouldReturnAggregatedRecord" classname="com.scoring.backend.controller.MatchEventIntegrationTest" time="0.181">
    <system-out><![CDATA[Creating a new SqlSession
SqlSession [org.apache.ibatis.session.defaults.DefaultSqlSession@16f2d883] was not registered for synchronization because synchronization is not active
JDBC Connection [HikariProxyConnection@1904241764 wrapping conn0: url=jdbc:h2:mem:match_event_test user=SA] will not be managed by Spring
==>  Preparing: DELETE FROM match_event
==> Parameters: 
<==    Updates: 2
Closing non transactional SqlSession [org.apache.ibatis.session.defaults.DefaultSqlSession@16f2d883]
Creating a new SqlSession
SqlSession [org.apache.ibatis.session.defaults.DefaultSqlSession@69988d42] was not registered for synchronization because synchronization is not active
JDBC Connection [HikariProxyConnection@1773041202 wrapping conn0: url=jdbc:h2:mem:match_event_test user=SA] will not be managed by Spring
==>  Preparing: DELETE FROM match_lineup_config
==> Parameters: 
<==    Updates: 0
Closing non transactional SqlSession [org.apache.ibatis.session.defaults.DefaultSqlSession@69988d42]
Creating a new SqlSession
SqlSession [org.apache.ibatis.session.defaults.DefaultSqlSession@1bbfd42f] was not registered for synchronization because synchronization is not active
JDBC Connection [HikariProxyConnection@1710845272 wrapping conn0: url=jdbc:h2:mem:match_event_test user=SA] will not be managed by Spring
==>  Preparing: DELETE FROM match_record
==> Parameters: 
<==    Updates: 1
Closing non transactional SqlSession [org.apache.ibatis.session.defaults.DefaultSqlSession@1bbfd42f]
Creating a new SqlSession
SqlSession [org.apache.ibatis.session.defaults.DefaultSqlSession@48a61e38] was not registered for synchronization because synchronization is not active
JDBC Connection [HikariProxyConnection@1386475256 wrapping conn0: url=jdbc:h2:mem:match_event_test user=SA] will not be managed by Spring
==>  Preparing: DELETE FROM tournament_team_member
==> Parameters: 
<==    Updates: 16
Closing non transactional SqlSession [org.apache.ibatis.session.defaults.DefaultSqlSession@48a61e38]
Creating a new SqlSession
SqlSession [org.apache.ibatis.session.defaults.DefaultSqlSession@37d8562f] was not registered for synchronization because synchronization is not active
JDBC Connection [HikariProxyConnection@426077729 wrapping conn0: url=jdbc:h2:mem:match_event_test user=SA] will not be managed by Spring
==>  Preparing: DELETE FROM player
==> Parameters: 
<==    Updates: 2
Closing non transactional SqlSession [org.apache.ibatis.session.defaults.DefaultSqlSession@37d8562f]
Creating a new SqlSession
SqlSession [org.apache.ibatis.session.defaults.DefaultSqlSession@614ae4eb] was not registered for synchronization because synchronization is not active
JDBC Connection [HikariProxyConnection@752030228 wrapping conn0: url=jdbc:h2:mem:match_event_test user=SA] will not be managed by Spring
==>  Preparing: DELETE FROM tournament
==> Parameters: 
<==    Updates: 1
Closing non transactional SqlSession [org.apache.ibatis.session.defaults.DefaultSqlSession@614ae4eb]
Creating a new SqlSession
SqlSession [org.apache.ibatis.session.defaults.DefaultSqlSession@594f508f] was not registered for synchronization because synchronization is not active
JDBC Connection [HikariProxyConnection@1802058209 wrapping conn0: url=jdbc:h2:mem:match_event_test user=SA] will not be managed by Spring
==>  Preparing: INSERT INTO tournament ( id, name, location, status, sport_type, tournament_type, current_stage, knockout_generated, best_of, games_to_win, points_to_win, enable_deuce, cap_point, creator_user_id, favorite_count, create_time, update_time ) VALUES ( ?, ?, ?, ?, ?, ?, ?, ?, ?, ?, ?, ?, ?, ?, ?, ?, ? )
==> Parameters: t-1(String), test(String), court(String), 1(Integer), 1(Integer), 0(Integer), 1(Integer), true(Boolean), 5(Integer), 3(Integer), 25(Integer), true(Boolean), 99(Integer), user-1(String), 0(Integer), 2026-06-16T12:23:39.779147100(LocalDateTime), 2026-06-16T12:23:39.779147100(LocalDateTime)
<==    Updates: 1
Closing non transactional SqlSession [org.apache.ibatis.session.defaults.DefaultSqlSession@594f508f]
Creating a new SqlSession
SqlSession [org.apache.ibatis.session.defaults.DefaultSqlSession@5d32f5db] was not registered for synchronization because synchronization is not active
JDBC Connection [HikariProxyConnection@1774526427 wrapping conn0: url=jdbc:h2:mem:match_event_test user=SA] will not be managed by Spring
==>  Preparing: INSERT INTO player ( id, tournament_id, name, create_time ) VALUES ( ?, ?, ?, ? )
==> Parameters: p-left(String), t-1(String), Left Team(String), 2026-06-16T12:23:39.780148100(LocalDateTime)
<==    Updates: 1
Closing non transactional SqlSession [org.apache.ibatis.session.defaults.DefaultSqlSession@5d32f5db]
Creating a new SqlSession
SqlSession [org.apache.ibatis.session.defaults.DefaultSqlSession@4aadf144] was not registered for synchronization because synchronization is not active
JDBC Connection [HikariProxyConnection@1755938753 wrapping conn0: url=jdbc:h2:mem:match_event_test user=SA] will not be managed by Spring
==>  Preparing: INSERT INTO player ( id, tournament_id, name, create_time ) VALUES ( ?, ?, ?, ? )
==> Parameters: p-right(String), t-1(String), Right Team(String), 2026-06-16T12:23:39.781146500(LocalDateTime)
<==    Updates: 1
Closing non transactional SqlSession [org.apache.ibatis.session.defaults.DefaultSqlSession@4aadf144]
Creating a new SqlSession
SqlSession [org.apache.ibatis.session.defaults.DefaultSqlSession@227fc322] was not registered for synchronization because synchronization is not active
JDBC Connection [HikariProxyConnection@1661287281 wrapping conn0: url=jdbc:h2:mem:match_event_test user=SA] will not be managed by Spring
==>  Preparing: INSERT INTO tournament_team_member ( id, tournament_id, participant_id, name, jersey_number, is_libero, is_captain, display_order, create_time ) VALUES ( ?, ?, ?, ?, ?, ?, ?, ?, ? )
==> Parameters: l1(String), t-1(String), p-left(String), L1(String), 1(Integer), false(Boolean), true(Boolean), 1(Integer), 2026-06-16T12:23:39.781146500(LocalDateTime)
<==    Updates: 1
Closing non transactional SqlSession [org.apache.ibatis.session.defaults.DefaultSqlSession@227fc322]
Creating a new SqlSession
SqlSession [org.apache.ibatis.session.defaults.DefaultSqlSession@4687c184] was not registered for synchronization because synchronization is not active
JDBC Connection [HikariProxyConnection@1710488034 wrapping conn0: url=jdbc:h2:mem:match_event_test user=SA] will not be managed by Spring
==>  Preparing: INSERT INTO tournament_team_member ( id, tournament_id, participant_id, name, jersey_number, is_libero, is_captain, display_order, create_time ) VALUES ( ?, ?, ?, ?, ?, ?, ?, ?, ? )
==> Parameters: r1(String), t-1(String), p-right(String), R1(String), 1(Integer), false(Boolean), true(Boolean), 1(Integer), 2026-06-16T12:23:39.782496800(LocalDateTime)
<==    Updates: 1
Closing non transactional SqlSession [org.apache.ibatis.session.defaults.DefaultSqlSession@4687c184]
Creating a new SqlSession
SqlSession [org.apache.ibatis.session.defaults.DefaultSqlSession@394950ad] was not registered for synchronization because synchronization is not active
JDBC Connection [HikariProxyConnection@1943878214 wrapping conn0: url=jdbc:h2:mem:match_event_test user=SA] will not be managed by Spring
==>  Preparing: INSERT INTO tournament_team_member ( id, tournament_id, participant_id, name, jersey_number, is_libero, is_captain, display_order, create_time ) VALUES ( ?, ?, ?, ?, ?, ?, ?, ?, ? )
==> Parameters: l2(String), t-1(String), p-left(String), L2(String), 2(Integer), false(Boolean), false(Boolean), 2(Integer), 2026-06-16T12:23:39.783496900(LocalDateTime)
<==    Updates: 1
Closing non transactional SqlSession [org.apache.ibatis.session.defaults.DefaultSqlSession@394950ad]
Creating a new SqlSession
SqlSession [org.apache.ibatis.session.defaults.DefaultSqlSession@bae5e58] was not registered for synchronization because synchronization is not active
JDBC Connection [HikariProxyConnection@1911069222 wrapping conn0: url=jdbc:h2:mem:match_event_test user=SA] will not be managed by Spring
==>  Preparing: INSERT INTO tournament_team_member ( id, tournament_id, participant_id, name, jersey_number, is_libero, is_captain, display_order, create_time ) VALUES ( ?, ?, ?, ?, ?, ?, ?, ?, ? )
==> Parameters: r2(String), t-1(String), p-right(String), R2(String), 2(Integer), false(Boolean), false(Boolean), 2(Integer), 2026-06-16T12:23:39.784499300(LocalDateTime)
<==    Updates: 1
Closing non transactional SqlSession [org.apache.ibatis.session.defaults.DefaultSqlSession@bae5e58]
Creating a new SqlSession
SqlSession [org.apache.ibatis.session.defaults.DefaultSqlSession@257708e] was not registered for synchronization because synchronization is not active
JDBC Connection [HikariProxyConnection@415393160 wrapping conn0: url=jdbc:h2:mem:match_event_test user=SA] will not be managed by Spring
==>  Preparing: INSERT INTO tournament_team_member ( id, tournament_id, participant_id, name, jersey_number, is_libero, is_captain, display_order, create_time ) VALUES ( ?, ?, ?, ?, ?, ?, ?, ?, ? )
==> Parameters: l3(String), t-1(String), p-left(String), L3(String), 3(Integer), false(Boolean), false(Boolean), 3(Integer), 2026-06-16T12:23:39.786281500(LocalDateTime)
<==    Updates: 1
Closing non transactional SqlSession [org.apache.ibatis.session.defaults.DefaultSqlSession@257708e]
Creating a new SqlSession
SqlSession [org.apache.ibatis.session.defaults.DefaultSqlSession@54eb2bf6] was not registered for synchronization because synchronization is not active
JDBC Connection [HikariProxyConnection@1828844261 wrapping conn0: url=jdbc:h2:mem:match_event_test user=SA] will not be managed by Spring
==>  Preparing: INSERT INTO tournament_team_member ( id, tournament_id, participant_id, name, jersey_number, is_libero, is_captain, display_order, create_time ) VALUES ( ?, ?, ?, ?, ?, ?, ?, ?, ? )
==> Parameters: r3(String), t-1(String), p-right(String), R3(String), 3(Integer), false(Boolean), false(Boolean), 3(Integer), 2026-06-16T12:23:39.787817600(LocalDateTime)
<==    Updates: 1
Closing non transactional SqlSession [org.apache.ibatis.session.defaults.DefaultSqlSession@54eb2bf6]
Creating a new SqlSession
SqlSession [org.apache.ibatis.session.defaults.DefaultSqlSession@66e434e8] was not registered for synchronization because synchronization is not active
JDBC Connection [HikariProxyConnection@981297526 wrapping conn0: url=jdbc:h2:mem:match_event_test user=SA] will not be managed by Spring
==>  Preparing: INSERT INTO tournament_team_member ( id, tournament_id, participant_id, name, jersey_number, is_libero, is_captain, display_order, create_time ) VALUES ( ?, ?, ?, ?, ?, ?, ?, ?, ? )
==> Parameters: l4(String), t-1(String), p-left(String), L4(String), 4(Integer), false(Boolean), false(Boolean), 4(Integer), 2026-06-16T12:23:39.789125400(LocalDateTime)
<==    Updates: 1
Closing non transactional SqlSession [org.apache.ibatis.session.defaults.DefaultSqlSession@66e434e8]
Creating a new SqlSession
SqlSession [org.apache.ibatis.session.defaults.DefaultSqlSession@37c45154] was not registered for synchronization because synchronization is not active
JDBC Connection [HikariProxyConnection@1429212051 wrapping conn0: url=jdbc:h2:mem:match_event_test user=SA] will not be managed by Spring
==>  Preparing: INSERT INTO tournament_team_member ( id, tournament_id, participant_id, name, jersey_number, is_libero, is_captain, display_order, create_time ) VALUES ( ?, ?, ?, ?, ?, ?, ?, ?, ? )
==> Parameters: r4(String), t-1(String), p-right(String), R4(String), 4(Integer), false(Boolean), false(Boolean), 4(Integer), 2026-06-16T12:23:39.790132700(LocalDateTime)
<==    Updates: 1
Closing non transactional SqlSession [org.apache.ibatis.session.defaults.DefaultSqlSession@37c45154]
Creating a new SqlSession
SqlSession [org.apache.ibatis.session.defaults.DefaultSqlSession@123426a9] was not registered for synchronization because synchronization is not active
JDBC Connection [HikariProxyConnection@1129569088 wrapping conn0: url=jdbc:h2:mem:match_event_test user=SA] will not be managed by Spring
==>  Preparing: INSERT INTO tournament_team_member ( id, tournament_id, participant_id, name, jersey_number, is_libero, is_captain, display_order, create_time ) VALUES ( ?, ?, ?, ?, ?, ?, ?, ?, ? )
==> Parameters: l5(String), t-1(String), p-left(String), L5(String), 5(Integer), false(Boolean), false(Boolean), 5(Integer), 2026-06-16T12:23:39.791132700(LocalDateTime)
<==    Updates: 1
Closing non transactional SqlSession [org.apache.ibatis.session.defaults.DefaultSqlSession@123426a9]
Creating a new SqlSession
SqlSession [org.apache.ibatis.session.defaults.DefaultSqlSession@56887c8f] was not registered for synchronization because synchronization is not active
JDBC Connection [HikariProxyConnection@61966686 wrapping conn0: url=jdbc:h2:mem:match_event_test user=SA] will not be managed by Spring
==>  Preparing: INSERT INTO tournament_team_member ( id, tournament_id, participant_id, name, jersey_number, is_libero, is_captain, display_order, create_time ) VALUES ( ?, ?, ?, ?, ?, ?, ?, ?, ? )
==> Parameters: r5(String), t-1(String), p-right(String), R5(String), 5(Integer), false(Boolean), false(Boolean), 5(Integer), 2026-06-16T12:23:39.792132(LocalDateTime)
<==    Updates: 1
Closing non transactional SqlSession [org.apache.ibatis.session.defaults.DefaultSqlSession@56887c8f]
Creating a new SqlSession
SqlSession [org.apache.ibatis.session.defaults.DefaultSqlSession@3083e6ef] was not registered for synchronization because synchronization is not active
JDBC Connection [HikariProxyConnection@1834463844 wrapping conn0: url=jdbc:h2:mem:match_event_test user=SA] will not be managed by Spring
==>  Preparing: INSERT INTO tournament_team_member ( id, tournament_id, participant_id, name, jersey_number, is_libero, is_captain, display_order, create_time ) VALUES ( ?, ?, ?, ?, ?, ?, ?, ?, ? )
==> Parameters: l6(String), t-1(String), p-left(String), L6(String), 6(Integer), false(Boolean), false(Boolean), 6(Integer), 2026-06-16T12:23:39.792132(LocalDateTime)
<==    Updates: 1
Closing non transactional SqlSession [org.apache.ibatis.session.defaults.DefaultSqlSession@3083e6ef]
Creating a new SqlSession
SqlSession [org.apache.ibatis.session.defaults.DefaultSqlSession@782ed745] was not registered for synchronization because synchronization is not active
JDBC Connection [HikariProxyConnection@2002410087 wrapping conn0: url=jdbc:h2:mem:match_event_test user=SA] will not be managed by Spring
==>  Preparing: INSERT INTO tournament_team_member ( id, tournament_id, participant_id, name, jersey_number, is_libero, is_captain, display_order, create_time ) VALUES ( ?, ?, ?, ?, ?, ?, ?, ?, ? )
==> Parameters: r6(String), t-1(String), p-right(String), R6(String), 6(Integer), false(Boolean), false(Boolean), 6(Integer), 2026-06-16T12:23:39.793277900(LocalDateTime)
<==    Updates: 1
Closing non transactional SqlSession [org.apache.ibatis.session.defaults.DefaultSqlSession@782ed745]
Creating a new SqlSession
SqlSession [org.apache.ibatis.session.defaults.DefaultSqlSession@58c16efd] was not registered for synchronization because synchronization is not active
JDBC Connection [HikariProxyConnection@148185875 wrapping conn0: url=jdbc:h2:mem:match_event_test user=SA] will not be managed by Spring
==>  Preparing: INSERT INTO tournament_team_member ( id, tournament_id, participant_id, name, jersey_number, is_libero, is_captain, display_order, create_time ) VALUES ( ?, ?, ?, ?, ?, ?, ?, ?, ? )
==> Parameters: l7(String), t-1(String), p-left(String), L7(String), 7(Integer), true(Boolean), false(Boolean), 7(Integer), 2026-06-16T12:23:39.794278500(LocalDateTime)
<==    Updates: 1
Closing non transactional SqlSession [org.apache.ibatis.session.defaults.DefaultSqlSession@58c16efd]
Creating a new SqlSession
SqlSession [org.apache.ibatis.session.defaults.DefaultSqlSession@64f49b3] was not registered for synchronization because synchronization is not active
JDBC Connection [HikariProxyConnection@602120831 wrapping conn0: url=jdbc:h2:mem:match_event_test user=SA] will not be managed by Spring
==>  Preparing: INSERT INTO tournament_team_member ( id, tournament_id, participant_id, name, jersey_number, is_libero, is_captain, display_order, create_time ) VALUES ( ?, ?, ?, ?, ?, ?, ?, ?, ? )
==> Parameters: r7(String), t-1(String), p-right(String), R7(String), 7(Integer), false(Boolean), false(Boolean), 7(Integer), 2026-06-16T12:23:39.795275900(LocalDateTime)
<==    Updates: 1
Closing non transactional SqlSession [org.apache.ibatis.session.defaults.DefaultSqlSession@64f49b3]
Creating a new SqlSession
SqlSession [org.apache.ibatis.session.defaults.DefaultSqlSession@70869678] was not registered for synchronization because synchronization is not active
JDBC Connection [HikariProxyConnection@1374355136 wrapping conn0: url=jdbc:h2:mem:match_event_test user=SA] will not be managed by Spring
==>  Preparing: INSERT INTO tournament_team_member ( id, tournament_id, participant_id, name, jersey_number, is_libero, is_captain, display_order, create_time ) VALUES ( ?, ?, ?, ?, ?, ?, ?, ?, ? )
==> Parameters: l8(String), t-1(String), p-left(String), L8(String), 8(Integer), false(Boolean), false(Boolean), 8(Integer), 2026-06-16T12:23:39.797280800(LocalDateTime)
<==    Updates: 1
Closing non transactional SqlSession [org.apache.ibatis.session.defaults.DefaultSqlSession@70869678]
Creating a new SqlSession
SqlSession [org.apache.ibatis.session.defaults.DefaultSqlSession@2d94279f] was not registered for synchronization because synchronization is not active
JDBC Connection [HikariProxyConnection@324700168 wrapping conn0: url=jdbc:h2:mem:match_event_test user=SA] will not be managed by Spring
==>  Preparing: INSERT INTO tournament_team_member ( id, tournament_id, participant_id, name, jersey_number, is_libero, is_captain, display_order, create_time ) VALUES ( ?, ?, ?, ?, ?, ?, ?, ?, ? )
==> Parameters: r8(String), t-1(String), p-right(String), R8(String), 8(Integer), false(Boolean), false(Boolean), 8(Integer), 2026-06-16T12:23:39.798281(LocalDateTime)
<==    Updates: 1
Closing non transactional SqlSession [org.apache.ibatis.session.defaults.DefaultSqlSession@2d94279f]
Creating a new SqlSession
SqlSession [org.apache.ibatis.session.defaults.DefaultSqlSession@57abe94d] was not registered for synchronization because synchronization is not active
JDBC Connection [HikariProxyConnection@1370558854 wrapping conn0: url=jdbc:h2:mem:match_event_test user=SA] will not be managed by Spring
==>  Preparing: INSERT INTO match_record ( id, tournament_id, round_num, match_index, stage_type, left_player_id, right_player_id, status ) VALUES ( ?, ?, ?, ?, ?, ?, ?, ? )
==> Parameters: m-1(String), t-1(String), 1(Integer), 1(Integer), 1(Integer), p-left(String), p-right(String), 1(Integer)
<==    Updates: 1
Closing non transactional SqlSession [org.apache.ibatis.session.defaults.DefaultSqlSession@57abe94d]
Creating a new SqlSession
Registering transaction synchronization for SqlSession [org.apache.ibatis.session.defaults.DefaultSqlSession@1b901f7b]
JDBC Connection [HikariProxyConnection@438188203 wrapping conn0: url=jdbc:h2:mem:match_event_test user=SA] will be managed by Spring
==>  Preparing: SELECT id,tournament_id,round_num,match_index,stage_type,group_no,left_player_id,right_player_id,score_display,winner_id,left_game_wins,right_game_wins,game_scores,status,next_match_id,next_match_slot,retired_side FROM match_record WHERE id=?
==> Parameters: m-1(String)
<==    Columns: id, tournament_id, round_num, match_index, stage_type, group_no, left_player_id, right_player_id, score_display, winner_id, left_game_wins, right_game_wins, game_scores, status, next_match_id, next_match_slot, retired_side
<==        Row: m-1, t-1, 1, 1, 1, null, p-left, p-right, null, null, null, null, <<BLOB>>, 1, null, null, null
<==      Total: 1
Releasing transactional SqlSession [org.apache.ibatis.session.defaults.DefaultSqlSession@1b901f7b]
Fetched SqlSession [org.apache.ibatis.session.defaults.DefaultSqlSession@1b901f7b] from current transaction
==>  Preparing: SELECT id,name,location,status,sport_type,tournament_type,group_size,knockout_slots,qualifiers_per_group,current_stage,knockout_generated,best_of,games_to_win,points_to_win,enable_deuce,cap_point,creator_user_id,favorite_count,create_time,update_time FROM tournament WHERE id=?
==> Parameters: t-1(String)
<==    Columns: id, name, location, status, sport_type, tournament_type, group_size, knockout_slots, qualifiers_per_group, current_stage, knockout_generated, best_of, games_to_win, points_to_win, enable_deuce, cap_point, creator_user_id, favorite_count, create_time, update_time
<==        Row: t-1, test, court, 1, 1, 0, null, null, null, 1, TRUE, 5, 3, 25, TRUE, 99, user-1, 0, 2026-06-16 12:23:39.779147, 2026-06-16 12:23:39.779147
<==      Total: 1
Releasing transactional SqlSession [org.apache.ibatis.session.defaults.DefaultSqlSession@1b901f7b]
Fetched SqlSession [org.apache.ibatis.session.defaults.DefaultSqlSession@1b901f7b] from current transaction
==>  Preparing: SELECT id,match_id,meta_json,create_time,update_time FROM match_report_meta WHERE (match_id = ?)
==> Parameters: m-1(String)
<==      Total: 0
Releasing transactional SqlSession [org.apache.ibatis.session.defaults.DefaultSqlSession@1b901f7b]
Fetched SqlSession [org.apache.ibatis.session.defaults.DefaultSqlSession@1b901f7b] from current transaction
==>  Preparing: INSERT INTO match_report_meta ( id, match_id, meta_json, create_time, update_time ) VALUES ( ?, ?, ?, ?, ? )
==> Parameters: 2066738452249358338(String), m-1(String), {"matchTypeLabel":"混排小组赛","matchTimeText":"2026-06-12 19:30","chiefRefereeName":"主裁甲","assistantRefereeName":"副裁乙","notes":"","initialCoinToss":{"enabled":true,"serveTeam":"A","chooseSideTeam":"B"},"decidingSetCoinToss":{"enabled":true,"serveTeam":"B","chooseSideTeam":"A"},"signatures":{"aCaptainLabel":"A队队长","bCaptainLabel":"B队队长","chiefRefereeLabel":"主裁","assistantRefereeLabel":"副裁","chiefRefereeName":"主裁甲","assistantRefereeName":"副裁乙"}}(String), 2026-06-16T12:23:39.824079200(LocalDateTime), 2026-06-16T12:23:39.824079200(LocalDateTime)
<==    Updates: 1
Releasing transactional SqlSession [org.apache.ibatis.session.defaults.DefaultSqlSession@1b901f7b]
Transaction synchronization committing SqlSession [org.apache.ibatis.session.defaults.DefaultSqlSession@1b901f7b]
Transaction synchronization deregistering SqlSession [org.apache.ibatis.session.defaults.DefaultSqlSession@1b901f7b]
Transaction synchronization closing SqlSession [org.apache.ibatis.session.defaults.DefaultSqlSession@1b901f7b]
2026-06-16 12:23:39.826 INFO  [main] com.scoring.backend.common.RequestLoggingFilter - request_done method=PUT path=/api/v1/matches/m-1/report-meta status=200 costMs=24 clientIp=127.0.0.1
Creating a new SqlSession
SqlSession [org.apache.ibatis.session.defaults.DefaultSqlSession@48301bfe] was not registered for synchronization because synchronization is not active
JDBC Connection [HikariProxyConnection@1842475577 wrapping conn0: url=jdbc:h2:mem:match_event_test user=SA] will not be managed by Spring
==>  Preparing: INSERT INTO match_lineup_config ( id, match_id, game_no, left_court_json, right_court_json, left_middle_pair_indexes_json, right_middle_pair_indexes_json, left_libero1_id, left_libero2_id, right_libero1_id, right_libero2_id, serve_side, create_time, update_time ) VALUES ( ?, ?, ?, ?, ?, ?, ?, ?, ?, ?, ?, ?, ?, ? )
==> Parameters: lineup-1(String), m-1(String), 1(Integer), ["l1","l2","l3","l4","l5","l6"](String), ["r1","r2","r3","r4","r5","r6"](String), [1,4](String), [](String), l7(String), (String), (String), (String), left(String), 2026-06-16T12:23:39.828079500(LocalDateTime), 2026-06-16T12:23:39.828079500(LocalDateTime)
<==    Updates: 1
Closing non transactional SqlSession [org.apache.ibatis.session.defaults.DefaultSqlSession@48301bfe]
Creating a new SqlSession
Registering transaction synchronization for SqlSession [org.apache.ibatis.session.defaults.DefaultSqlSession@7da6d695]
JDBC Connection [HikariProxyConnection@1620570661 wrapping conn0: url=jdbc:h2:mem:match_event_test user=SA] will be managed by Spring
==>  Preparing: SELECT id,tournament_id,round_num,match_index,stage_type,group_no,left_player_id,right_player_id,score_display,winner_id,left_game_wins,right_game_wins,game_scores,status,next_match_id,next_match_slot,retired_side FROM match_record WHERE id=?
==> Parameters: m-1(String)
<==    Columns: id, tournament_id, round_num, match_index, stage_type, group_no, left_player_id, right_player_id, score_display, winner_id, left_game_wins, right_game_wins, game_scores, status, next_match_id, next_match_slot, retired_side
<==        Row: m-1, t-1, 1, 1, 1, null, p-left, p-right, null, null, null, null, <<BLOB>>, 1, null, null, null
<==      Total: 1
Releasing transactional SqlSession [org.apache.ibatis.session.defaults.DefaultSqlSession@7da6d695]
Fetched SqlSession [org.apache.ibatis.session.defaults.DefaultSqlSession@7da6d695] from current transaction
==>  Preparing: SELECT id,name,location,status,sport_type,tournament_type,group_size,knockout_slots,qualifiers_per_group,current_stage,knockout_generated,best_of,games_to_win,points_to_win,enable_deuce,cap_point,creator_user_id,favorite_count,create_time,update_time FROM tournament WHERE id=?
==> Parameters: t-1(String)
<==    Columns: id, name, location, status, sport_type, tournament_type, group_size, knockout_slots, qualifiers_per_group, current_stage, knockout_generated, best_of, games_to_win, points_to_win, enable_deuce, cap_point, creator_user_id, favorite_count, create_time, update_time
<==        Row: t-1, test, court, 1, 1, 0, null, null, null, 1, TRUE, 5, 3, 25, TRUE, 99, user-1, 0, 2026-06-16 12:23:39.779147, 2026-06-16 12:23:39.779147
<==      Total: 1
Releasing transactional SqlSession [org.apache.ibatis.session.defaults.DefaultSqlSession@7da6d695]
Fetched SqlSession [org.apache.ibatis.session.defaults.DefaultSqlSession@7da6d695] from current transaction
==>  Preparing: SELECT id,match_id,event_seq,event_type,game_no,left_score,right_score,serve_side,payload_json,create_time FROM match_event WHERE (match_id = ? AND event_seq IN (?,?,?,?))
==> Parameters: m-1(String), 1(Integer), 2(Integer), 3(Integer), 4(Integer)
<==      Total: 0
Releasing transactional SqlSession [org.apache.ibatis.session.defaults.DefaultSqlSession@7da6d695]
Fetched SqlSession [org.apache.ibatis.session.defaults.DefaultSqlSession@7da6d695] from current transaction
==>  Preparing: INSERT INTO match_event ( id, match_id, event_seq, event_type, game_no, left_score, right_score, serve_side, payload_json ) VALUES ( ?, ?, ?, ?, ?, ?, ?, ?, ? )
==> Parameters: 2066738452316467202(String), m-1(String), 1(Integer), roster_snapshot(String), 1(Integer), 0(Integer), 0(Integer), left(String), {"leftMembers":[{"id":"l1","name":"甲一","jerseyNumber":1,"captain":true,"libero":false}],"rightMembers":[{"id":"r1","name":"乙一","jerseyNumber":2,"captain":false,"libero":true}]}(String)
<==    Updates: 1
Releasing transactional SqlSession [org.apache.ibatis.session.defaults.DefaultSqlSession@7da6d695]
Fetched SqlSession [org.apache.ibatis.session.defaults.DefaultSqlSession@7da6d695] from current transaction
==>  Preparing: INSERT INTO match_event ( id, match_id, event_seq, event_type, game_no, left_score, right_score, serve_side, payload_json ) VALUES ( ?, ?, ?, ?, ?, ?, ?, ?, ? )
==> Parameters: 2066738452316467203(String), m-1(String), 2(Integer), lineup_snapshot(String), 1(Integer), 0(Integer), 0(Integer), left(String), {"left":{"court":["l1","l2","l3","l4","l5","l6"],"middlePairIndexes":[1,4],"libero1Id":"l7","libero2Id":""},"right":{"court":["r1","r2","r3","r4","r5","r6"],"middlePairIndexes":[],"libero1Id":"","libero2Id":""},"serveSide":"left"}(String)
<==    Updates: 1
Releasing transactional SqlSession [org.apache.ibatis.session.defaults.DefaultSqlSession@7da6d695]
Fetched SqlSession [org.apache.ibatis.session.defaults.DefaultSqlSession@7da6d695] from current transaction
==>  Preparing: INSERT INTO match_event ( id, match_id, event_seq, event_type, game_no, left_score, right_score, serve_side, payload_json ) VALUES ( ?, ?, ?, ?, ?, ?, ?, ?, ? )
==> Parameters: 2066738452316467204(String), m-1(String), 3(Integer), substitution(String), 1(Integer), 4(Integer), 3(Integer), right(String), {"side":"left","outMemberId":"l1","inMemberId":"l8"}(String)
<==    Updates: 1
Releasing transactional SqlSession [org.apache.ibatis.session.defaults.DefaultSqlSession@7da6d695]
Fetched SqlSession [org.apache.ibatis.session.defaults.DefaultSqlSession@7da6d695] from current transaction
==>  Preparing: INSERT INTO match_event ( id, match_id, event_seq, event_type, game_no, left_score, right_score, serve_side, payload_json ) VALUES ( ?, ?, ?, ?, ?, ?, ?, ?, ? )
==> Parameters: 2066738452316467205(String), m-1(String), 4(Integer), timeout(String), 1(Integer), 8(Integer), 7(Integer), right(String), {"side":"left"}(String)
<==    Updates: 1
Releasing transactional SqlSession [org.apache.ibatis.session.defaults.DefaultSqlSession@7da6d695]
Transaction synchronization committing SqlSession [org.apache.ibatis.session.defaults.DefaultSqlSession@7da6d695]
Transaction synchronization deregistering SqlSession [org.apache.ibatis.session.defaults.DefaultSqlSession@7da6d695]
Transaction synchronization closing SqlSession [org.apache.ibatis.session.defaults.DefaultSqlSession@7da6d695]
2026-06-16 12:23:39.848 INFO  [main] com.scoring.backend.common.RequestLoggingFilter - request_done method=PUT path=/api/v1/matches/m-1/events status=200 costMs=17 clientIp=127.0.0.1
Creating a new SqlSession
SqlSession [org.apache.ibatis.session.defaults.DefaultSqlSession@57d7c511] was not registered for synchronization because synchronization is not active
JDBC Connection [HikariProxyConnection@135387350 wrapping conn0: url=jdbc:h2:mem:match_event_test user=SA] will not be managed by Spring
==>  Preparing: SELECT id,tournament_id,round_num,match_index,stage_type,group_no,left_player_id,right_player_id,score_display,winner_id,left_game_wins,right_game_wins,game_scores,status,next_match_id,next_match_slot,retired_side FROM match_record WHERE id=?
==> Parameters: m-1(String)
<==    Columns: id, tournament_id, round_num, match_index, stage_type, group_no, left_player_id, right_player_id, score_display, winner_id, left_game_wins, right_game_wins, game_scores, status, next_match_id, next_match_slot, retired_side
<==        Row: m-1, t-1, 1, 1, 1, null, p-left, p-right, null, null, null, null, <<BLOB>>, 1, null, null, null
<==      Total: 1
Closing non transactional SqlSession [org.apache.ibatis.session.defaults.DefaultSqlSession@57d7c511]
Creating a new SqlSession
SqlSession [org.apache.ibatis.session.defaults.DefaultSqlSession@7f57a7a4] was not registered for synchronization because synchronization is not active
JDBC Connection [HikariProxyConnection@1842116246 wrapping conn0: url=jdbc:h2:mem:match_event_test user=SA] will not be managed by Spring
==>  Preparing: SELECT id,name,location,status,sport_type,tournament_type,group_size,knockout_slots,qualifiers_per_group,current_stage,knockout_generated,best_of,games_to_win,points_to_win,enable_deuce,cap_point,creator_user_id,favorite_count,create_time,update_time FROM tournament WHERE id=?
==> Parameters: t-1(String)
<==    Columns: id, name, location, status, sport_type, tournament_type, group_size, knockout_slots, qualifiers_per_group, current_stage, knockout_generated, best_of, games_to_win, points_to_win, enable_deuce, cap_point, creator_user_id, favorite_count, create_time, update_time
<==        Row: t-1, test, court, 1, 1, 0, null, null, null, 1, TRUE, 5, 3, 25, TRUE, 99, user-1, 0, 2026-06-16 12:23:39.779147, 2026-06-16 12:23:39.779147
<==      Total: 1
Closing non transactional SqlSession [org.apache.ibatis.session.defaults.DefaultSqlSession@7f57a7a4]
Creating a new SqlSession
SqlSession [org.apache.ibatis.session.defaults.DefaultSqlSession@28b7646] was not registered for synchronization because synchronization is not active
JDBC Connection [HikariProxyConnection@1076075316 wrapping conn0: url=jdbc:h2:mem:match_event_test user=SA] will not be managed by Spring
==>  Preparing: SELECT id,tournament_id,name,seed_rank,group_no,group_position,create_time FROM player WHERE (id IN (?,?))
==> Parameters: p-left(String), p-right(String)
<==    Columns: id, tournament_id, name, seed_rank, group_no, group_position, create_time
<==        Row: p-left, t-1, Left Team, null, null, null, 2026-06-16 12:23:39.780148
<==        Row: p-right, t-1, Right Team, null, null, null, 2026-06-16 12:23:39.781147
<==      Total: 2
Closing non transactional SqlSession [org.apache.ibatis.session.defaults.DefaultSqlSession@28b7646]
Creating a new SqlSession
SqlSession [org.apache.ibatis.session.defaults.DefaultSqlSession@24d73c51] was not registered for synchronization because synchronization is not active
JDBC Connection [HikariProxyConnection@999685353 wrapping conn0: url=jdbc:h2:mem:match_event_test user=SA] will not be managed by Spring
==>  Preparing: SELECT id,tournament_id,participant_id,name,jersey_number,is_libero AS libero,is_captain AS captain,display_order,create_time FROM tournament_team_member WHERE (tournament_id = ? AND participant_id IN (?,?)) ORDER BY participant_id ASC,display_order ASC,id ASC
==> Parameters: t-1(String), p-left(String), p-right(String)
<==    Columns: id, tournament_id, participant_id, name, jersey_number, libero, captain, display_order, create_time
<==        Row: l1, t-1, p-left, L1, 1, FALSE, TRUE, 1, 2026-06-16 12:23:39.781147
<==        Row: l2, t-1, p-left, L2, 2, FALSE, FALSE, 2, 2026-06-16 12:23:39.783497
<==        Row: l3, t-1, p-left, L3, 3, FALSE, FALSE, 3, 2026-06-16 12:23:39.786282
<==        Row: l4, t-1, p-left, L4, 4, FALSE, FALSE, 4, 2026-06-16 12:23:39.789125
<==        Row: l5, t-1, p-left, L5, 5, FALSE, FALSE, 5, 2026-06-16 12:23:39.791133
<==        Row: l6, t-1, p-left, L6, 6, FALSE, FALSE, 6, 2026-06-16 12:23:39.792132
<==        Row: l7, t-1, p-left, L7, 7, TRUE, FALSE, 7, 2026-06-16 12:23:39.794279
<==        Row: l8, t-1, p-left, L8, 8, FALSE, FALSE, 8, 2026-06-16 12:23:39.797281
<==        Row: r1, t-1, p-right, R1, 1, FALSE, TRUE, 1, 2026-06-16 12:23:39.782497
<==        Row: r2, t-1, p-right, R2, 2, FALSE, FALSE, 2, 2026-06-16 12:23:39.784499
<==        Row: r3, t-1, p-right, R3, 3, FALSE, FALSE, 3, 2026-06-16 12:23:39.787818
<==        Row: r4, t-1, p-right, R4, 4, FALSE, FALSE, 4, 2026-06-16 12:23:39.790133
<==        Row: r5, t-1, p-right, R5, 5, FALSE, FALSE, 5, 2026-06-16 12:23:39.792132
<==        Row: r6, t-1, p-right, R6, 6, FALSE, FALSE, 6, 2026-06-16 12:23:39.793278
<==        Row: r7, t-1, p-right, R7, 7, FALSE, FALSE, 7, 2026-06-16 12:23:39.795276
<==        Row: r8, t-1, p-right, R8, 8, FALSE, FALSE, 8, 2026-06-16 12:23:39.798281
<==      Total: 16
Closing non transactional SqlSession [org.apache.ibatis.session.defaults.DefaultSqlSession@24d73c51]
Creating a new SqlSession
SqlSession [org.apache.ibatis.session.defaults.DefaultSqlSession@9a16af1] was not registered for synchronization because synchronization is not active
JDBC Connection [HikariProxyConnection@1206325076 wrapping conn0: url=jdbc:h2:mem:match_event_test user=SA] will not be managed by Spring
==>  Preparing: SELECT id,match_id,event_seq,event_type,game_no,left_score,right_score,serve_side,payload_json,create_time FROM match_event WHERE (match_id = ?) ORDER BY event_seq ASC
==> Parameters: m-1(String)
<==    Columns: id, match_id, event_seq, event_type, game_no, left_score, right_score, serve_side, payload_json, create_time
<==        Row: 2066738452316467202, m-1, 1, roster_snapshot, 1, 0, 0, left, <<BLOB>>, 2026-06-16 12:23:39.844801
<==        Row: 2066738452316467203, m-1, 2, lineup_snapshot, 1, 0, 0, left, <<BLOB>>, 2026-06-16 12:23:39.845802
<==        Row: 2066738452316467204, m-1, 3, substitution, 1, 4, 3, right, <<BLOB>>, 2026-06-16 12:23:39.846802
<==        Row: 2066738452316467205, m-1, 4, timeout, 1, 8, 7, right, <<BLOB>>, 2026-06-16 12:23:39.846802
<==      Total: 4
Closing non transactional SqlSession [org.apache.ibatis.session.defaults.DefaultSqlSession@9a16af1]
Creating a new SqlSession
SqlSession [org.apache.ibatis.session.defaults.DefaultSqlSession@30a6984c] was not registered for synchronization because synchronization is not active
JDBC Connection [HikariProxyConnection@1160785510 wrapping conn0: url=jdbc:h2:mem:match_event_test user=SA] will not be managed by Spring
==>  Preparing: SELECT id,match_id,game_no,left_court_json,right_court_json,left_middle_pair_indexes_json,right_middle_pair_indexes_json,left_libero1_id,left_libero2_id,right_libero1_id,right_libero2_id,serve_side,create_time,update_time FROM match_lineup_config WHERE (match_id = ?) ORDER BY game_no ASC
==> Parameters: m-1(String)
<==    Columns: id, match_id, game_no, left_court_json, right_court_json, left_middle_pair_indexes_json, right_middle_pair_indexes_json, left_libero1_id, left_libero2_id, right_libero1_id, right_libero2_id, serve_side, create_time, update_time
<==        Row: lineup-1, m-1, 1, <<BLOB>>, <<BLOB>>, [1,4], [], l7, , , , left, 2026-06-16 12:23:39.82808, 2026-06-16 12:23:39.82808
<==      Total: 1
Closing non transactional SqlSession [org.apache.ibatis.session.defaults.DefaultSqlSession@30a6984c]
Creating a new SqlSession
SqlSession [org.apache.ibatis.session.defaults.DefaultSqlSession@47c422d3] was not registered for synchronization because synchronization is not active
JDBC Connection [HikariProxyConnection@942016720 wrapping conn0: url=jdbc:h2:mem:match_event_test user=SA] will not be managed by Spring
==>  Preparing: SELECT id,match_id,meta_json,create_time,update_time FROM match_report_meta WHERE (match_id = ?)
==> Parameters: m-1(String)
<==    Columns: id, match_id, meta_json, create_time, update_time
<==        Row: 2066738452249358338, m-1, <<BLOB>>, 2026-06-16 12:23:39.824079, 2026-06-16 12:23:39.824079
<==      Total: 1
Closing non transactional SqlSession [org.apache.ibatis.session.defaults.DefaultSqlSession@47c422d3]
2026-06-16 12:23:39.935 INFO  [main] com.scoring.backend.common.RequestLoggingFilter - request_done method=GET path=/api/v1/matches/m-1/record status=200 costMs=85 clientIp=127.0.0.1
]]></system-out>
    <system-err><![CDATA[[DEBUG buildGameRenderRecords] matchId=m-1 completedGames=0 lineupGames=[1] maxGameNo=1
]]></system-err>
  </testcase>
</testsuite>